Copyright 1986-2022 Xilinx, Inc. All Rights Reserved. Copyright 2022-2024 Advanced Micro Devices, Inc. All Rights Reserved.
------------------------------------------------------------------------------------------------------------------------------------------------------------------------------------
| Tool Version : Vivado v.2024.2.1 (lin64) Build 5266912 Sun Dec 15 09:03:31 MST 2024
| Date         : Mon Feb 10 14:07:50 2025
| Host         : work5.itiv.kit.edu running 64-bit Rocky Linux 9.5 (Blue Onyx)
| Command      : report_accelerator_utilization -kernels { harness:vitis_design_i/VitisRegion/harness_1/inst:harness_1} -file kernel_util_placed.rpt -name kernel_util_placed -json
| Design       : vitis_design_wrapper
| Device       : xcvc1902
| Design State : Fully Placed
------------------------------------------------------------------------------------------------------------------------------------------------------------------------------------

Accelerator Utilization Design Information

Table of Contents
-----------------
1. System Utilization

1. System Utilization
---------------------

+---------------------+-------------------+------------------+------------------+---------------+---------------+----------------+
| Name                | REG               | LUT              | LUTAsMem         | BRAM          | URAM          | DSP            |
+---------------------+-------------------+------------------+------------------+---------------+---------------+----------------+
| Platform            |   73908 [  4.11%] |  27207 [  3.02%] |   4118 [  0.92%] | 109 [ 11.27%] |   0 [  0.00%] |    0 [  0.00%] |
| User Budget         | 1725772 [100.00%] | 872633 [100.00%] | 445802 [100.00%] | 858 [100.00%] | 463 [100.00%] | 1968 [100.00%] |
|    Used Resources   |   20261 [  1.17%] |  22080 [  2.53%] |   2253 [  0.51%] |  30 [  3.50%] |   3 [  0.65%] |  118 [  6.00%] |
|    Unused Resources | 1705511 [ 98.83%] | 850553 [ 97.47%] | 443549 [ 99.49%] | 828 [ 96.50%] | 460 [ 99.35%] | 1850 [ 94.00%] |
| harness             |   20261 [  1.17%] |  22080 [  2.53%] |   2253 [  0.51%] |  30 [  3.50%] |   3 [  0.65%] |  118 [  6.00%] |
|    harness_1        |   20261 [  1.17%] |  22080 [  2.53%] |   2253 [  0.51%] |  30 [  3.50%] |   3 [  0.65%] |  118 [  6.00%] |
+---------------------+-------------------+------------------+------------------+---------------+---------------+----------------+


