Copyright 1986-2022 Xilinx, Inc. All Rights Reserved. Copyright 2022-2024 Advanced Micro Devices, Inc. All Rights Reserved.
--------------------------------------------------------------------------------------------------------------------------------------------------------------------------------------
| Tool Version : Vivado v.2024.2.1 (lin64) Build 5266912 Sun Dec 15 09:03:31 MST 2024
| Date         : Mon Feb 10 13:56:54 2025
| Host         : work5.itiv.kit.edu running 64-bit Rocky Linux 9.5 (Blue Onyx)
| Command      : report_accelerator_utilization -kernels { harness:vitis_design_i/VitisRegion/harness_1/inst:harness_1} -file kernel_util_synthed.rpt -name kernel_util_synthed -json
| Design       : vitis_design_wrapper
| Device       : xcvc1902
| Design State : Synthesized
--------------------------------------------------------------------------------------------------------------------------------------------------------------------------------------

Accelerator Utilization Design Information

Table of Contents
-----------------
1. System Utilization

1. System Utilization
---------------------

+---------------------+-------------------+------------------+------------------+---------------+---------------+----------------+
| Name                | REG               | LUT              | LUTAsMem         | BRAM          | URAM          | DSP            |
+---------------------+-------------------+------------------+------------------+---------------+---------------+----------------+
| Platform            |   86537 [  4.81%] |  33099 [  3.68%] |   5203 [  1.16%] | 109 [ 11.27%] |   0 [  0.00%] |    0 [  0.00%] |
| User Budget         | 1713143 [100.00%] | 866741 [100.00%] | 444717 [100.00%] | 858 [100.00%] | 463 [100.00%] | 1968 [100.00%] |
|    Used Resources   |   20291 [  1.18%] |  23011 [  2.65%] |   2871 [  0.65%] |  30 [  3.50%] |   3 [  0.65%] |  118 [  6.00%] |
|    Unused Resources | 1692852 [ 98.82%] | 843730 [ 97.35%] | 441846 [ 99.35%] | 828 [ 96.50%] | 460 [ 99.35%] | 1850 [ 94.00%] |
| harness             |   20291 [  1.18%] |  23011 [  2.65%] |   2871 [  0.65%] |  30 [  3.50%] |   3 [  0.65%] |  118 [  6.00%] |
|    harness_1        |   20291 [  1.18%] |  23011 [  2.65%] |   2871 [  0.65%] |  30 [  3.50%] |   3 [  0.65%] |  118 [  6.00%] |
+---------------------+-------------------+------------------+------------------+---------------+---------------+----------------+


