#-----------------------------------------------------------
# Vivado v2024.2.1 (64-bit)
# SW Build 5266912 on Sun Dec 15 09:03:31 MST 2024
# IP Build 5264866 on Sun Dec 15 16:27:47 MST 2024
# SharedData Build 5264680 on Wed Dec 11 12:48:36 MST 2024
# Start of session at: Mon Feb 10 13:36:35 2025
# Process ID         : 3640989
# Current directory  : /home/nv3401/Dokumente/git/belle2/ecl/caloclusternethls/targets/vck190_mve_bad/build/harness/hls/impl/ip
# Command line       : vivado -notrace -mode batch -source run_ippack.tcl
# Log file           : /home/nv3401/Dokumente/git/belle2/ecl/caloclusternethls/targets/vck190_mve_bad/build/harness/hls/impl/ip/vivado.log
# Journal file       : /home/nv3401/Dokumente/git/belle2/ecl/caloclusternethls/targets/vck190_mve_bad/build/harness/hls/impl/ip/vivado.jou
# Running On         : work5.itiv.kit.edu
# Platform           : RockyLinux
# Operating System   : Rocky Linux 9.5 (Blue Onyx)
# Processor Detail   : AMD EPYC 7702P 64-Core Processor
# CPU Frequency      : 3298.009 MHz
# CPU Physical cores : 64
# CPU Logical cores  : 128
# Host memory        : 540666 MB
# Swap memory        : 34359 MB
# Total Virtual      : 575026 MB
# Available Virtual  : 470666 MB
#-----------------------------------------------------------
source run_ippack.tcl -notrace
INFO: calling package_hls_ip ip_types=vitis sysgen json_file=/home/nv3401/Dokumente/git/belle2/ecl/caloclusternethls/targets/vck190_mve_bad/build/harness/hls/hls_data.json outdir=/home/nv3401/Dokumente/git/belle2/ecl/caloclusternethls/targets/vck190_mve_bad/build/harness/hls/impl/ip srcdir=/home/nv3401/Dokumente/git/belle2/ecl/caloclusternethls/targets/vck190_mve_bad/build/harness/hls sort_interfaces_ports=false
INFO: Copied 1 ipmisc file(s) to /home/nv3401/Dokumente/git/belle2/ecl/caloclusternethls/targets/vck190_mve_bad/build/harness/hls/impl/ip/misc
INFO: Copied 83 verilog file(s) to /home/nv3401/Dokumente/git/belle2/ecl/caloclusternethls/targets/vck190_mve_bad/build/harness/hls/impl/ip/hdl/verilog
INFO: Copied 78 vhdl file(s) to /home/nv3401/Dokumente/git/belle2/ecl/caloclusternethls/targets/vck190_mve_bad/build/harness/hls/impl/ip/hdl/vhdl
INFO: Copied 10 swdriver file(s) to /home/nv3401/Dokumente/git/belle2/ecl/caloclusternethls/targets/vck190_mve_bad/build/harness/hls/impl/ip/drivers
ipx::create_core: Time (s): cpu = 00:00:08 ; elapsed = 00:00:09 . Memory (MB): peak = 1759.055 ; gain = 140.938 ; free physical = 271779 ; free virtual = 448582
INFO: Import ports from HDL: /home/nv3401/Dokumente/git/belle2/ecl/caloclusternethls/targets/vck190_mve_bad/build/harness/hls/impl/ip/hdl/vhdl/harness.vhd (harness)
INFO: Add axi4lite interface s_axi_control
INFO: Add clock interface ap_clk
INFO: Add reset interface ap_rst_n
INFO: Add interrupt interface interrupt
INFO: [IP_Flow 19-234] Refreshing IP repositories
INFO: [IP_Flow 19-1704] No user IP repositories specified
INFO: [IP_Flow 19-2313] Loaded Vivado IP repository '/tools/xilinx/Vivado/2024.2/data/ip'.
INFO: Add axi4full interface m_axi_gmem0
INFO: Add axi4full interface m_axi_gmem1
INFO: Calling post_process_vitis to specialize IP
INFO: Calling post_process_sysgen to specialize IP
Generating sysgen info xml from json file
INFO: Created IP /home/nv3401/Dokumente/git/belle2/ecl/caloclusternethls/targets/vck190_mve_bad/build/harness/hls/impl/ip/component.xml
Generating XO file: harness.xo in directory /home/nv3401/Dokumente/git/belle2/ecl/caloclusternethls/targets/vck190_mve_bad/build/harness/hls/..
Running: package_xo -xo_path /home/nv3401/Dokumente/git/belle2/ecl/caloclusternethls/targets/vck190_mve_bad/build/harness/hls/../harness.xo -kernel_xml /home/nv3401/Dokumente/git/belle2/ecl/caloclusternethls/targets/vck190_mve_bad/build/harness/hls/kernel.xml -kernel_name harness -ip_directory /home/nv3401/Dokumente/git/belle2/ecl/caloclusternethls/targets/vck190_mve_bad/build/harness/hls/impl/ip -kernel_files {/home/nv3401/Dokumente/git/belle2/ecl/caloclusternethls/targets/vck190_mve_bad/build/harness/hls/../../../src/harness.cpp /home/nv3401/Dokumente/git/belle2/ecl/caloclusternethls/targets/vck190_mve_bad/build/harness/hls/../../../src/harness.h} -hls_directory /home/nv3401/Dokumente/git/belle2/ecl/caloclusternethls/targets/vck190_mve_bad/build/harness/hls/impl/misc/hls_files -kernel_json /home/nv3401/Dokumente/git/belle2/ecl/caloclusternethls/targets/vck190_mve_bad/build/harness/hls/hls_data.json
INFO: Created IP archive /home/nv3401/Dokumente/git/belle2/ecl/caloclusternethls/targets/vck190_mve_bad/build/harness/hls/impl/ip/xilinx_com_hls_harness_1_0.zip
INFO: [Common 17-206] Exiting Vivado at Mon Feb 10 13:37:05 2025...
