INFO: [v++ 60-1306] Additional information associated with this v++ package can be found at:
	Reports: /home/nv3401/Dokumente/git/belle2/ecl/caloclusternethls/targets/vck190_mve_bad/build/_x/reports/package
	Log files: /home/nv3401/Dokumente/git/belle2/ecl/caloclusternethls/targets/vck190_mve_bad/build/_x/logs/package
INFO: [v++ 60-1548] Creating build summary session with primary output /home/nv3401/Dokumente/git/belle2/ecl/caloclusternethls/targets/vck190_mve_bad/build/harness.xclbin.package_summary, at Mon Feb 10 14:18:45 2025
INFO: [v++ 60-1315] Creating rulecheck session with output '/home/nv3401/Dokumente/git/belle2/ecl/caloclusternethls/targets/vck190_mve_bad/build/_x/reports/package/v++_package_harness_guidance.html', at Mon Feb 10 14:18:45 2025
INFO: [v++ 60-895]   Target platform: /tools/xilinx/Vitis/2024.2/base_platforms/xilinx_vck190_base_202420_1/xilinx_vck190_base_202420_1.xpfm
INFO: [v++ 60-1578]   This platform contains Xilinx Shell Archive '/tools/xilinx/Vitis/2024.2/base_platforms/xilinx_vck190_base_202420_1/hw/hw.xsa'
INFO: [v++ 60-2256] Packaging for hardware
INFO: [v++ 82-3881] device architecture set to versal
INFO: [v++ 82-1012] deleting existing /home/nv3401/Dokumente/git/belle2/ecl/caloclusternethls/targets/vck190_mve_bad/build/boot_image.bif
INFO: [v++ 82-1022] generating /home/nv3401/Dokumente/git/belle2/ecl/caloclusternethls/targets/vck190_mve_bad/build/boot_image.bif
INFO: [v++ 82-3884] generating pdi for arch versal with bif /home/nv3401/Dokumente/git/belle2/ecl/caloclusternethls/targets/vck190_mve_bad/build/boot_image.bif
INFO: [v++ 82-1018] deleting existing sd_card directory
INFO: [v++ 82-1011] creating sd_card directory
INFO: [v++ 82-1083] Deleting existing sd_card.img
INFO: [v++ 82-3528] mkfsimage command run: /tools/xilinx/Vitis/2024.2/scripts/vitis/util/mkfsImage.sh -s /home/nv3401/Dokumente/git/belle2/ecl/caloclusternethls/targets/vck190_mve_bad/build/sd_card/ -o /home/nv3401/Dokumente/git/belle2/ecl/caloclusternethls/targets/vck190_mve_bad/build/sd_card.img -m 1 -e /home/nv3401/amd/2024.2/vck190/rootfs.ext4
INFO: [v++ 82-10329] EXT4 sd_card image is created.
INFO: [v++ 60-2460] Successfully copied a temporary xclbin to the output xclbin: /home/nv3401/Dokumente/git/belle2/ecl/caloclusternethls/targets/vck190_mve_bad/build/harness.xclbin
INFO: [v++ 60-2343] Use the Vitis Unified IDE to visualize and navigate the reports. Run the following command. 
    vitis -a/ --analyze /home/nv3401/Dokumente/git/belle2/ecl/caloclusternethls/targets/vck190_mve_bad/build/harness.xclbin.package_summary 
INFO: [v++ 60-791] Total elapsed time: 0h 0m 36s
