/home/nv3401/Dokumente/git/belle2/ecl/caloclusternethls/targets/vck190_mve_bad/build/harness/hls/.autopilot/db/harness.pp.0.cpp:22612:5: warning: Added loop label VITIS_LOOP_676_1:   [xilinx-label-all-loops]
    for (unsigned i = low; i != high+1; ++i) {
    ^~~
    VITIS_LOOP_676_1: 
/home/nv3401/Dokumente/git/belle2/ecl/caloclusternethls/targets/vck190_mve_bad/build/harness/hls/.autopilot/db/harness.pp.0.cpp:22612:5: note: FIX-IT applied suggested code changes
/home/nv3401/Dokumente/git/belle2/ecl/caloclusternethls/targets/vck190_mve_bad/build/harness/hls/.autopilot/db/harness.pp.0.cpp:22626:5: warning: Added loop label VITIS_LOOP_690_1:   [xilinx-label-all-loops]
    for (unsigned i = low; i != high+1; ++i) {
    ^~~
    VITIS_LOOP_690_1: 
/home/nv3401/Dokumente/git/belle2/ecl/caloclusternethls/targets/vck190_mve_bad/build/harness/hls/.autopilot/db/harness.pp.0.cpp:22626:5: note: FIX-IT applied suggested code changes
/home/nv3401/Dokumente/git/belle2/ecl/caloclusternethls/targets/vck190_mve_bad/build/harness/hls/.autopilot/db/harness.pp.0.cpp:22640:5: warning: Added loop label VITIS_LOOP_704_1:   [xilinx-label-all-loops]
    for (unsigned i = low; i != high+1; ++i) {
    ^~~
    VITIS_LOOP_704_1: 
/home/nv3401/Dokumente/git/belle2/ecl/caloclusternethls/targets/vck190_mve_bad/build/harness/hls/.autopilot/db/harness.pp.0.cpp:22640:5: note: FIX-IT applied suggested code changes
/home/nv3401/Dokumente/git/belle2/ecl/caloclusternethls/targets/vck190_mve_bad/build/harness/hls/.autopilot/db/harness.pp.0.cpp:24262:7: warning: Added loop label VITIS_LOOP_1248_1:   [xilinx-label-all-loops]
      for (i = 0; i < __N - 1; ++i) {
      ^~~
      VITIS_LOOP_1248_1: 
/home/nv3401/Dokumente/git/belle2/ecl/caloclusternethls/targets/vck190_mve_bad/build/harness/hls/.autopilot/db/harness.pp.0.cpp:24262:7: note: FIX-IT applied suggested code changes
/home/nv3401/Dokumente/git/belle2/ecl/caloclusternethls/targets/vck190_mve_bad/build/harness/hls/.autopilot/db/harness.pp.0.cpp:33544:72: error: Invalid Directive: for current device, ROM_1P + LUTRAM is invalid combination for BIND_STORAGE's option 'type + impl' [clang-diagnostic-error]
#pragma HLS BIND_STORAGE variable=fourth_order_double::sin_cos_K0 type=ROM_1P impl=LUTRAM
                                                                       ^
/home/nv3401/Dokumente/git/belle2/ecl/caloclusternethls/targets/vck190_mve_bad/build/harness/hls/.autopilot/db/harness.pp.0.cpp:33545:72: error: Invalid Directive: for current device, ROM_1P + LUTRAM is invalid combination for BIND_STORAGE's option 'type + impl' [clang-diagnostic-error]
#pragma HLS BIND_STORAGE variable=fourth_order_double::sin_cos_K1 type=ROM_1P impl=LUTRAM
                                                                       ^
/home/nv3401/Dokumente/git/belle2/ecl/caloclusternethls/targets/vck190_mve_bad/build/harness/hls/.autopilot/db/harness.pp.0.cpp:33546:72: error: Invalid Directive: for current device, ROM_1P + LUTRAM is invalid combination for BIND_STORAGE's option 'type + impl' [clang-diagnostic-error]
#pragma HLS BIND_STORAGE variable=fourth_order_double::sin_cos_K2 type=ROM_1P impl=LUTRAM
                                                                       ^
/home/nv3401/Dokumente/git/belle2/ecl/caloclusternethls/targets/vck190_mve_bad/build/harness/hls/.autopilot/db/harness.pp.0.cpp:33547:72: error: Invalid Directive: for current device, ROM_1P + LUTRAM is invalid combination for BIND_STORAGE's option 'type + impl' [clang-diagnostic-error]
#pragma HLS BIND_STORAGE variable=fourth_order_double::sin_cos_K3 type=ROM_1P impl=LUTRAM
                                                                       ^
/home/nv3401/Dokumente/git/belle2/ecl/caloclusternethls/targets/vck190_mve_bad/build/harness/hls/.autopilot/db/harness.pp.0.cpp:33548:72: error: Invalid Directive: for current device, ROM_1P + LUTRAM is invalid combination for BIND_STORAGE's option 'type + impl' [clang-diagnostic-error]
#pragma HLS BIND_STORAGE variable=fourth_order_double::sin_cos_K4 type=ROM_1P impl=LUTRAM
                                                                       ^
/home/nv3401/Dokumente/git/belle2/ecl/caloclusternethls/targets/vck190_mve_bad/build/harness/hls/.autopilot/db/harness.pp.0.cpp:33578:68: error: Invalid Directive: for current device, ROM_1P + LUTRAM is invalid combination for BIND_STORAGE's option 'type + impl' [clang-diagnostic-error]
#pragma HLS BIND_STORAGE variable=fourth_order_double::cos_K0 type=ROM_1P impl=LUTRAM
                                                                   ^
/home/nv3401/Dokumente/git/belle2/ecl/caloclusternethls/targets/vck190_mve_bad/build/harness/hls/.autopilot/db/harness.pp.0.cpp:33579:68: error: Invalid Directive: for current device, ROM_1P + LUTRAM is invalid combination for BIND_STORAGE's option 'type + impl' [clang-diagnostic-error]
#pragma HLS BIND_STORAGE variable=fourth_order_double::cos_K1 type=ROM_1P impl=LUTRAM
                                                                   ^
/home/nv3401/Dokumente/git/belle2/ecl/caloclusternethls/targets/vck190_mve_bad/build/harness/hls/.autopilot/db/harness.pp.0.cpp:33580:68: error: Invalid Directive: for current device, ROM_1P + LUTRAM is invalid combination for BIND_STORAGE's option 'type + impl' [clang-diagnostic-error]
#pragma HLS BIND_STORAGE variable=fourth_order_double::cos_K2 type=ROM_1P impl=LUTRAM
                                                                   ^
/home/nv3401/Dokumente/git/belle2/ecl/caloclusternethls/targets/vck190_mve_bad/build/harness/hls/.autopilot/db/harness.pp.0.cpp:33581:68: error: Invalid Directive: for current device, ROM_1P + LUTRAM is invalid combination for BIND_STORAGE's option 'type + impl' [clang-diagnostic-error]
#pragma HLS BIND_STORAGE variable=fourth_order_double::cos_K3 type=ROM_1P impl=LUTRAM
                                                                   ^
/home/nv3401/Dokumente/git/belle2/ecl/caloclusternethls/targets/vck190_mve_bad/build/harness/hls/.autopilot/db/harness.pp.0.cpp:33582:68: error: Invalid Directive: for current device, ROM_1P + LUTRAM is invalid combination for BIND_STORAGE's option 'type + impl' [clang-diagnostic-error]
#pragma HLS BIND_STORAGE variable=fourth_order_double::cos_K4 type=ROM_1P impl=LUTRAM
                                                                   ^
/home/nv3401/Dokumente/git/belle2/ecl/caloclusternethls/targets/vck190_mve_bad/build/harness/hls/.autopilot/db/harness.pp.0.cpp:33583:68: error: Invalid Directive: for current device, ROM_1P + LUTRAM is invalid combination for BIND_STORAGE's option 'type + impl' [clang-diagnostic-error]
#pragma HLS BIND_STORAGE variable=fourth_order_double::sin_K0 type=ROM_1P impl=LUTRAM
                                                                   ^
/home/nv3401/Dokumente/git/belle2/ecl/caloclusternethls/targets/vck190_mve_bad/build/harness/hls/.autopilot/db/harness.pp.0.cpp:33584:68: error: Invalid Directive: for current device, ROM_1P + LUTRAM is invalid combination for BIND_STORAGE's option 'type + impl' [clang-diagnostic-error]
#pragma HLS BIND_STORAGE variable=fourth_order_double::sin_K1 type=ROM_1P impl=LUTRAM
                                                                   ^
/home/nv3401/Dokumente/git/belle2/ecl/caloclusternethls/targets/vck190_mve_bad/build/harness/hls/.autopilot/db/harness.pp.0.cpp:33585:68: error: Invalid Directive: for current device, ROM_1P + LUTRAM is invalid combination for BIND_STORAGE's option 'type + impl' [clang-diagnostic-error]
#pragma HLS BIND_STORAGE variable=fourth_order_double::sin_K2 type=ROM_1P impl=LUTRAM
                                                                   ^
/home/nv3401/Dokumente/git/belle2/ecl/caloclusternethls/targets/vck190_mve_bad/build/harness/hls/.autopilot/db/harness.pp.0.cpp:33586:68: error: Invalid Directive: for current device, ROM_1P + LUTRAM is invalid combination for BIND_STORAGE's option 'type + impl' [clang-diagnostic-error]
#pragma HLS BIND_STORAGE variable=fourth_order_double::sin_K3 type=ROM_1P impl=LUTRAM
                                                                   ^
/home/nv3401/Dokumente/git/belle2/ecl/caloclusternethls/targets/vck190_mve_bad/build/harness/hls/.autopilot/db/harness.pp.0.cpp:33587:68: error: Invalid Directive: for current device, ROM_1P + LUTRAM is invalid combination for BIND_STORAGE's option 'type + impl' [clang-diagnostic-error]
#pragma HLS BIND_STORAGE variable=fourth_order_double::sin_K4 type=ROM_1P impl=LUTRAM
                                                                   ^
/home/nv3401/Dokumente/git/belle2/ecl/caloclusternethls/targets/vck190_mve_bad/build/harness/hls/.autopilot/db/harness.pp.0.cpp:33637:71: error: Invalid Directive: for current device, ROM_1P + LUTRAM is invalid combination for BIND_STORAGE's option 'type + impl' [clang-diagnostic-error]
#pragma HLS BIND_STORAGE variable=second_order_float::sin_cos_K0 type=ROM_1P impl=LUTRAM
                                                                      ^
/home/nv3401/Dokumente/git/belle2/ecl/caloclusternethls/targets/vck190_mve_bad/build/harness/hls/.autopilot/db/harness.pp.0.cpp:33638:71: error: Invalid Directive: for current device, ROM_1P + LUTRAM is invalid combination for BIND_STORAGE's option 'type + impl' [clang-diagnostic-error]
#pragma HLS BIND_STORAGE variable=second_order_float::sin_cos_K1 type=ROM_1P impl=LUTRAM
                                                                      ^
/home/nv3401/Dokumente/git/belle2/ecl/caloclusternethls/targets/vck190_mve_bad/build/harness/hls/.autopilot/db/harness.pp.0.cpp:33639:71: error: Invalid Directive: for current device, ROM_1P + LUTRAM is invalid combination for BIND_STORAGE's option 'type + impl' [clang-diagnostic-error]
#pragma HLS BIND_STORAGE variable=second_order_float::sin_cos_K2 type=ROM_1P impl=LUTRAM
                                                                      ^
/home/nv3401/Dokumente/git/belle2/ecl/caloclusternethls/targets/vck190_mve_bad/build/harness/hls/.autopilot/db/harness.pp.0.cpp:33666:67: error: Invalid Directive: for current device, ROM_1P + LUTRAM is invalid combination for BIND_STORAGE's option 'type + impl' [clang-diagnostic-error]
#pragma HLS BIND_STORAGE variable=second_order_float::cos_K0 type=ROM_1P impl=LUTRAM
                                                                  ^
/home/nv3401/Dokumente/git/belle2/ecl/caloclusternethls/targets/vck190_mve_bad/build/harness/hls/.autopilot/db/harness.pp.0.cpp:33667:67: error: Invalid Directive: for current device, ROM_1P + LUTRAM is invalid combination for BIND_STORAGE's option 'type + impl' [clang-diagnostic-error]
#pragma HLS BIND_STORAGE variable=second_order_float::cos_K1 type=ROM_1P impl=LUTRAM
                                                                  ^
/home/nv3401/Dokumente/git/belle2/ecl/caloclusternethls/targets/vck190_mve_bad/build/harness/hls/.autopilot/db/harness.pp.0.cpp:33668:67: error: Invalid Directive: for current device, ROM_1P + LUTRAM is invalid combination for BIND_STORAGE's option 'type + impl' [clang-diagnostic-error]
#pragma HLS BIND_STORAGE variable=second_order_float::cos_K2 type=ROM_1P impl=LUTRAM
                                                                  ^
/home/nv3401/Dokumente/git/belle2/ecl/caloclusternethls/targets/vck190_mve_bad/build/harness/hls/.autopilot/db/harness.pp.0.cpp:33669:67: error: Invalid Directive: for current device, ROM_1P + LUTRAM is invalid combination for BIND_STORAGE's option 'type + impl' [clang-diagnostic-error]
#pragma HLS BIND_STORAGE variable=second_order_float::sin_K0 type=ROM_1P impl=LUTRAM
                                                                  ^
/home/nv3401/Dokumente/git/belle2/ecl/caloclusternethls/targets/vck190_mve_bad/build/harness/hls/.autopilot/db/harness.pp.0.cpp:33670:67: error: Invalid Directive: for current device, ROM_1P + LUTRAM is invalid combination for BIND_STORAGE's option 'type + impl' [clang-diagnostic-error]
#pragma HLS BIND_STORAGE variable=second_order_float::sin_K1 type=ROM_1P impl=LUTRAM
                                                                  ^
/home/nv3401/Dokumente/git/belle2/ecl/caloclusternethls/targets/vck190_mve_bad/build/harness/hls/.autopilot/db/harness.pp.0.cpp:33671:67: error: Invalid Directive: for current device, ROM_1P + LUTRAM is invalid combination for BIND_STORAGE's option 'type + impl' [clang-diagnostic-error]
#pragma HLS BIND_STORAGE variable=second_order_float::sin_K2 type=ROM_1P impl=LUTRAM
                                                                  ^
/home/nv3401/Dokumente/git/belle2/ecl/caloclusternethls/targets/vck190_mve_bad/build/harness/hls/.autopilot/db/harness.pp.0.cpp:33707:73: error: Invalid Directive: for current device, ROM_1P + LUTRAM is invalid combination for BIND_STORAGE's option 'type + impl' [clang-diagnostic-error]
#pragma HLS BIND_STORAGE variable=first_order_fixed_16::sin_cos_K0 type=ROM_1P impl=LUTRAM
                                                                        ^
/home/nv3401/Dokumente/git/belle2/ecl/caloclusternethls/targets/vck190_mve_bad/build/harness/hls/.autopilot/db/harness.pp.0.cpp:33708:73: error: Invalid Directive: for current device, ROM_1P + LUTRAM is invalid combination for BIND_STORAGE's option 'type + impl' [clang-diagnostic-error]
#pragma HLS BIND_STORAGE variable=first_order_fixed_16::sin_cos_K1 type=ROM_1P impl=LUTRAM
                                                                        ^
/home/nv3401/Dokumente/git/belle2/ecl/caloclusternethls/targets/vck190_mve_bad/build/harness/hls/.autopilot/db/harness.pp.0.cpp:33982:5: warning: Added loop label VITIS_LOOP_61_1:   [xilinx-label-all-loops]
    for (int n=0; n<Nmax; n++){
    ^~~
    VITIS_LOOP_61_1: 
/home/nv3401/Dokumente/git/belle2/ecl/caloclusternethls/targets/vck190_mve_bad/build/harness/hls/.autopilot/db/harness.pp.0.cpp:33982:5: note: FIX-IT applied suggested code changes
/home/nv3401/Dokumente/git/belle2/ecl/caloclusternethls/targets/vck190_mve_bad/build/harness/hls/.autopilot/db/harness.pp.0.cpp:34028:5: warning: Added loop label VITIS_LOOP_117_1:   [xilinx-label-all-loops]
    for (int n=0; n<Nmax; n++){
    ^~~
    VITIS_LOOP_117_1: 
/home/nv3401/Dokumente/git/belle2/ecl/caloclusternethls/targets/vck190_mve_bad/build/harness/hls/.autopilot/db/harness.pp.0.cpp:34028:5: note: FIX-IT applied suggested code changes
/home/nv3401/Dokumente/git/belle2/ecl/caloclusternethls/targets/vck190_mve_bad/build/harness/hls/.autopilot/db/harness.pp.0.cpp:34191:9: warning: Added loop label VITIS_LOOP_289_1:   [xilinx-label-all-loops]
        for(int i=0;i<W-1;i++){
        ^~~
        VITIS_LOOP_289_1: 
/home/nv3401/Dokumente/git/belle2/ecl/caloclusternethls/targets/vck190_mve_bad/build/harness/hls/.autopilot/db/harness.pp.0.cpp:34191:9: note: FIX-IT applied suggested code changes
/home/nv3401/Dokumente/git/belle2/ecl/caloclusternethls/targets/vck190_mve_bad/build/harness/hls/.autopilot/db/harness.pp.0.cpp:34343:9: warning: Added loop label VITIS_LOOP_449_1:   [xilinx-label-all-loops]
        for(int i=0;i<W-1;i++){
        ^~~
        VITIS_LOOP_449_1: 
/home/nv3401/Dokumente/git/belle2/ecl/caloclusternethls/targets/vck190_mve_bad/build/harness/hls/.autopilot/db/harness.pp.0.cpp:34343:9: note: FIX-IT applied suggested code changes
/home/nv3401/Dokumente/git/belle2/ecl/caloclusternethls/targets/vck190_mve_bad/build/harness/hls/.autopilot/db/harness.pp.0.cpp:34523:5: warning: Added loop label VITIS_LOOP_629_1:   [xilinx-label-all-loops]
    for(int i=0;i<W+1;i++){
    ^~~
    VITIS_LOOP_629_1: 
/home/nv3401/Dokumente/git/belle2/ecl/caloclusternethls/targets/vck190_mve_bad/build/harness/hls/.autopilot/db/harness.pp.0.cpp:34523:5: note: FIX-IT applied suggested code changes
/home/nv3401/Dokumente/git/belle2/ecl/caloclusternethls/targets/vck190_mve_bad/build/harness/hls/.autopilot/db/harness.pp.0.cpp:34527:5: warning: Added loop label VITIS_LOOP_633_2:   [xilinx-label-all-loops]
    for(int i=0;i<W+1;i++){
    ^~~
    VITIS_LOOP_633_2: 
/home/nv3401/Dokumente/git/belle2/ecl/caloclusternethls/targets/vck190_mve_bad/build/harness/hls/.autopilot/db/harness.pp.0.cpp:34527:5: note: FIX-IT applied suggested code changes
/home/nv3401/Dokumente/git/belle2/ecl/caloclusternethls/targets/vck190_mve_bad/build/harness/hls/.autopilot/db/harness.pp.0.cpp:34637:5: warning: Added loop label VITIS_LOOP_743_1:   [xilinx-label-all-loops]
    for (int n=0; n<Nmax; n++){
    ^~~
    VITIS_LOOP_743_1: 
/home/nv3401/Dokumente/git/belle2/ecl/caloclusternethls/targets/vck190_mve_bad/build/harness/hls/.autopilot/db/harness.pp.0.cpp:34637:5: note: FIX-IT applied suggested code changes
/home/nv3401/Dokumente/git/belle2/ecl/caloclusternethls/targets/vck190_mve_bad/build/harness/hls/.autopilot/db/harness.pp.0.cpp:34727:7: warning: Added loop label VITIS_LOOP_840_1:   [xilinx-label-all-loops]
      for(int i=0;i<W-1;i++){
      ^~~
      VITIS_LOOP_840_1: 
/home/nv3401/Dokumente/git/belle2/ecl/caloclusternethls/targets/vck190_mve_bad/build/harness/hls/.autopilot/db/harness.pp.0.cpp:34727:7: note: FIX-IT applied suggested code changes
/home/nv3401/Dokumente/git/belle2/ecl/caloclusternethls/targets/vck190_mve_bad/build/harness/hls/.autopilot/db/harness.pp.0.cpp:34746:7: warning: Added loop label VITIS_LOOP_859_2:   [xilinx-label-all-loops]
      for(int i=0;i<W-1;i++){
      ^~~
      VITIS_LOOP_859_2: 
/home/nv3401/Dokumente/git/belle2/ecl/caloclusternethls/targets/vck190_mve_bad/build/harness/hls/.autopilot/db/harness.pp.0.cpp:34746:7: note: FIX-IT applied suggested code changes
/home/nv3401/Dokumente/git/belle2/ecl/caloclusternethls/targets/vck190_mve_bad/build/harness/hls/.autopilot/db/harness.pp.0.cpp:35036:5: warning: Added loop label VITIS_LOOP_1173_1:   [xilinx-label-all-loops]
    for(int i=0; i<Nmax; i++) {
    ^~~
    VITIS_LOOP_1173_1: 
/home/nv3401/Dokumente/git/belle2/ecl/caloclusternethls/targets/vck190_mve_bad/build/harness/hls/.autopilot/db/harness.pp.0.cpp:35036:5: note: FIX-IT applied suggested code changes
/home/nv3401/Dokumente/git/belle2/ecl/caloclusternethls/targets/vck190_mve_bad/build/harness/hls/.autopilot/db/harness.pp.0.cpp:35119:5: warning: Added loop label VITIS_LOOP_1256_1:   [xilinx-label-all-loops]
    for(int i=0; i<Nmax; i++) {
    ^~~
    VITIS_LOOP_1256_1: 
/home/nv3401/Dokumente/git/belle2/ecl/caloclusternethls/targets/vck190_mve_bad/build/harness/hls/.autopilot/db/harness.pp.0.cpp:35119:5: note: FIX-IT applied suggested code changes
/home/nv3401/Dokumente/git/belle2/ecl/caloclusternethls/targets/vck190_mve_bad/build/harness/hls/.autopilot/db/harness.pp.0.cpp:35525:13: warning: Added loop label VITIS_LOOP_68_1:   [xilinx-label-all-loops]
            for (int j = 3; j >= I_+1; j--) {
            ^~~
            VITIS_LOOP_68_1: 
/home/nv3401/Dokumente/git/belle2/ecl/caloclusternethls/targets/vck190_mve_bad/build/harness/hls/.autopilot/db/harness.pp.0.cpp:35525:13: note: FIX-IT applied suggested code changes
/home/nv3401/Dokumente/git/belle2/ecl/caloclusternethls/targets/vck190_mve_bad/build/harness/hls/.autopilot/db/harness.pp.0.cpp:35531:17: warning: Added loop label VITIS_LOOP_74_2:   [xilinx-label-all-loops]
                for (int j = 3; j >= I_+1; j--){
                ^~~
                VITIS_LOOP_74_2: 
/home/nv3401/Dokumente/git/belle2/ecl/caloclusternethls/targets/vck190_mve_bad/build/harness/hls/.autopilot/db/harness.pp.0.cpp:35531:17: note: FIX-IT applied suggested code changes
/home/nv3401/Dokumente/git/belle2/ecl/caloclusternethls/targets/vck190_mve_bad/build/harness/hls/.autopilot/db/harness.pp.0.cpp:35535:17: warning: Added loop label VITIS_LOOP_78_3:   [xilinx-label-all-loops]
                for (int j = I_; j >= 0; j--){
                ^~~
                VITIS_LOOP_78_3: 
/home/nv3401/Dokumente/git/belle2/ecl/caloclusternethls/targets/vck190_mve_bad/build/harness/hls/.autopilot/db/harness.pp.0.cpp:35535:17: note: FIX-IT applied suggested code changes
/home/nv3401/Dokumente/git/belle2/ecl/caloclusternethls/targets/vck190_mve_bad/build/harness/hls/.autopilot/db/harness.pp.0.cpp:35583:13: warning: Added loop label VITIS_LOOP_145_4:   [xilinx-label-all-loops]
            for (int j = 9; j >= I_+4; j--) {
            ^~~
            VITIS_LOOP_145_4: 
/home/nv3401/Dokumente/git/belle2/ecl/caloclusternethls/targets/vck190_mve_bad/build/harness/hls/.autopilot/db/harness.pp.0.cpp:35583:13: note: FIX-IT applied suggested code changes
/home/nv3401/Dokumente/git/belle2/ecl/caloclusternethls/targets/vck190_mve_bad/build/harness/hls/.autopilot/db/harness.pp.0.cpp:35589:17: warning: Added loop label VITIS_LOOP_151_5:   [xilinx-label-all-loops]
                for (int j = 9; j >= I_+4; j--){
                ^~~
                VITIS_LOOP_151_5: 
/home/nv3401/Dokumente/git/belle2/ecl/caloclusternethls/targets/vck190_mve_bad/build/harness/hls/.autopilot/db/harness.pp.0.cpp:35589:17: note: FIX-IT applied suggested code changes
/home/nv3401/Dokumente/git/belle2/ecl/caloclusternethls/targets/vck190_mve_bad/build/harness/hls/.autopilot/db/harness.pp.0.cpp:35593:17: warning: Added loop label VITIS_LOOP_155_6:   [xilinx-label-all-loops]
                for (int j = I_+3; j >= 0; j--){
                ^~~
                VITIS_LOOP_155_6: 
/home/nv3401/Dokumente/git/belle2/ecl/caloclusternethls/targets/vck190_mve_bad/build/harness/hls/.autopilot/db/harness.pp.0.cpp:35593:17: note: FIX-IT applied suggested code changes
/home/nv3401/Dokumente/git/belle2/ecl/caloclusternethls/targets/vck190_mve_bad/build/harness/hls/.autopilot/db/harness.pp.0.cpp:35608:9: warning: Added loop label VITIS_LOOP_170_7:   [xilinx-label-all-loops]
        for (int j = 14; j < 22; j++){
        ^~~
        VITIS_LOOP_170_7: 
/home/nv3401/Dokumente/git/belle2/ecl/caloclusternethls/targets/vck190_mve_bad/build/harness/hls/.autopilot/db/harness.pp.0.cpp:35608:9: note: FIX-IT applied suggested code changes
/home/nv3401/Dokumente/git/belle2/ecl/caloclusternethls/targets/vck190_mve_bad/build/harness/hls/.autopilot/db/harness.pp.0.cpp:35616:17: warning: Added loop label VITIS_LOOP_178_8:   [xilinx-label-all-loops]
                for (int j = 0; j < 22; j++){
                ^~~
                VITIS_LOOP_178_8: 
/home/nv3401/Dokumente/git/belle2/ecl/caloclusternethls/targets/vck190_mve_bad/build/harness/hls/.autopilot/db/harness.pp.0.cpp:35616:17: note: FIX-IT applied suggested code changes
/home/nv3401/Dokumente/git/belle2/ecl/caloclusternethls/targets/vck190_mve_bad/build/harness/hls/.autopilot/db/harness.pp.0.cpp:35681:13: warning: Added loop label VITIS_LOOP_243_9:   [xilinx-label-all-loops]
            for (int j = 21; j >= I_+10; j--) {
            ^~~
            VITIS_LOOP_243_9: 
/home/nv3401/Dokumente/git/belle2/ecl/caloclusternethls/targets/vck190_mve_bad/build/harness/hls/.autopilot/db/harness.pp.0.cpp:35681:13: note: FIX-IT applied suggested code changes
/home/nv3401/Dokumente/git/belle2/ecl/caloclusternethls/targets/vck190_mve_bad/build/harness/hls/.autopilot/db/harness.pp.0.cpp:35687:17: warning: Added loop label VITIS_LOOP_249_10:   [xilinx-label-all-loops]
                for (int j = 21; j >= I_+10; j--) {
                ^~~
                VITIS_LOOP_249_10: 
/home/nv3401/Dokumente/git/belle2/ecl/caloclusternethls/targets/vck190_mve_bad/build/harness/hls/.autopilot/db/harness.pp.0.cpp:35687:17: note: FIX-IT applied suggested code changes
/home/nv3401/Dokumente/git/belle2/ecl/caloclusternethls/targets/vck190_mve_bad/build/harness/hls/.autopilot/db/harness.pp.0.cpp:35691:17: warning: Added loop label VITIS_LOOP_253_11:   [xilinx-label-all-loops]
                for (int j = I_+9; j >= 0; j--) {
                ^~~
                VITIS_LOOP_253_11: 
/home/nv3401/Dokumente/git/belle2/ecl/caloclusternethls/targets/vck190_mve_bad/build/harness/hls/.autopilot/db/harness.pp.0.cpp:35691:17: note: FIX-IT applied suggested code changes
/home/nv3401/Dokumente/git/belle2/ecl/caloclusternethls/targets/vck190_mve_bad/build/harness/hls/.autopilot/db/harness.pp.0.cpp:35706:9: warning: Added loop label VITIS_LOOP_268_12:   [xilinx-label-all-loops]
        for (int j = 27; j < 46; j++){
        ^~~
        VITIS_LOOP_268_12: 
/home/nv3401/Dokumente/git/belle2/ecl/caloclusternethls/targets/vck190_mve_bad/build/harness/hls/.autopilot/db/harness.pp.0.cpp:35706:9: note: FIX-IT applied suggested code changes
/home/nv3401/Dokumente/git/belle2/ecl/caloclusternethls/targets/vck190_mve_bad/build/harness/hls/.autopilot/db/harness.pp.0.cpp:35714:17: warning: Added loop label VITIS_LOOP_276_13:   [xilinx-label-all-loops]
                for (int j = 0; j < 46; j++) {
                ^~~
                VITIS_LOOP_276_13: 
/home/nv3401/Dokumente/git/belle2/ecl/caloclusternethls/targets/vck190_mve_bad/build/harness/hls/.autopilot/db/harness.pp.0.cpp:35714:17: note: FIX-IT applied suggested code changes
/home/nv3401/Dokumente/git/belle2/ecl/caloclusternethls/targets/vck190_mve_bad/build/harness/hls/.autopilot/db/harness.pp.0.cpp:35943:13: warning: Added loop label VITIS_LOOP_505_14:   [xilinx-label-all-loops]
            for (int j = 45; j >= I_+22; j--) {
            ^~~
            VITIS_LOOP_505_14: 
/home/nv3401/Dokumente/git/belle2/ecl/caloclusternethls/targets/vck190_mve_bad/build/harness/hls/.autopilot/db/harness.pp.0.cpp:35943:13: note: FIX-IT applied suggested code changes
/home/nv3401/Dokumente/git/belle2/ecl/caloclusternethls/targets/vck190_mve_bad/build/harness/hls/.autopilot/db/harness.pp.0.cpp:35949:17: warning: Added loop label VITIS_LOOP_511_15:   [xilinx-label-all-loops]
                for (int j = 45; j >= I_+22; j--){
                ^~~
                VITIS_LOOP_511_15: 
/home/nv3401/Dokumente/git/belle2/ecl/caloclusternethls/targets/vck190_mve_bad/build/harness/hls/.autopilot/db/harness.pp.0.cpp:35949:17: note: FIX-IT applied suggested code changes
/home/nv3401/Dokumente/git/belle2/ecl/caloclusternethls/targets/vck190_mve_bad/build/harness/hls/.autopilot/db/harness.pp.0.cpp:35953:17: warning: Added loop label VITIS_LOOP_515_16:   [xilinx-label-all-loops]
                for (int j = I_+21; j >= 0; j--) {
                ^~~
                VITIS_LOOP_515_16: 
/home/nv3401/Dokumente/git/belle2/ecl/caloclusternethls/targets/vck190_mve_bad/build/harness/hls/.autopilot/db/harness.pp.0.cpp:35953:17: note: FIX-IT applied suggested code changes
/home/nv3401/Dokumente/git/belle2/ecl/caloclusternethls/targets/vck190_mve_bad/build/harness/hls/.autopilot/db/harness.pp.0.cpp:35963:9: warning: Added loop label VITIS_LOOP_525_17:   [xilinx-label-all-loops]
        for (int j = 32-F_; j < 32+I_; j++){
        ^~~
        VITIS_LOOP_525_17: 
/home/nv3401/Dokumente/git/belle2/ecl/caloclusternethls/targets/vck190_mve_bad/build/harness/hls/.autopilot/db/harness.pp.0.cpp:35963:9: note: FIX-IT applied suggested code changes
/home/nv3401/Dokumente/git/belle2/ecl/caloclusternethls/targets/vck190_mve_bad/build/harness/hls/.autopilot/db/harness.pp.0.cpp:35967:9: warning: Added loop label VITIS_LOOP_529_18:   [xilinx-label-all-loops]
        for (int j = 32+I_; j <= 64; j++){
        ^~~
        VITIS_LOOP_529_18: 
/home/nv3401/Dokumente/git/belle2/ecl/caloclusternethls/targets/vck190_mve_bad/build/harness/hls/.autopilot/db/harness.pp.0.cpp:35967:9: note: FIX-IT applied suggested code changes
/home/nv3401/Dokumente/git/belle2/ecl/caloclusternethls/targets/vck190_mve_bad/build/harness/hls/.autopilot/db/harness.pp.0.cpp:35977:9: warning: Added loop label VITIS_LOOP_539_19:   [xilinx-label-all-loops]
        for (int j = 37; j < 64; j++) {
        ^~~
        VITIS_LOOP_539_19: 
/home/nv3401/Dokumente/git/belle2/ecl/caloclusternethls/targets/vck190_mve_bad/build/harness/hls/.autopilot/db/harness.pp.0.cpp:35977:9: note: FIX-IT applied suggested code changes
/home/nv3401/Dokumente/git/belle2/ecl/caloclusternethls/targets/vck190_mve_bad/build/harness/hls/.autopilot/db/harness.pp.0.cpp:35985:17: warning: Added loop label VITIS_LOOP_547_20:   [xilinx-label-all-loops]
                for (int j = 0; j < 64; j++){
                ^~~
                VITIS_LOOP_547_20: 
/home/nv3401/Dokumente/git/belle2/ecl/caloclusternethls/targets/vck190_mve_bad/build/harness/hls/.autopilot/db/harness.pp.0.cpp:35985:17: note: FIX-IT applied suggested code changes
/home/nv3401/Dokumente/git/belle2/ecl/caloclusternethls/targets/vck190_mve_bad/build/harness/hls/.autopilot/db/harness.pp.0.cpp:36346:13: warning: Added loop label VITIS_LOOP_908_21:   [xilinx-label-all-loops]
            for (int j = 63; j >= I_+31; j--) {
            ^~~
            VITIS_LOOP_908_21: 
/home/nv3401/Dokumente/git/belle2/ecl/caloclusternethls/targets/vck190_mve_bad/build/harness/hls/.autopilot/db/harness.pp.0.cpp:36346:13: note: FIX-IT applied suggested code changes
/home/nv3401/Dokumente/git/belle2/ecl/caloclusternethls/targets/vck190_mve_bad/build/harness/hls/.autopilot/db/harness.pp.0.cpp:36352:17: warning: Added loop label VITIS_LOOP_914_22:   [xilinx-label-all-loops]
                for (int j = 63; j >= I_+31; j--) {
                ^~~
                VITIS_LOOP_914_22: 
/home/nv3401/Dokumente/git/belle2/ecl/caloclusternethls/targets/vck190_mve_bad/build/harness/hls/.autopilot/db/harness.pp.0.cpp:36352:17: note: FIX-IT applied suggested code changes
/home/nv3401/Dokumente/git/belle2/ecl/caloclusternethls/targets/vck190_mve_bad/build/harness/hls/.autopilot/db/harness.pp.0.cpp:36356:17: warning: Added loop label VITIS_LOOP_918_23:   [xilinx-label-all-loops]
                for (int j = I_+30; j >= 0; j--) {
                ^~~
                VITIS_LOOP_918_23: 
/home/nv3401/Dokumente/git/belle2/ecl/caloclusternethls/targets/vck190_mve_bad/build/harness/hls/.autopilot/db/harness.pp.0.cpp:36356:17: note: FIX-IT applied suggested code changes
/home/nv3401/Dokumente/git/belle2/ecl/caloclusternethls/targets/vck190_mve_bad/build/harness/hls/.autopilot/db/harness.pp.0.cpp:36472:13: warning: Added loop label VITIS_LOOP_1034_1:   [xilinx-label-all-loops]
            for (int j = 4; j >= I_+1; j--) {
            ^~~
            VITIS_LOOP_1034_1: 
/home/nv3401/Dokumente/git/belle2/ecl/caloclusternethls/targets/vck190_mve_bad/build/harness/hls/.autopilot/db/harness.pp.0.cpp:36472:13: note: FIX-IT applied suggested code changes
/home/nv3401/Dokumente/git/belle2/ecl/caloclusternethls/targets/vck190_mve_bad/build/harness/hls/.autopilot/db/harness.pp.0.cpp:36478:17: warning: Added loop label VITIS_LOOP_1040_2:   [xilinx-label-all-loops]
                for (int j = 4; j >= I_+1; j--) {
                ^~~
                VITIS_LOOP_1040_2: 
/home/nv3401/Dokumente/git/belle2/ecl/caloclusternethls/targets/vck190_mve_bad/build/harness/hls/.autopilot/db/harness.pp.0.cpp:36478:17: note: FIX-IT applied suggested code changes
/home/nv3401/Dokumente/git/belle2/ecl/caloclusternethls/targets/vck190_mve_bad/build/harness/hls/.autopilot/db/harness.pp.0.cpp:36482:17: warning: Added loop label VITIS_LOOP_1044_3:   [xilinx-label-all-loops]
                for (int j = I_; j >= 0; j--) {
                ^~~
                VITIS_LOOP_1044_3: 
/home/nv3401/Dokumente/git/belle2/ecl/caloclusternethls/targets/vck190_mve_bad/build/harness/hls/.autopilot/db/harness.pp.0.cpp:36482:17: note: FIX-IT applied suggested code changes
/home/nv3401/Dokumente/git/belle2/ecl/caloclusternethls/targets/vck190_mve_bad/build/harness/hls/.autopilot/db/harness.pp.0.cpp:36569:13: warning: Added loop label VITIS_LOOP_1131_4:   [xilinx-label-all-loops]
            for (int j = 10; j >= I_+4; j--) {
            ^~~
            VITIS_LOOP_1131_4: 
/home/nv3401/Dokumente/git/belle2/ecl/caloclusternethls/targets/vck190_mve_bad/build/harness/hls/.autopilot/db/harness.pp.0.cpp:36569:13: note: FIX-IT applied suggested code changes
/home/nv3401/Dokumente/git/belle2/ecl/caloclusternethls/targets/vck190_mve_bad/build/harness/hls/.autopilot/db/harness.pp.0.cpp:36575:17: warning: Added loop label VITIS_LOOP_1137_5:   [xilinx-label-all-loops]
                for (int j = 10; j >= I_+4; j--) {
                ^~~
                VITIS_LOOP_1137_5: 
/home/nv3401/Dokumente/git/belle2/ecl/caloclusternethls/targets/vck190_mve_bad/build/harness/hls/.autopilot/db/harness.pp.0.cpp:36575:17: note: FIX-IT applied suggested code changes
/home/nv3401/Dokumente/git/belle2/ecl/caloclusternethls/targets/vck190_mve_bad/build/harness/hls/.autopilot/db/harness.pp.0.cpp:36579:17: warning: Added loop label VITIS_LOOP_1141_6:   [xilinx-label-all-loops]
                for (int j = I_+3; j >= 0; j--) {
                ^~~
                VITIS_LOOP_1141_6: 
/home/nv3401/Dokumente/git/belle2/ecl/caloclusternethls/targets/vck190_mve_bad/build/harness/hls/.autopilot/db/harness.pp.0.cpp:36579:17: note: FIX-IT applied suggested code changes
/home/nv3401/Dokumente/git/belle2/ecl/caloclusternethls/targets/vck190_mve_bad/build/harness/hls/.autopilot/db/harness.pp.0.cpp:36598:9: warning: Added loop label VITIS_LOOP_1160_7:   [xilinx-label-all-loops]
        for (int j = wf+3; j < w-1; j++) {
        ^~~
        VITIS_LOOP_1160_7: 
/home/nv3401/Dokumente/git/belle2/ecl/caloclusternethls/targets/vck190_mve_bad/build/harness/hls/.autopilot/db/harness.pp.0.cpp:36598:9: note: FIX-IT applied suggested code changes
/home/nv3401/Dokumente/git/belle2/ecl/caloclusternethls/targets/vck190_mve_bad/build/harness/hls/.autopilot/db/harness.pp.0.cpp:36605:17: warning: Added loop label VITIS_LOOP_1167_8:   [xilinx-label-all-loops]
                for (int j = 0; j < 22; j++) {
                ^~~
                VITIS_LOOP_1167_8: 
/home/nv3401/Dokumente/git/belle2/ecl/caloclusternethls/targets/vck190_mve_bad/build/harness/hls/.autopilot/db/harness.pp.0.cpp:36605:17: note: FIX-IT applied suggested code changes
/home/nv3401/Dokumente/git/belle2/ecl/caloclusternethls/targets/vck190_mve_bad/build/harness/hls/.autopilot/db/harness.pp.0.cpp:36721:13: warning: Added loop label VITIS_LOOP_1283_9:   [xilinx-label-all-loops]
            for (int j = 22; j >= I_+10; j--) {
            ^~~
            VITIS_LOOP_1283_9: 
/home/nv3401/Dokumente/git/belle2/ecl/caloclusternethls/targets/vck190_mve_bad/build/harness/hls/.autopilot/db/harness.pp.0.cpp:36721:13: note: FIX-IT applied suggested code changes
/home/nv3401/Dokumente/git/belle2/ecl/caloclusternethls/targets/vck190_mve_bad/build/harness/hls/.autopilot/db/harness.pp.0.cpp:36727:17: warning: Added loop label VITIS_LOOP_1289_10:   [xilinx-label-all-loops]
                for (int j = 22; j >= I_+10; j--){
                ^~~
                VITIS_LOOP_1289_10: 
/home/nv3401/Dokumente/git/belle2/ecl/caloclusternethls/targets/vck190_mve_bad/build/harness/hls/.autopilot/db/harness.pp.0.cpp:36727:17: note: FIX-IT applied suggested code changes
/home/nv3401/Dokumente/git/belle2/ecl/caloclusternethls/targets/vck190_mve_bad/build/harness/hls/.autopilot/db/harness.pp.0.cpp:36731:17: warning: Added loop label VITIS_LOOP_1293_11:   [xilinx-label-all-loops]
                for (int j = I_+9; j >= 0; j--) {
                ^~~
                VITIS_LOOP_1293_11: 
/home/nv3401/Dokumente/git/belle2/ecl/caloclusternethls/targets/vck190_mve_bad/build/harness/hls/.autopilot/db/harness.pp.0.cpp:36731:17: note: FIX-IT applied suggested code changes
/home/nv3401/Dokumente/git/belle2/ecl/caloclusternethls/targets/vck190_mve_bad/build/harness/hls/.autopilot/db/harness.pp.0.cpp:36751:9: warning: Added loop label VITIS_LOOP_1313_12:   [xilinx-label-all-loops]
        for (int j = wf+4; j < w-1; j++){
        ^~~
        VITIS_LOOP_1313_12: 
/home/nv3401/Dokumente/git/belle2/ecl/caloclusternethls/targets/vck190_mve_bad/build/harness/hls/.autopilot/db/harness.pp.0.cpp:36751:9: note: FIX-IT applied suggested code changes
/home/nv3401/Dokumente/git/belle2/ecl/caloclusternethls/targets/vck190_mve_bad/build/harness/hls/.autopilot/db/harness.pp.0.cpp:36758:17: warning: Added loop label VITIS_LOOP_1320_13:   [xilinx-label-all-loops]
                for (int j = 0; j < 46; j++) {
                ^~~
                VITIS_LOOP_1320_13: 
/home/nv3401/Dokumente/git/belle2/ecl/caloclusternethls/targets/vck190_mve_bad/build/harness/hls/.autopilot/db/harness.pp.0.cpp:36758:17: note: FIX-IT applied suggested code changes
/home/nv3401/Dokumente/git/belle2/ecl/caloclusternethls/targets/vck190_mve_bad/build/harness/hls/.autopilot/db/harness.pp.0.cpp:37020:13: warning: Added loop label VITIS_LOOP_1582_14:   [xilinx-label-all-loops]
            for (int j = 46; j >= I_+22; j--) {
            ^~~
            VITIS_LOOP_1582_14: 
/home/nv3401/Dokumente/git/belle2/ecl/caloclusternethls/targets/vck190_mve_bad/build/harness/hls/.autopilot/db/harness.pp.0.cpp:37020:13: note: FIX-IT applied suggested code changes
/home/nv3401/Dokumente/git/belle2/ecl/caloclusternethls/targets/vck190_mve_bad/build/harness/hls/.autopilot/db/harness.pp.0.cpp:37026:17: warning: Added loop label VITIS_LOOP_1588_15:   [xilinx-label-all-loops]
                for (int j = 46; j >= I_+22; j--) {
                ^~~
                VITIS_LOOP_1588_15: 
/home/nv3401/Dokumente/git/belle2/ecl/caloclusternethls/targets/vck190_mve_bad/build/harness/hls/.autopilot/db/harness.pp.0.cpp:37026:17: note: FIX-IT applied suggested code changes
/home/nv3401/Dokumente/git/belle2/ecl/caloclusternethls/targets/vck190_mve_bad/build/harness/hls/.autopilot/db/harness.pp.0.cpp:37030:17: warning: Added loop label VITIS_LOOP_1592_16:   [xilinx-label-all-loops]
                for (int j = I_+21; j >= 0; j--) {
                ^~~
                VITIS_LOOP_1592_16: 
/home/nv3401/Dokumente/git/belle2/ecl/caloclusternethls/targets/vck190_mve_bad/build/harness/hls/.autopilot/db/harness.pp.0.cpp:37030:17: note: FIX-IT applied suggested code changes
/home/nv3401/Dokumente/git/belle2/ecl/caloclusternethls/targets/vck190_mve_bad/build/harness/hls/.autopilot/db/harness.pp.0.cpp:37054:9: warning: Added loop label VITIS_LOOP_1616_17:   [xilinx-label-all-loops]
        for (int j = wf+5; j < w-1; j++){
        ^~~
        VITIS_LOOP_1616_17: 
/home/nv3401/Dokumente/git/belle2/ecl/caloclusternethls/targets/vck190_mve_bad/build/harness/hls/.autopilot/db/harness.pp.0.cpp:37054:9: note: FIX-IT applied suggested code changes
/home/nv3401/Dokumente/git/belle2/ecl/caloclusternethls/targets/vck190_mve_bad/build/harness/hls/.autopilot/db/harness.pp.0.cpp:37061:17: warning: Added loop label VITIS_LOOP_1623_18:   [xilinx-label-all-loops]
                for (int j = 0; j < 64; j++) {
                ^~~
                VITIS_LOOP_1623_18: 
/home/nv3401/Dokumente/git/belle2/ecl/caloclusternethls/targets/vck190_mve_bad/build/harness/hls/.autopilot/db/harness.pp.0.cpp:37061:17: note: FIX-IT applied suggested code changes
/home/nv3401/Dokumente/git/belle2/ecl/caloclusternethls/targets/vck190_mve_bad/build/harness/hls/.autopilot/db/harness.pp.0.cpp:37491:13: warning: Added loop label VITIS_LOOP_2053_19:   [xilinx-label-all-loops]
            for (int j = 64; j >= I_+31; j--) {
            ^~~
            VITIS_LOOP_2053_19: 
/home/nv3401/Dokumente/git/belle2/ecl/caloclusternethls/targets/vck190_mve_bad/build/harness/hls/.autopilot/db/harness.pp.0.cpp:37491:13: note: FIX-IT applied suggested code changes
/home/nv3401/Dokumente/git/belle2/ecl/caloclusternethls/targets/vck190_mve_bad/build/harness/hls/.autopilot/db/harness.pp.0.cpp:37497:17: warning: Added loop label VITIS_LOOP_2059_20:   [xilinx-label-all-loops]
                for (int j = 64; j >= I_+31; j--) {
                ^~~
                VITIS_LOOP_2059_20: 
/home/nv3401/Dokumente/git/belle2/ecl/caloclusternethls/targets/vck190_mve_bad/build/harness/hls/.autopilot/db/harness.pp.0.cpp:37497:17: note: FIX-IT applied suggested code changes
/home/nv3401/Dokumente/git/belle2/ecl/caloclusternethls/targets/vck190_mve_bad/build/harness/hls/.autopilot/db/harness.pp.0.cpp:37501:17: warning: Added loop label VITIS_LOOP_2063_21:   [xilinx-label-all-loops]
                for (int j = I_+30; j >= 0; j--) {
                ^~~
                VITIS_LOOP_2063_21: 
/home/nv3401/Dokumente/git/belle2/ecl/caloclusternethls/targets/vck190_mve_bad/build/harness/hls/.autopilot/db/harness.pp.0.cpp:37501:17: note: FIX-IT applied suggested code changes
/home/nv3401/Dokumente/git/belle2/ecl/caloclusternethls/targets/vck190_mve_bad/build/harness/hls/.autopilot/db/harness.pp.0.cpp:37631:13: warning: Added loop label VITIS_LOOP_2193_1:   [xilinx-label-all-loops]
            for(int j=3; j>=I+1; j--) {
            ^~~
            VITIS_LOOP_2193_1: 
/home/nv3401/Dokumente/git/belle2/ecl/caloclusternethls/targets/vck190_mve_bad/build/harness/hls/.autopilot/db/harness.pp.0.cpp:37631:13: note: FIX-IT applied suggested code changes
/home/nv3401/Dokumente/git/belle2/ecl/caloclusternethls/targets/vck190_mve_bad/build/harness/hls/.autopilot/db/harness.pp.0.cpp:37638:17: warning: Added loop label VITIS_LOOP_2200_2:   [xilinx-label-all-loops]
                for(int j=3; j>=I+1; j--) {
                ^~~
                VITIS_LOOP_2200_2: 
/home/nv3401/Dokumente/git/belle2/ecl/caloclusternethls/targets/vck190_mve_bad/build/harness/hls/.autopilot/db/harness.pp.0.cpp:37638:17: note: FIX-IT applied suggested code changes
/home/nv3401/Dokumente/git/belle2/ecl/caloclusternethls/targets/vck190_mve_bad/build/harness/hls/.autopilot/db/harness.pp.0.cpp:37642:17: warning: Added loop label VITIS_LOOP_2204_3:   [xilinx-label-all-loops]
                for(int j=I; j>=0; j--) {
                ^~~
                VITIS_LOOP_2204_3: 
/home/nv3401/Dokumente/git/belle2/ecl/caloclusternethls/targets/vck190_mve_bad/build/harness/hls/.autopilot/db/harness.pp.0.cpp:37642:17: note: FIX-IT applied suggested code changes
/home/nv3401/Dokumente/git/belle2/ecl/caloclusternethls/targets/vck190_mve_bad/build/harness/hls/.autopilot/db/harness.pp.0.cpp:37689:13: warning: Added loop label VITIS_LOOP_2251_4:   [xilinx-label-all-loops]
            for(int j=7; j>=3+I; j--) {
            ^~~
            VITIS_LOOP_2251_4: 
/home/nv3401/Dokumente/git/belle2/ecl/caloclusternethls/targets/vck190_mve_bad/build/harness/hls/.autopilot/db/harness.pp.0.cpp:37689:13: note: FIX-IT applied suggested code changes
/home/nv3401/Dokumente/git/belle2/ecl/caloclusternethls/targets/vck190_mve_bad/build/harness/hls/.autopilot/db/harness.pp.0.cpp:37696:17: warning: Added loop label VITIS_LOOP_2258_5:   [xilinx-label-all-loops]
                for(int j=7; j>=3+I; j--) {
                ^~~
                VITIS_LOOP_2258_5: 
/home/nv3401/Dokumente/git/belle2/ecl/caloclusternethls/targets/vck190_mve_bad/build/harness/hls/.autopilot/db/harness.pp.0.cpp:37696:17: note: FIX-IT applied suggested code changes
/home/nv3401/Dokumente/git/belle2/ecl/caloclusternethls/targets/vck190_mve_bad/build/harness/hls/.autopilot/db/harness.pp.0.cpp:37700:17: warning: Added loop label VITIS_LOOP_2262_6:   [xilinx-label-all-loops]
                for(int j=I+2; j>=0; j--) {
                ^~~
                VITIS_LOOP_2262_6: 
/home/nv3401/Dokumente/git/belle2/ecl/caloclusternethls/targets/vck190_mve_bad/build/harness/hls/.autopilot/db/harness.pp.0.cpp:37700:17: note: FIX-IT applied suggested code changes
/home/nv3401/Dokumente/git/belle2/ecl/caloclusternethls/targets/vck190_mve_bad/build/harness/hls/.autopilot/db/harness.pp.0.cpp:37718:9: warning: Added loop label VITIS_LOOP_2280_7:   [xilinx-label-all-loops]
        for(int j=11; j<16; j++) {
        ^~~
        VITIS_LOOP_2280_7: 
/home/nv3401/Dokumente/git/belle2/ecl/caloclusternethls/targets/vck190_mve_bad/build/harness/hls/.autopilot/db/harness.pp.0.cpp:37718:9: note: FIX-IT applied suggested code changes
/home/nv3401/Dokumente/git/belle2/ecl/caloclusternethls/targets/vck190_mve_bad/build/harness/hls/.autopilot/db/harness.pp.0.cpp:37773:13: warning: Added loop label VITIS_LOOP_2335_8:   [xilinx-label-all-loops]
            for(int j=15; j>=7+I; j--) {
            ^~~
            VITIS_LOOP_2335_8: 
/home/nv3401/Dokumente/git/belle2/ecl/caloclusternethls/targets/vck190_mve_bad/build/harness/hls/.autopilot/db/harness.pp.0.cpp:37773:13: note: FIX-IT applied suggested code changes
/home/nv3401/Dokumente/git/belle2/ecl/caloclusternethls/targets/vck190_mve_bad/build/harness/hls/.autopilot/db/harness.pp.0.cpp:37780:17: warning: Added loop label VITIS_LOOP_2342_9:   [xilinx-label-all-loops]
                for(int j=15; j>=7+I; j--) {
                ^~~
                VITIS_LOOP_2342_9: 
/home/nv3401/Dokumente/git/belle2/ecl/caloclusternethls/targets/vck190_mve_bad/build/harness/hls/.autopilot/db/harness.pp.0.cpp:37780:17: note: FIX-IT applied suggested code changes
/home/nv3401/Dokumente/git/belle2/ecl/caloclusternethls/targets/vck190_mve_bad/build/harness/hls/.autopilot/db/harness.pp.0.cpp:37784:17: warning: Added loop label VITIS_LOOP_2346_10:   [xilinx-label-all-loops]
                for(int j=6+I; j>=0; j--) {
                ^~~
                VITIS_LOOP_2346_10: 
/home/nv3401/Dokumente/git/belle2/ecl/caloclusternethls/targets/vck190_mve_bad/build/harness/hls/.autopilot/db/harness.pp.0.cpp:37784:17: note: FIX-IT applied suggested code changes
/home/nv3401/Dokumente/git/belle2/ecl/caloclusternethls/targets/vck190_mve_bad/build/harness/hls/.autopilot/db/harness.pp.0.cpp:37802:9: warning: Added loop label VITIS_LOOP_2364_11:   [xilinx-label-all-loops]
        for(int j=20; j<32; j++) {
        ^~~
        VITIS_LOOP_2364_11: 
/home/nv3401/Dokumente/git/belle2/ecl/caloclusternethls/targets/vck190_mve_bad/build/harness/hls/.autopilot/db/harness.pp.0.cpp:37802:9: note: FIX-IT applied suggested code changes
/home/nv3401/Dokumente/git/belle2/ecl/caloclusternethls/targets/vck190_mve_bad/build/harness/hls/.autopilot/db/harness.pp.0.cpp:37891:13: warning: Added loop label VITIS_LOOP_2453_12:   [xilinx-label-all-loops]
            for(int j=31; j>=I+15; j--) {
            ^~~
            VITIS_LOOP_2453_12: 
/home/nv3401/Dokumente/git/belle2/ecl/caloclusternethls/targets/vck190_mve_bad/build/harness/hls/.autopilot/db/harness.pp.0.cpp:37891:13: note: FIX-IT applied suggested code changes
/home/nv3401/Dokumente/git/belle2/ecl/caloclusternethls/targets/vck190_mve_bad/build/harness/hls/.autopilot/db/harness.pp.0.cpp:37898:17: warning: Added loop label VITIS_LOOP_2460_13:   [xilinx-label-all-loops]
                for(int j=31; j>=I+15; j--) {
                ^~~
                VITIS_LOOP_2460_13: 
/home/nv3401/Dokumente/git/belle2/ecl/caloclusternethls/targets/vck190_mve_bad/build/harness/hls/.autopilot/db/harness.pp.0.cpp:37898:17: note: FIX-IT applied suggested code changes
/home/nv3401/Dokumente/git/belle2/ecl/caloclusternethls/targets/vck190_mve_bad/build/harness/hls/.autopilot/db/harness.pp.0.cpp:37902:17: warning: Added loop label VITIS_LOOP_2464_14:   [xilinx-label-all-loops]
                for(int j=I+14; j>=0; j--) {
                ^~~
                VITIS_LOOP_2464_14: 
/home/nv3401/Dokumente/git/belle2/ecl/caloclusternethls/targets/vck190_mve_bad/build/harness/hls/.autopilot/db/harness.pp.0.cpp:37902:17: note: FIX-IT applied suggested code changes
/home/nv3401/Dokumente/git/belle2/ecl/caloclusternethls/targets/vck190_mve_bad/build/harness/hls/.autopilot/db/harness.pp.0.cpp:37912:9: warning: Added loop label VITIS_LOOP_2474_15:   [xilinx-label-all-loops]
        for(int j=32-F; j<32+I; j++) {
        ^~~
        VITIS_LOOP_2474_15: 
/home/nv3401/Dokumente/git/belle2/ecl/caloclusternethls/targets/vck190_mve_bad/build/harness/hls/.autopilot/db/harness.pp.0.cpp:37912:9: note: FIX-IT applied suggested code changes
/home/nv3401/Dokumente/git/belle2/ecl/caloclusternethls/targets/vck190_mve_bad/build/harness/hls/.autopilot/db/harness.pp.0.cpp:37916:9: warning: Added loop label VITIS_LOOP_2478_16:   [xilinx-label-all-loops]
        for(int j=32+I; j<=64; j++) {
        ^~~
        VITIS_LOOP_2478_16: 
/home/nv3401/Dokumente/git/belle2/ecl/caloclusternethls/targets/vck190_mve_bad/build/harness/hls/.autopilot/db/harness.pp.0.cpp:37916:9: note: FIX-IT applied suggested code changes
/home/nv3401/Dokumente/git/belle2/ecl/caloclusternethls/targets/vck190_mve_bad/build/harness/hls/.autopilot/db/harness.pp.0.cpp:37927:9: warning: Added loop label VITIS_LOOP_2489_17:   [xilinx-label-all-loops]
        for(int j=37; j<64; j++) {
        ^~~
        VITIS_LOOP_2489_17: 
/home/nv3401/Dokumente/git/belle2/ecl/caloclusternethls/targets/vck190_mve_bad/build/harness/hls/.autopilot/db/harness.pp.0.cpp:37927:9: note: FIX-IT applied suggested code changes
/home/nv3401/Dokumente/git/belle2/ecl/caloclusternethls/targets/vck190_mve_bad/build/harness/hls/.autopilot/db/harness.pp.0.cpp:37935:17: warning: Added loop label VITIS_LOOP_2497_18:   [xilinx-label-all-loops]
                for(int j=0; j<64; j++) {
                ^~~
                VITIS_LOOP_2497_18: 
/home/nv3401/Dokumente/git/belle2/ecl/caloclusternethls/targets/vck190_mve_bad/build/harness/hls/.autopilot/db/harness.pp.0.cpp:37935:17: note: FIX-IT applied suggested code changes
/home/nv3401/Dokumente/git/belle2/ecl/caloclusternethls/targets/vck190_mve_bad/build/harness/hls/.autopilot/db/harness.pp.0.cpp:38260:13: warning: Added loop label VITIS_LOOP_2822_19:   [xilinx-label-all-loops]
            for(int j=63; j>=I+31; j--) {
            ^~~
            VITIS_LOOP_2822_19: 
/home/nv3401/Dokumente/git/belle2/ecl/caloclusternethls/targets/vck190_mve_bad/build/harness/hls/.autopilot/db/harness.pp.0.cpp:38260:13: note: FIX-IT applied suggested code changes
/home/nv3401/Dokumente/git/belle2/ecl/caloclusternethls/targets/vck190_mve_bad/build/harness/hls/.autopilot/db/harness.pp.0.cpp:38267:17: warning: Added loop label VITIS_LOOP_2829_20:   [xilinx-label-all-loops]
                for(int j=63; j>=I+31; j--) {
                ^~~
                VITIS_LOOP_2829_20: 
/home/nv3401/Dokumente/git/belle2/ecl/caloclusternethls/targets/vck190_mve_bad/build/harness/hls/.autopilot/db/harness.pp.0.cpp:38267:17: note: FIX-IT applied suggested code changes
/home/nv3401/Dokumente/git/belle2/ecl/caloclusternethls/targets/vck190_mve_bad/build/harness/hls/.autopilot/db/harness.pp.0.cpp:38271:17: warning: Added loop label VITIS_LOOP_2833_21:   [xilinx-label-all-loops]
                for(int j=I+30; j>=0; j--) {
                ^~~
                VITIS_LOOP_2833_21: 
/home/nv3401/Dokumente/git/belle2/ecl/caloclusternethls/targets/vck190_mve_bad/build/harness/hls/.autopilot/db/harness.pp.0.cpp:38271:17: note: FIX-IT applied suggested code changes
/home/nv3401/Dokumente/git/belle2/ecl/caloclusternethls/targets/vck190_mve_bad/build/harness/hls/.autopilot/db/harness.pp.0.cpp:38359:4: warning: Added loop label VITIS_LOOP_2921_1:   [xilinx-label-all-loops]
   for(int j = 5; j>=I_+2; j--) {
   ^~~
   VITIS_LOOP_2921_1: 
/home/nv3401/Dokumente/git/belle2/ecl/caloclusternethls/targets/vck190_mve_bad/build/harness/hls/.autopilot/db/harness.pp.0.cpp:38359:4: note: FIX-IT applied suggested code changes
/home/nv3401/Dokumente/git/belle2/ecl/caloclusternethls/targets/vck190_mve_bad/build/harness/hls/.autopilot/db/harness.pp.0.cpp:38366:5: warning: Added loop label VITIS_LOOP_2928_2:   [xilinx-label-all-loops]
    for(int j = 5; j>=I_+2; j--) {
    ^~~
    VITIS_LOOP_2928_2: 
/home/nv3401/Dokumente/git/belle2/ecl/caloclusternethls/targets/vck190_mve_bad/build/harness/hls/.autopilot/db/harness.pp.0.cpp:38366:5: note: FIX-IT applied suggested code changes
/home/nv3401/Dokumente/git/belle2/ecl/caloclusternethls/targets/vck190_mve_bad/build/harness/hls/.autopilot/db/harness.pp.0.cpp:38370:5: warning: Added loop label VITIS_LOOP_2932_3:   [xilinx-label-all-loops]
    for(int j = I_+1; j>=0; j--) {
    ^~~
    VITIS_LOOP_2932_3: 
/home/nv3401/Dokumente/git/belle2/ecl/caloclusternethls/targets/vck190_mve_bad/build/harness/hls/.autopilot/db/harness.pp.0.cpp:38370:5: note: FIX-IT applied suggested code changes
/home/nv3401/Dokumente/git/belle2/ecl/caloclusternethls/targets/vck190_mve_bad/build/harness/hls/.autopilot/db/harness.pp.0.cpp:38385:3: warning: Added loop label VITIS_LOOP_2947_4:   [xilinx-label-all-loops]
  for(int j = 11; j >=7; j--) {
  ^~~
  VITIS_LOOP_2947_4: 
/home/nv3401/Dokumente/git/belle2/ecl/caloclusternethls/targets/vck190_mve_bad/build/harness/hls/.autopilot/db/harness.pp.0.cpp:38385:3: note: FIX-IT applied suggested code changes
/home/nv3401/Dokumente/git/belle2/ecl/caloclusternethls/targets/vck190_mve_bad/build/harness/hls/.autopilot/db/harness.pp.0.cpp:38417:4: warning: Added loop label VITIS_LOOP_2979_5:   [xilinx-label-all-loops]
   for(int j = 11; j >= I_+5; j--) {
   ^~~
   VITIS_LOOP_2979_5: 
/home/nv3401/Dokumente/git/belle2/ecl/caloclusternethls/targets/vck190_mve_bad/build/harness/hls/.autopilot/db/harness.pp.0.cpp:38417:4: note: FIX-IT applied suggested code changes
/home/nv3401/Dokumente/git/belle2/ecl/caloclusternethls/targets/vck190_mve_bad/build/harness/hls/.autopilot/db/harness.pp.0.cpp:38424:5: warning: Added loop label VITIS_LOOP_2986_6:   [xilinx-label-all-loops]
    for(int j = 11; j>= I_+5; j--) {
    ^~~
    VITIS_LOOP_2986_6: 
/home/nv3401/Dokumente/git/belle2/ecl/caloclusternethls/targets/vck190_mve_bad/build/harness/hls/.autopilot/db/harness.pp.0.cpp:38424:5: note: FIX-IT applied suggested code changes
/home/nv3401/Dokumente/git/belle2/ecl/caloclusternethls/targets/vck190_mve_bad/build/harness/hls/.autopilot/db/harness.pp.0.cpp:38428:5: warning: Added loop label VITIS_LOOP_2990_7:   [xilinx-label-all-loops]
    for(int j = I_+4; j>=0; j--) {
    ^~~
    VITIS_LOOP_2990_7: 
/home/nv3401/Dokumente/git/belle2/ecl/caloclusternethls/targets/vck190_mve_bad/build/harness/hls/.autopilot/db/harness.pp.0.cpp:38428:5: note: FIX-IT applied suggested code changes
/home/nv3401/Dokumente/git/belle2/ecl/caloclusternethls/targets/vck190_mve_bad/build/harness/hls/.autopilot/db/harness.pp.0.cpp:38443:3: warning: Added loop label VITIS_LOOP_3005_8:   [xilinx-label-all-loops]
  for(int j = 25; j>=15; j--) {
  ^~~
  VITIS_LOOP_3005_8: 
/home/nv3401/Dokumente/git/belle2/ecl/caloclusternethls/targets/vck190_mve_bad/build/harness/hls/.autopilot/db/harness.pp.0.cpp:38443:3: note: FIX-IT applied suggested code changes
/home/nv3401/Dokumente/git/belle2/ecl/caloclusternethls/targets/vck190_mve_bad/build/harness/hls/.autopilot/db/harness.pp.0.cpp:38493:4: warning: Added loop label VITIS_LOOP_3055_9:   [xilinx-label-all-loops]
   for(int j = 25; j>= I_+12; j--) {
   ^~~
   VITIS_LOOP_3055_9: 
/home/nv3401/Dokumente/git/belle2/ecl/caloclusternethls/targets/vck190_mve_bad/build/harness/hls/.autopilot/db/harness.pp.0.cpp:38493:4: note: FIX-IT applied suggested code changes
/home/nv3401/Dokumente/git/belle2/ecl/caloclusternethls/targets/vck190_mve_bad/build/harness/hls/.autopilot/db/harness.pp.0.cpp:38500:5: warning: Added loop label VITIS_LOOP_3062_10:   [xilinx-label-all-loops]
    for(int j = 25; j>=I_+12; j--) {
    ^~~
    VITIS_LOOP_3062_10: 
/home/nv3401/Dokumente/git/belle2/ecl/caloclusternethls/targets/vck190_mve_bad/build/harness/hls/.autopilot/db/harness.pp.0.cpp:38500:5: note: FIX-IT applied suggested code changes
/home/nv3401/Dokumente/git/belle2/ecl/caloclusternethls/targets/vck190_mve_bad/build/harness/hls/.autopilot/db/harness.pp.0.cpp:38504:5: warning: Added loop label VITIS_LOOP_3066_11:   [xilinx-label-all-loops]
    for(int j = I_+11; j>=0; j--) {
    ^~~
    VITIS_LOOP_3066_11: 
/home/nv3401/Dokumente/git/belle2/ecl/caloclusternethls/targets/vck190_mve_bad/build/harness/hls/.autopilot/db/harness.pp.0.cpp:38504:5: note: FIX-IT applied suggested code changes
/home/nv3401/Dokumente/git/belle2/ecl/caloclusternethls/targets/vck190_mve_bad/build/harness/hls/.autopilot/db/harness.pp.0.cpp:38519:3: warning: Added loop label VITIS_LOOP_3081_12:   [xilinx-label-all-loops]
  for(int j = 51; j >= 29; j--) {
  ^~~
  VITIS_LOOP_3081_12: 
/home/nv3401/Dokumente/git/belle2/ecl/caloclusternethls/targets/vck190_mve_bad/build/harness/hls/.autopilot/db/harness.pp.0.cpp:38519:3: note: FIX-IT applied suggested code changes
/home/nv3401/Dokumente/git/belle2/ecl/caloclusternethls/targets/vck190_mve_bad/build/harness/hls/.autopilot/db/harness.pp.0.cpp:38656:4: warning: Added loop label VITIS_LOOP_3218_13:   [xilinx-label-all-loops]
   for(int j = 51; j >= 25 + I_; j--) {
   ^~~
   VITIS_LOOP_3218_13: 
/home/nv3401/Dokumente/git/belle2/ecl/caloclusternethls/targets/vck190_mve_bad/build/harness/hls/.autopilot/db/harness.pp.0.cpp:38656:4: note: FIX-IT applied suggested code changes
/home/nv3401/Dokumente/git/belle2/ecl/caloclusternethls/targets/vck190_mve_bad/build/harness/hls/.autopilot/db/harness.pp.0.cpp:38663:5: warning: Added loop label VITIS_LOOP_3225_14:   [xilinx-label-all-loops]
    for(int j = 51; j>=25 + I_; j--) {
    ^~~
    VITIS_LOOP_3225_14: 
/home/nv3401/Dokumente/git/belle2/ecl/caloclusternethls/targets/vck190_mve_bad/build/harness/hls/.autopilot/db/harness.pp.0.cpp:38663:5: note: FIX-IT applied suggested code changes
/home/nv3401/Dokumente/git/belle2/ecl/caloclusternethls/targets/vck190_mve_bad/build/harness/hls/.autopilot/db/harness.pp.0.cpp:38667:5: warning: Added loop label VITIS_LOOP_3229_15:   [xilinx-label-all-loops]
    for(int j = 24 + I_; j >= 0; j--) {
    ^~~
    VITIS_LOOP_3229_15: 
/home/nv3401/Dokumente/git/belle2/ecl/caloclusternethls/targets/vck190_mve_bad/build/harness/hls/.autopilot/db/harness.pp.0.cpp:38667:5: note: FIX-IT applied suggested code changes
/home/nv3401/Dokumente/git/belle2/ecl/caloclusternethls/targets/vck190_mve_bad/build/harness/hls/.autopilot/db/harness.pp.0.cpp:38682:3: warning: Added loop label VITIS_LOOP_3244_16:   [xilinx-label-all-loops]
  for(int j = 63; j >= 36; j--) {
  ^~~
  VITIS_LOOP_3244_16: 
/home/nv3401/Dokumente/git/belle2/ecl/caloclusternethls/targets/vck190_mve_bad/build/harness/hls/.autopilot/db/harness.pp.0.cpp:38682:3: note: FIX-IT applied suggested code changes
/home/nv3401/Dokumente/git/belle2/ecl/caloclusternethls/targets/vck190_mve_bad/build/harness/hls/.autopilot/db/harness.pp.0.cpp:38842:4: warning: Added loop label VITIS_LOOP_3404_17:   [xilinx-label-all-loops]
   for(int j = 63; j >= 31 + I_; j--) {
   ^~~
   VITIS_LOOP_3404_17: 
/home/nv3401/Dokumente/git/belle2/ecl/caloclusternethls/targets/vck190_mve_bad/build/harness/hls/.autopilot/db/harness.pp.0.cpp:38842:4: note: FIX-IT applied suggested code changes
/home/nv3401/Dokumente/git/belle2/ecl/caloclusternethls/targets/vck190_mve_bad/build/harness/hls/.autopilot/db/harness.pp.0.cpp:38849:5: warning: Added loop label VITIS_LOOP_3411_18:   [xilinx-label-all-loops]
    for(int j = 63; j >= 31 + I_; j--) {
    ^~~
    VITIS_LOOP_3411_18: 
/home/nv3401/Dokumente/git/belle2/ecl/caloclusternethls/targets/vck190_mve_bad/build/harness/hls/.autopilot/db/harness.pp.0.cpp:38849:5: note: FIX-IT applied suggested code changes
/home/nv3401/Dokumente/git/belle2/ecl/caloclusternethls/targets/vck190_mve_bad/build/harness/hls/.autopilot/db/harness.pp.0.cpp:38853:5: warning: Added loop label VITIS_LOOP_3415_19:   [xilinx-label-all-loops]
    for(int j = 30 + I_; j >= 0; j--) {
    ^~~
    VITIS_LOOP_3415_19: 
/home/nv3401/Dokumente/git/belle2/ecl/caloclusternethls/targets/vck190_mve_bad/build/harness/hls/.autopilot/db/harness.pp.0.cpp:38853:5: note: FIX-IT applied suggested code changes
/home/nv3401/Dokumente/git/belle2/ecl/caloclusternethls/targets/vck190_mve_bad/build/harness/hls/.autopilot/db/harness.pp.0.cpp:39568:13: warning: Added loop label VITIS_LOOP_703_1:   [xilinx-label-all-loops]
            for (b_exp = I_-1; b_exp >= -F_; b_exp--) {
            ^~~
            VITIS_LOOP_703_1: 
/home/nv3401/Dokumente/git/belle2/ecl/caloclusternethls/targets/vck190_mve_bad/build/harness/hls/.autopilot/db/harness.pp.0.cpp:39568:13: note: FIX-IT applied suggested code changes
/home/nv3401/Dokumente/git/belle2/ecl/caloclusternethls/targets/vck190_mve_bad/build/harness/hls/.autopilot/db/harness.pp.0.cpp:39786:13: warning: Added loop label VITIS_LOOP_921_1:   [xilinx-label-all-loops]
            for (b_exp = I_-1; b_exp >= -F_; b_exp--) {
            ^~~
            VITIS_LOOP_921_1: 
/home/nv3401/Dokumente/git/belle2/ecl/caloclusternethls/targets/vck190_mve_bad/build/harness/hls/.autopilot/db/harness.pp.0.cpp:39786:13: note: FIX-IT applied suggested code changes
/home/nv3401/Dokumente/git/belle2/ecl/caloclusternethls/targets/vck190_mve_bad/build/harness/hls/.autopilot/db/harness.pp.0.cpp:40203:13: warning: Added loop label VITIS_LOOP_1345_1:   [xilinx-label-all-loops]
            for (b_exp = I_-1; b_exp >= -F_; b_exp--) {
            ^~~
            VITIS_LOOP_1345_1: 
/home/nv3401/Dokumente/git/belle2/ecl/caloclusternethls/targets/vck190_mve_bad/build/harness/hls/.autopilot/db/harness.pp.0.cpp:40203:13: note: FIX-IT applied suggested code changes
/home/nv3401/Dokumente/git/belle2/ecl/caloclusternethls/targets/vck190_mve_bad/build/harness/hls/.autopilot/db/harness.pp.0.cpp:40523:9: warning: Added loop label VITIS_LOOP_240_1:   [xilinx-label-all-loops]
        for ( int pos = msbr-1; pos >= 0; pos-- ) {
        ^~~
        VITIS_LOOP_240_1: 
/home/nv3401/Dokumente/git/belle2/ecl/caloclusternethls/targets/vck190_mve_bad/build/harness/hls/.autopilot/db/harness.pp.0.cpp:40523:9: note: FIX-IT applied suggested code changes
/home/nv3401/Dokumente/git/belle2/ecl/caloclusternethls/targets/vck190_mve_bad/build/harness/hls/.autopilot/db/harness.pp.0.cpp:40551:9: warning: Added loop label VITIS_LOOP_268_2:   [xilinx-label-all-loops]
        for ( int pos = -1; pos >= -F_-1; pos-- ) {
        ^~~
        VITIS_LOOP_268_2: 
/home/nv3401/Dokumente/git/belle2/ecl/caloclusternethls/targets/vck190_mve_bad/build/harness/hls/.autopilot/db/harness.pp.0.cpp:40551:9: note: FIX-IT applied suggested code changes
/home/nv3401/Dokumente/git/belle2/ecl/caloclusternethls/targets/vck190_mve_bad/build/harness/hls/.autopilot/db/harness.pp.0.cpp:41253:13: warning: Added loop label VITIS_LOOP_48_1:   [xilinx-label-all-loops]
            for (int j = 0; j < W_-1; j++){
            ^~~
            VITIS_LOOP_48_1: 
/home/nv3401/Dokumente/git/belle2/ecl/caloclusternethls/targets/vck190_mve_bad/build/harness/hls/.autopilot/db/harness.pp.0.cpp:41253:13: note: FIX-IT applied suggested code changes
/home/nv3401/Dokumente/git/belle2/ecl/caloclusternethls/targets/vck190_mve_bad/build/harness/hls/.autopilot/db/harness.pp.0.cpp:41306:5: warning: Added loop label VITIS_LOOP_109_2:   [xilinx-label-all-loops]
    for (int j = F_l+F_+I_m-1; j < F_l+W_+5; j++){
    ^~~
    VITIS_LOOP_109_2: 
/home/nv3401/Dokumente/git/belle2/ecl/caloclusternethls/targets/vck190_mve_bad/build/harness/hls/.autopilot/db/harness.pp.0.cpp:41306:5: note: FIX-IT applied suggested code changes
/home/nv3401/Dokumente/git/belle2/ecl/caloclusternethls/targets/vck190_mve_bad/build/harness/hls/.autopilot/db/harness.pp.0.cpp:41320:13: warning: Added loop label VITIS_LOOP_123_3:   [xilinx-label-all-loops]
            for (int j = WO_m-1; j >= W_-1; j--) {
            ^~~
            VITIS_LOOP_123_3: 
/home/nv3401/Dokumente/git/belle2/ecl/caloclusternethls/targets/vck190_mve_bad/build/harness/hls/.autopilot/db/harness.pp.0.cpp:41320:13: note: FIX-IT applied suggested code changes
/home/nv3401/Dokumente/git/belle2/ecl/caloclusternethls/targets/vck190_mve_bad/build/harness/hls/.autopilot/db/harness.pp.0.cpp:41350:13: warning: Added loop label VITIS_LOOP_153_4:   [xilinx-label-all-loops]
            for (int j = W_-2; j >= 0; j--){
            ^~~
            VITIS_LOOP_153_4: 
/home/nv3401/Dokumente/git/belle2/ecl/caloclusternethls/targets/vck190_mve_bad/build/harness/hls/.autopilot/db/harness.pp.0.cpp:41350:13: note: FIX-IT applied suggested code changes
/home/nv3401/Dokumente/git/belle2/ecl/caloclusternethls/targets/vck190_mve_bad/build/harness/hls/.autopilot/db/harness.pp.0.cpp:41435:12: warning: Added loop label VITIS_LOOP_281_1:   [xilinx-label-all-loops]
           for(int i = wf_log+we_log-2; i > WI_e - 2; --i) {
           ^~~
           VITIS_LOOP_281_1: 
/home/nv3401/Dokumente/git/belle2/ecl/caloclusternethls/targets/vck190_mve_bad/build/harness/hls/.autopilot/db/harness.pp.0.cpp:41435:12: note: FIX-IT applied suggested code changes
/home/nv3401/Dokumente/git/belle2/ecl/caloclusternethls/targets/vck190_mve_bad/build/harness/hls/.autopilot/db/harness.pp.0.cpp:41455:16: warning: Added loop label VITIS_LOOP_301_2:   [xilinx-label-all-loops]
               for (int j = WO_e-1; j >= W_-1; j--) {
               ^~~
               VITIS_LOOP_301_2: 
/home/nv3401/Dokumente/git/belle2/ecl/caloclusternethls/targets/vck190_mve_bad/build/harness/hls/.autopilot/db/harness.pp.0.cpp:41455:16: note: FIX-IT applied suggested code changes
/home/nv3401/Dokumente/git/belle2/ecl/caloclusternethls/targets/vck190_mve_bad/build/harness/hls/.autopilot/db/harness.pp.0.cpp:41469:20: warning: Added loop label VITIS_LOOP_315_3:   [xilinx-label-all-loops]
                   for(int i = 0; i < W_-1; ++i) {
                   ^~~
                   VITIS_LOOP_315_3: 
/home/nv3401/Dokumente/git/belle2/ecl/caloclusternethls/targets/vck190_mve_bad/build/harness/hls/.autopilot/db/harness.pp.0.cpp:41469:20: note: FIX-IT applied suggested code changes
/home/nv3401/Dokumente/git/belle2/ecl/caloclusternethls/targets/vck190_mve_bad/build/harness/hls/.autopilot/db/harness.pp.0.cpp:41562:12: warning: Added loop label VITIS_LOOP_433_1:   [xilinx-label-all-loops]
           for (int j =WO_d-1; j >= W_-1; j--) {
           ^~~
           VITIS_LOOP_433_1: 
/home/nv3401/Dokumente/git/belle2/ecl/caloclusternethls/targets/vck190_mve_bad/build/harness/hls/.autopilot/db/harness.pp.0.cpp:41562:12: note: FIX-IT applied suggested code changes
/home/nv3401/Dokumente/git/belle2/ecl/caloclusternethls/targets/vck190_mve_bad/build/harness/hls/.autopilot/db/harness.pp.0.cpp:41576:15: warning: Added loop label VITIS_LOOP_447_2:   [xilinx-label-all-loops]
              for(int i = 0; i < W_-1; ++i) {
              ^~~
              VITIS_LOOP_447_2: 
/home/nv3401/Dokumente/git/belle2/ecl/caloclusternethls/targets/vck190_mve_bad/build/harness/hls/.autopilot/db/harness.pp.0.cpp:41576:15: note: FIX-IT applied suggested code changes
/home/nv3401/Dokumente/git/belle2/ecl/caloclusternethls/targets/vck190_mve_bad/build/harness/hls/.autopilot/db/harness.pp.0.cpp:41696:13: warning: Added loop label VITIS_LOOP_33_1:   [xilinx-label-all-loops]
            for (int i = 0; i < W_-1; i++){
            ^~~
            VITIS_LOOP_33_1: 
/home/nv3401/Dokumente/git/belle2/ecl/caloclusternethls/targets/vck190_mve_bad/build/harness/hls/.autopilot/db/harness.pp.0.cpp:41696:13: note: FIX-IT applied suggested code changes
/home/nv3401/Dokumente/git/belle2/ecl/caloclusternethls/targets/vck190_mve_bad/build/harness/hls/.autopilot/db/harness.pp.0.cpp:41820:13: warning: Added loop label VITIS_LOOP_183_1:   [xilinx-label-all-loops]
            for (int i = 0; i < W_-1; i++){
            ^~~
            VITIS_LOOP_183_1: 
/home/nv3401/Dokumente/git/belle2/ecl/caloclusternethls/targets/vck190_mve_bad/build/harness/hls/.autopilot/db/harness.pp.0.cpp:41820:13: note: FIX-IT applied suggested code changes
/home/nv3401/Dokumente/git/belle2/ecl/caloclusternethls/targets/vck190_mve_bad/build/harness/hls/.autopilot/db/harness.pp.0.cpp:41875:13: warning: Added loop label VITIS_LOOP_248_1:   [xilinx-label-all-loops]
            for (int i = 0; i < W_-1; i++){
            ^~~
            VITIS_LOOP_248_1: 
/home/nv3401/Dokumente/git/belle2/ecl/caloclusternethls/targets/vck190_mve_bad/build/harness/hls/.autopilot/db/harness.pp.0.cpp:41875:13: note: FIX-IT applied suggested code changes
/home/nv3401/Dokumente/git/belle2/ecl/caloclusternethls/targets/vck190_mve_bad/build/harness/hls/.autopilot/db/harness.pp.0.cpp:42394:2: warning: Added loop label VITIS_LOOP_16_1:   [xilinx-label-all-loops]
 for (int i=0; i<W_;i++)
 ^~~
 VITIS_LOOP_16_1: 
/home/nv3401/Dokumente/git/belle2/ecl/caloclusternethls/targets/vck190_mve_bad/build/harness/hls/.autopilot/db/harness.pp.0.cpp:42394:2: note: FIX-IT applied suggested code changes
/home/nv3401/Dokumente/git/belle2/ecl/caloclusternethls/targets/vck190_mve_bad/build/harness/hls/.autopilot/db/harness.pp.0.cpp:42405:2: warning: Added loop label VITIS_LOOP_27_1:   [xilinx-label-all-loops]
 for (int i=0; i<W_;i++)
 ^~~
 VITIS_LOOP_27_1: 
/home/nv3401/Dokumente/git/belle2/ecl/caloclusternethls/targets/vck190_mve_bad/build/harness/hls/.autopilot/db/harness.pp.0.cpp:42405:2: note: FIX-IT applied suggested code changes
/home/nv3401/Dokumente/git/belle2/ecl/caloclusternethls/targets/vck190_mve_bad/build/harness/hls/.autopilot/db/harness.pp.0.cpp:42416:2: warning: Added loop label VITIS_LOOP_38_1:   [xilinx-label-all-loops]
 for (int i=0; i<I_;i++)
 ^~~
 VITIS_LOOP_38_1: 
/home/nv3401/Dokumente/git/belle2/ecl/caloclusternethls/targets/vck190_mve_bad/build/harness/hls/.autopilot/db/harness.pp.0.cpp:42416:2: note: FIX-IT applied suggested code changes
/home/nv3401/Dokumente/git/belle2/ecl/caloclusternethls/targets/vck190_mve_bad/build/harness/hls/.autopilot/db/harness.pp.0.cpp:42427:2: warning: Added loop label VITIS_LOOP_49_1:   [xilinx-label-all-loops]
 for (int i=0; i<I_;i++)
 ^~~
 VITIS_LOOP_49_1: 
/home/nv3401/Dokumente/git/belle2/ecl/caloclusternethls/targets/vck190_mve_bad/build/harness/hls/.autopilot/db/harness.pp.0.cpp:42427:2: note: FIX-IT applied suggested code changes
/home/nv3401/Dokumente/git/belle2/ecl/caloclusternethls/targets/vck190_mve_bad/build/harness/hls/.autopilot/db/harness.pp.0.cpp:42438:2: warning: Added loop label VITIS_LOOP_60_1:   [xilinx-label-all-loops]
 for (int i=0; i<W_;i++)
 ^~~
 VITIS_LOOP_60_1: 
/home/nv3401/Dokumente/git/belle2/ecl/caloclusternethls/targets/vck190_mve_bad/build/harness/hls/.autopilot/db/harness.pp.0.cpp:42438:2: note: FIX-IT applied suggested code changes
/home/nv3401/Dokumente/git/belle2/ecl/caloclusternethls/targets/vck190_mve_bad/build/harness/hls/.autopilot/db/harness.pp.0.cpp:42449:2: warning: Added loop label VITIS_LOOP_71_1:   [xilinx-label-all-loops]
 for (int i=0; i<W_;i++)
 ^~~
 VITIS_LOOP_71_1: 
/home/nv3401/Dokumente/git/belle2/ecl/caloclusternethls/targets/vck190_mve_bad/build/harness/hls/.autopilot/db/harness.pp.0.cpp:42449:2: note: FIX-IT applied suggested code changes
/home/nv3401/Dokumente/git/belle2/ecl/caloclusternethls/targets/vck190_mve_bad/build/harness/hls/.autopilot/db/harness.pp.0.cpp:42460:2: warning: Added loop label VITIS_LOOP_82_1:   [xilinx-label-all-loops]
 for (int i=0; i<I_;i++)
 ^~~
 VITIS_LOOP_82_1: 
/home/nv3401/Dokumente/git/belle2/ecl/caloclusternethls/targets/vck190_mve_bad/build/harness/hls/.autopilot/db/harness.pp.0.cpp:42460:2: note: FIX-IT applied suggested code changes
/home/nv3401/Dokumente/git/belle2/ecl/caloclusternethls/targets/vck190_mve_bad/build/harness/hls/.autopilot/db/harness.pp.0.cpp:42471:2: warning: Added loop label VITIS_LOOP_93_1:   [xilinx-label-all-loops]
 for (int i=0; i<I_;i++)
 ^~~
 VITIS_LOOP_93_1: 
/home/nv3401/Dokumente/git/belle2/ecl/caloclusternethls/targets/vck190_mve_bad/build/harness/hls/.autopilot/db/harness.pp.0.cpp:42471:2: note: FIX-IT applied suggested code changes
/home/nv3401/Dokumente/git/belle2/ecl/caloclusternethls/targets/vck190_mve_bad/build/harness/hls/.autopilot/db/harness.pp.0.cpp:44831:12: warning: Added loop label VITIS_LOOP_26_1:   [xilinx-label-all-loops]
           for(int i = 0; i < W_-1; ++i) {
           ^~~
           VITIS_LOOP_26_1: 
/home/nv3401/Dokumente/git/belle2/ecl/caloclusternethls/targets/vck190_mve_bad/build/harness/hls/.autopilot/db/harness.pp.0.cpp:44831:12: note: FIX-IT applied suggested code changes
/home/nv3401/Dokumente/git/belle2/ecl/caloclusternethls/targets/vck190_mve_bad/build/harness/hls/.autopilot/db/harness.pp.0.cpp:44895:7: warning: Added loop label VITIS_LOOP_40_1:   [xilinx-label-all-loops]
      for(int pos = msbr - 1 ; pos >= -F-1; pos--) {
      ^~~
      VITIS_LOOP_40_1: 
/home/nv3401/Dokumente/git/belle2/ecl/caloclusternethls/targets/vck190_mve_bad/build/harness/hls/.autopilot/db/harness.pp.0.cpp:44895:7: note: FIX-IT applied suggested code changes
/home/nv3401/Dokumente/git/belle2/ecl/caloclusternethls/targets/vck190_mve_bad/build/harness/hls/.autopilot/db/harness.pp.0.cpp:45012:9: warning: Added loop label VITIS_LOOP_49_1:   [xilinx-label-all-loops]
        for(int pos = msbr - 1; pos >= 0; pos--) {
        ^~~
        VITIS_LOOP_49_1: 
/home/nv3401/Dokumente/git/belle2/ecl/caloclusternethls/targets/vck190_mve_bad/build/harness/hls/.autopilot/db/harness.pp.0.cpp:45012:9: note: FIX-IT applied suggested code changes
/home/nv3401/Dokumente/git/belle2/ecl/caloclusternethls/targets/vck190_mve_bad/build/harness/hls/.autopilot/db/harness.pp.0.cpp:45037:5: warning: Added loop label VITIS_LOOP_81_2:   [xilinx-label-all-loops]
    for(int pos = -1; pos >= -F-1; pos--) {
    ^~~
    VITIS_LOOP_81_2: 
/home/nv3401/Dokumente/git/belle2/ecl/caloclusternethls/targets/vck190_mve_bad/build/harness/hls/.autopilot/db/harness.pp.0.cpp:45037:5: note: FIX-IT applied suggested code changes
/home/nv3401/Dokumente/git/belle2/ecl/caloclusternethls/targets/vck190_mve_bad/build/harness/hls/.autopilot/db/harness.pp.0.cpp:45107:8: warning: Added loop label VITIS_LOOP_169_3:   [xilinx-label-all-loops]
       for(int i = 0; i < W - 1; ++i) {
       ^~~
       VITIS_LOOP_169_3: 
/home/nv3401/Dokumente/git/belle2/ecl/caloclusternethls/targets/vck190_mve_bad/build/harness/hls/.autopilot/db/harness.pp.0.cpp:45107:8: note: FIX-IT applied suggested code changes
/home/nv3401/Dokumente/git/belle2/ecl/caloclusternethls/targets/vck190_mve_bad/build/harness/hls/.autopilot/db/harness.pp.0.cpp:47363:5: warning: Added loop label VITIS_LOOP_44_1:   [xilinx-label-all-loops]
    for(int p = 0; p < PAR; p++) {
    ^~~
    VITIS_LOOP_44_1: 
/home/nv3401/Dokumente/git/belle2/ecl/caloclusternethls/targets/vck190_mve_bad/build/harness/hls/.autopilot/db/harness.pp.0.cpp:47363:5: note: FIX-IT applied suggested code changes
/home/nv3401/Dokumente/git/belle2/ecl/caloclusternethls/targets/vck190_mve_bad/build/harness/hls/.autopilot/db/harness.pp.0.cpp:47379:5: warning: Added loop label VITIS_LOOP_60_1:   [xilinx-label-all-loops]
    for(int ii = 0; ii < II; ii++) {
    ^~~
    VITIS_LOOP_60_1: 
/home/nv3401/Dokumente/git/belle2/ecl/caloclusternethls/targets/vck190_mve_bad/build/harness/hls/.autopilot/db/harness.pp.0.cpp:47379:5: note: FIX-IT applied suggested code changes
/home/nv3401/Dokumente/git/belle2/ecl/caloclusternethls/targets/vck190_mve_bad/build/harness/hls/.autopilot/db/harness.pp.0.cpp:47385:9: warning: Added loop label VITIS_LOOP_66_2:   [xilinx-label-all-loops]
        for(int p = 0; p < PAR; p++) {
        ^~~
        VITIS_LOOP_66_2: 
/home/nv3401/Dokumente/git/belle2/ecl/caloclusternethls/targets/vck190_mve_bad/build/harness/hls/.autopilot/db/harness.pp.0.cpp:47385:9: note: FIX-IT applied suggested code changes
/home/nv3401/Dokumente/git/belle2/ecl/caloclusternethls/targets/vck190_mve_bad/build/harness/hls/.autopilot/db/harness.pp.0.cpp:47407:5: warning: Added loop label VITIS_LOOP_88_1:   [xilinx-label-all-loops]
    for(int ii = 0; ii < II; ii++) {
    ^~~
    VITIS_LOOP_88_1: 
/home/nv3401/Dokumente/git/belle2/ecl/caloclusternethls/targets/vck190_mve_bad/build/harness/hls/.autopilot/db/harness.pp.0.cpp:47407:5: note: FIX-IT applied suggested code changes
/home/nv3401/Dokumente/git/belle2/ecl/caloclusternethls/targets/vck190_mve_bad/build/harness/hls/.autopilot/db/harness.pp.0.cpp:47414:9: warning: Added loop label VITIS_LOOP_95_2:   [xilinx-label-all-loops]
        for(int p = 0; p < PAR; p++) {
        ^~~
        VITIS_LOOP_95_2: 
/home/nv3401/Dokumente/git/belle2/ecl/caloclusternethls/targets/vck190_mve_bad/build/harness/hls/.autopilot/db/harness.pp.0.cpp:47414:9: note: FIX-IT applied suggested code changes
/home/nv3401/Dokumente/git/belle2/ecl/caloclusternethls/targets/vck190_mve_bad/build/harness/hls/.autopilot/db/harness.pp.0.cpp:47446:2: warning: Added loop label VITIS_LOOP_127_1:   [xilinx-label-all-loops]
 for(int ii = 0; ii < II; ii++) {
 ^~~
 VITIS_LOOP_127_1: 
/home/nv3401/Dokumente/git/belle2/ecl/caloclusternethls/targets/vck190_mve_bad/build/harness/hls/.autopilot/db/harness.pp.0.cpp:47446:2: note: FIX-IT applied suggested code changes
/home/nv3401/Dokumente/git/belle2/ecl/caloclusternethls/targets/vck190_mve_bad/build/harness/hls/.autopilot/db/harness.pp.0.cpp:47452:9: warning: Added loop label VITIS_LOOP_133_2:   [xilinx-label-all-loops]
        for (int ii = 0; ii < F_IN; ii++) {
        ^~~
        VITIS_LOOP_133_2: 
/home/nv3401/Dokumente/git/belle2/ecl/caloclusternethls/targets/vck190_mve_bad/build/harness/hls/.autopilot/db/harness.pp.0.cpp:47452:9: note: FIX-IT applied suggested code changes
/home/nv3401/Dokumente/git/belle2/ecl/caloclusternethls/targets/vck190_mve_bad/build/harness/hls/.autopilot/db/harness.pp.0.cpp:47453:13: warning: Added loop label VITIS_LOOP_134_3:   [xilinx-label-all-loops]
            for (int jj = 0; jj < F_OUT; jj++) {
            ^~~
            VITIS_LOOP_134_3: 
/home/nv3401/Dokumente/git/belle2/ecl/caloclusternethls/targets/vck190_mve_bad/build/harness/hls/.autopilot/db/harness.pp.0.cpp:47453:13: note: FIX-IT applied suggested code changes
/home/nv3401/Dokumente/git/belle2/ecl/caloclusternethls/targets/vck190_mve_bad/build/harness/hls/.autopilot/db/harness.pp.0.cpp:47459:9: warning: Added loop label VITIS_LOOP_140_4:   [xilinx-label-all-loops]
        for (int iacc = 0; iacc < F_OUT; iacc++) {
        ^~~
        VITIS_LOOP_140_4: 
/home/nv3401/Dokumente/git/belle2/ecl/caloclusternethls/targets/vck190_mve_bad/build/harness/hls/.autopilot/db/harness.pp.0.cpp:47459:9: note: FIX-IT applied suggested code changes
/home/nv3401/Dokumente/git/belle2/ecl/caloclusternethls/targets/vck190_mve_bad/build/harness/hls/.autopilot/db/harness.pp.0.cpp:47463:9: warning: Added loop label VITIS_LOOP_144_5:   [xilinx-label-all-loops]
        for (int ii = 0; ii < F_IN; ii++) {
        ^~~
        VITIS_LOOP_144_5: 
/home/nv3401/Dokumente/git/belle2/ecl/caloclusternethls/targets/vck190_mve_bad/build/harness/hls/.autopilot/db/harness.pp.0.cpp:47463:9: note: FIX-IT applied suggested code changes
/home/nv3401/Dokumente/git/belle2/ecl/caloclusternethls/targets/vck190_mve_bad/build/harness/hls/.autopilot/db/harness.pp.0.cpp:47464:13: warning: Added loop label VITIS_LOOP_145_6:   [xilinx-label-all-loops]
            for (int jj = 0; jj < F_OUT; jj++) {
            ^~~
            VITIS_LOOP_145_6: 
/home/nv3401/Dokumente/git/belle2/ecl/caloclusternethls/targets/vck190_mve_bad/build/harness/hls/.autopilot/db/harness.pp.0.cpp:47464:13: note: FIX-IT applied suggested code changes
/home/nv3401/Dokumente/git/belle2/ecl/caloclusternethls/targets/vck190_mve_bad/build/harness/hls/.autopilot/db/harness.pp.0.cpp:47472:9: warning: Added loop label VITIS_LOOP_153_7:   [xilinx-label-all-loops]
        for (int i = 0; i < F_OUT; i++) {
        ^~~
        VITIS_LOOP_153_7: 
/home/nv3401/Dokumente/git/belle2/ecl/caloclusternethls/targets/vck190_mve_bad/build/harness/hls/.autopilot/db/harness.pp.0.cpp:47472:9: note: FIX-IT applied suggested code changes
/home/nv3401/Dokumente/git/belle2/ecl/caloclusternethls/targets/vck190_mve_bad/build/harness/hls/.autopilot/db/harness.pp.0.cpp:47511:2: warning: Added loop label VITIS_LOOP_22_1:   [xilinx-label-all-loops]
 for (int p = 0; p < PAR; p++) {
 ^~~
 VITIS_LOOP_22_1: 
/home/nv3401/Dokumente/git/belle2/ecl/caloclusternethls/targets/vck190_mve_bad/build/harness/hls/.autopilot/db/harness.pp.0.cpp:47511:2: note: FIX-IT applied suggested code changes
/home/nv3401/Dokumente/git/belle2/ecl/caloclusternethls/targets/vck190_mve_bad/build/harness/hls/.autopilot/db/harness.pp.0.cpp:47543:5: warning: Added loop label VITIS_LOOP_54_1:   [xilinx-label-all-loops]
    for(int e = 0; e < numEvents;e++) {
    ^~~
    VITIS_LOOP_54_1: 
/home/nv3401/Dokumente/git/belle2/ecl/caloclusternethls/targets/vck190_mve_bad/build/harness/hls/.autopilot/db/harness.pp.0.cpp:47543:5: note: FIX-IT applied suggested code changes
/home/nv3401/Dokumente/git/belle2/ecl/caloclusternethls/targets/vck190_mve_bad/build/harness/hls/.autopilot/db/harness.pp.0.cpp:47550:5: warning: Added loop label VITIS_LOOP_61_2:   [xilinx-label-all-loops]
    for(int i = 0; i < numEvents*II;i++) {
    ^~~
    VITIS_LOOP_61_2: 
/home/nv3401/Dokumente/git/belle2/ecl/caloclusternethls/targets/vck190_mve_bad/build/harness/hls/.autopilot/db/harness.pp.0.cpp:47550:5: note: FIX-IT applied suggested code changes
/home/nv3401/Dokumente/git/belle2/ecl/caloclusternethls/targets/vck190_mve_bad/build/harness/hls/.autopilot/db/harness.pp.0.cpp:47555:9: warning: Added loop label VITIS_LOOP_66_3:   [xilinx-label-all-loops]
        for(int p = 0; p < PAR; p++) {
        ^~~
        VITIS_LOOP_66_3: 
/home/nv3401/Dokumente/git/belle2/ecl/caloclusternethls/targets/vck190_mve_bad/build/harness/hls/.autopilot/db/harness.pp.0.cpp:47555:9: note: FIX-IT applied suggested code changes
/home/nv3401/Dokumente/git/belle2/ecl/caloclusternethls/targets/vck190_mve_bad/build/harness/hls/.autopilot/db/harness.pp.0.cpp:47558:17: warning: Added loop label VITIS_LOOP_69_4:   [xilinx-label-all-loops]
                for(int f = 0; f < 37; f++) {
                ^~~
                VITIS_LOOP_69_4: 
/home/nv3401/Dokumente/git/belle2/ecl/caloclusternethls/targets/vck190_mve_bad/build/harness/hls/.autopilot/db/harness.pp.0.cpp:47558:17: note: FIX-IT applied suggested code changes
/home/nv3401/Dokumente/git/belle2/ecl/caloclusternethls/targets/vck190_mve_bad/build/harness/hls/.autopilot/db/harness.pp.0.cpp:47576:5: warning: Added loop label VITIS_LOOP_87_1:   [xilinx-label-all-loops]
    for(int e = 0; e < numEvents; e++) {
    ^~~
    VITIS_LOOP_87_1: 
/home/nv3401/Dokumente/git/belle2/ecl/caloclusternethls/targets/vck190_mve_bad/build/harness/hls/.autopilot/db/harness.pp.0.cpp:47576:5: note: FIX-IT applied suggested code changes
/home/nv3401/Dokumente/git/belle2/ecl/caloclusternethls/targets/vck190_mve_bad/build/harness/hls/.autopilot/db/harness.pp.0.cpp:47590:5: warning: Added loop label VITIS_LOOP_101_1:   [xilinx-label-all-loops]
    for(int e = 0; e < numEvents;e++) {
    ^~~
    VITIS_LOOP_101_1: 
/home/nv3401/Dokumente/git/belle2/ecl/caloclusternethls/targets/vck190_mve_bad/build/harness/hls/.autopilot/db/harness.pp.0.cpp:47590:5: note: FIX-IT applied suggested code changes
/home/nv3401/Dokumente/git/belle2/ecl/caloclusternethls/targets/vck190_mve_bad/build/harness/hls/.autopilot/db/harness.pp.0.cpp:47596:5: warning: Added loop label VITIS_LOOP_107_2:   [xilinx-label-all-loops]
    for(int i = 0; i < numEvents*II;i++) {
    ^~~
    VITIS_LOOP_107_2: 
/home/nv3401/Dokumente/git/belle2/ecl/caloclusternethls/targets/vck190_mve_bad/build/harness/hls/.autopilot/db/harness.pp.0.cpp:47596:5: note: FIX-IT applied suggested code changes
/home/nv3401/Dokumente/git/belle2/ecl/caloclusternethls/targets/vck190_mve_bad/build/harness/hls/.autopilot/db/harness.pp.0.cpp:47601:9: warning: Added loop label VITIS_LOOP_112_3:   [xilinx-label-all-loops]
        for(int p = 0; p < PAR; p++) {
        ^~~
        VITIS_LOOP_112_3: 
/home/nv3401/Dokumente/git/belle2/ecl/caloclusternethls/targets/vck190_mve_bad/build/harness/hls/.autopilot/db/harness.pp.0.cpp:47601:9: note: FIX-IT applied suggested code changes
/home/nv3401/Dokumente/git/belle2/ecl/caloclusternethls/targets/vck190_mve_bad/build/harness/hls/.autopilot/db/harness.pp.0.cpp:47605:17: warning: Added loop label VITIS_LOOP_116_4:   [xilinx-label-all-loops]
                for(int f = 0; f < 16;f++) {
                ^~~
                VITIS_LOOP_116_4: 
/home/nv3401/Dokumente/git/belle2/ecl/caloclusternethls/targets/vck190_mve_bad/build/harness/hls/.autopilot/db/harness.pp.0.cpp:47605:17: note: FIX-IT applied suggested code changes
