

================================================================
== Vitis HLS Report for 'store'
================================================================
* Date:           Mon Feb 10 13:36:02 2025

* Version:        2024.2.1 (Build 5263293 on Dec 12 2024)
* Project:        harness
* Solution:       hls (Vitis Kernel Flow Target)
* Product family: versalaicore
* Target device:  xcvc1902-vsva2197-2MP-e-S


================================================================
== Performance Estimates
================================================================
+ Timing: 
    * Summary: 
    +--------+---------+----------+------------+
    |  Clock |  Target | Estimated| Uncertainty|
    +--------+---------+----------+------------+
    |ap_clk  |  3.03 ns|  2.212 ns|     0.82 ns|
    +--------+---------+----------+------------+

+ Latency: 
    * Summary: 
    +---------+---------+----------+----------+-----+-----+---------+
    |  Latency (cycles) |  Latency (absolute) |  Interval | Pipeline|
    |   min   |   max   |    min   |    max   | min | max |   Type  |
    +---------+---------+----------+----------+-----+-----+---------+
    |        ?|        ?|         ?|         ?|    ?|    ?|       no|
    +---------+---------+----------+----------+-----+-----+---------+

    + Detail: 
        * Instance: 
        +--------------------------------------------+---------------------------------+---------+---------+----------+----------+-----+-----+------------------------------------------------+
        |                                            |                                 |  Latency (cycles) |  Latency (absolute) |  Interval |                    Pipeline                    |
        |                  Instance                  |              Module             |   min   |   max   |    min   |    max   | min | max |                      Type                      |
        +--------------------------------------------+---------------------------------+---------+---------+----------+----------+-----+-----+------------------------------------------------+
        |grp_store_Pipeline_VITIS_LOOP_101_1_fu_103  |store_Pipeline_VITIS_LOOP_101_1  |       79|        ?|  0.239 us|         ?|    2|    0|  loop auto-rewind stp (delay=0 clock cycles(s))|
        |grp_store_Pipeline_VITIS_LOOP_107_2_fu_114  |store_Pipeline_VITIS_LOOP_107_2  |        ?|        ?|         ?|         ?|    0|    0|  loop auto-rewind stp (delay=0 clock cycles(s))|
        +--------------------------------------------+---------------------------------+---------+---------+----------+----------+-----+-----+------------------------------------------------+

        * Loop: 
        N/A

============================================================
+ Verbose Summary: Synthesis Manager
============================================================
InlineROM: 1
ExposeGlobal: 0
============================================================
+ Verbose Summary: CDFG Model
============================================================
IsTopModel: 0
ResetActiveHigh: 1
IsCombinational: 2
IsDatapathOnly: 0
HasWiredReturn: 1
HasMFsm: 0
HasVarLatency: 1
IsPipeline: 0
IsRtlPipelined: 0
IsInstanceOverlapped: 0
IsDontTouch: 0
HasImplIP: 0
IsGatedGlobalClock: 0


============================================================
+ Verbose Summary: Schedule
============================================================
* Number of FSM states : 79
* Pipeline : 0
* Dataflow Pipeline: 0

* FSM state transitions: 
1 --> 2 
2 --> 3 
3 --> 4 
4 --> 5 
5 --> 6 
6 --> 7 
7 --> 8 
8 --> 9 
9 --> 10 
10 --> 11 
11 --> 12 
12 --> 13 
13 --> 14 
14 --> 15 
15 --> 16 
16 --> 17 
17 --> 18 
18 --> 19 
19 --> 20 
20 --> 21 
21 --> 22 
22 --> 23 
23 --> 24 
24 --> 25 
25 --> 26 
26 --> 27 
27 --> 28 
28 --> 29 
29 --> 30 
30 --> 31 
31 --> 32 
32 --> 33 
33 --> 34 
34 --> 35 
35 --> 36 
36 --> 37 
37 --> 38 
38 --> 39 
39 --> 40 
40 --> 41 
41 --> 42 
42 --> 43 
43 --> 44 
44 --> 45 
45 --> 46 
46 --> 47 
47 --> 48 
48 --> 49 
49 --> 50 
50 --> 51 
51 --> 52 
52 --> 53 
53 --> 54 
54 --> 55 
55 --> 56 
56 --> 57 
57 --> 58 
58 --> 59 
59 --> 60 
60 --> 61 
61 --> 62 
62 --> 63 
63 --> 64 
64 --> 65 
65 --> 66 
66 --> 67 
67 --> 68 
68 --> 69 
69 --> 70 
70 --> 71 
71 --> 72 
72 --> 73 
73 --> 74 
74 --> 75 
75 --> 76 
76 --> 77 
77 --> 78 
78 --> 79 
79 --> 

* FSM state operations: 

State 1 <SV = 0> <Delay = 1.72>
ST_1 : Operation 80 [1/1] (0.00ns)   --->   "%muxLogicFIFOCE_to_outFeatureList_read = muxlogic"   --->   Operation 80 'muxlogic' 'muxLogicFIFOCE_to_outFeatureList_read' <Predicate = true> <Delay = 0.00>
ST_1 : Operation 81 [1/1] ( I:0.75ns O:0.59ns )   --->   "%outFeatureList_read = read i64 @_ssdm_op_Read.ap_fifo.i64P0A, i64 %outFeatureList"   --->   Operation 81 'read' 'outFeatureList_read' <Predicate = true> <Delay = 0.75> <CoreInst = "FIFO_SRL">   --->   Core 84 'FIFO_SRL' <Latency = 0> <II = 1> <Delay = 0.93> <Storage> <Opcode : 'read' 'write' 'nbread' 'nbwrite'> <Ports = 0> <Width = 64> <Depth = 4> <FIFO>
ST_1 : Operation 82 [1/1] (0.00ns)   --->   "%muxLogicFIFOCE_to_outputNumList_1 = muxlogic"   --->   Operation 82 'muxlogic' 'muxLogicFIFOCE_to_outputNumList_1' <Predicate = true> <Delay = 0.00>
ST_1 : Operation 83 [1/1] ( I:0.75ns O:0.59ns )   --->   "%outputNumList_1 = read i64 @_ssdm_op_Read.ap_fifo.i64P0A, i64 %outputNumList"   --->   Operation 83 'read' 'outputNumList_1' <Predicate = true> <Delay = 0.75> <CoreInst = "FIFO_SRL">   --->   Core 84 'FIFO_SRL' <Latency = 0> <II = 1> <Delay = 0.93> <Storage> <Opcode : 'read' 'write' 'nbread' 'nbwrite'> <Ports = 0> <Width = 64> <Depth = 4> <FIFO>
ST_1 : Operation 84 [1/1] (0.00ns)   --->   "%numEvents_read = read i32 @_ssdm_op_Read.ap_auto.i32P0A, i32 %numEvents"   --->   Operation 84 'read' 'numEvents_read' <Predicate = true> <Delay = 0.00>
ST_1 : Operation 85 [1/1] (0.00ns)   --->   "%trunc_ln101 = trunc i32 %numEvents_read" [../src/harness.cpp:101->../src/harness.cpp:151]   --->   Operation 85 'trunc' 'trunc_ln101' <Predicate = true> <Delay = 0.00>
ST_1 : Operation 86 [2/2] (1.13ns)   --->   "%call_ln101 = call void @store_Pipeline_VITIS_LOOP_101_1, i31 %trunc_ln101, i64 %outputNumList_1, i512 %gmem1, i32 %nums" [../src/harness.cpp:101->../src/harness.cpp:151]   --->   Operation 86 'call' 'call_ln101' <Predicate = true> <Delay = 1.13> <CoreType = "Generic">   --->   Generic Core
ST_1 : Operation 87 [1/1] (0.00ns)   --->   "%trunc_ln107 = trunc i32 %numEvents_read" [../src/harness.cpp:107->../src/harness.cpp:151]   --->   Operation 87 'trunc' 'trunc_ln107' <Predicate = true> <Delay = 0.00>
ST_1 : Operation 88 [1/1] (0.00ns)   --->   "%trunc_ln107_1 = partselect i58 @_ssdm_op_PartSelect.i58.i64.i32.i32, i64 %outFeatureList_read, i32 6, i32 63" [../src/harness.cpp:107->../src/harness.cpp:151]   --->   Operation 88 'partselect' 'trunc_ln107_1' <Predicate = true> <Delay = 0.00>

State 2 <SV = 1> <Delay = 0.67>
ST_2 : Operation 89 [1/1] (0.00ns)   --->   "%fence_ln101 = fence void @_ssdm_op_Fence, i64 %outFeatureList, i64 %outputNumList, i32 4294967295, i128 %outputStream_0, i1 %lastStream, i128 %outputStream_1, i1 %lastStream_1" [../src/harness.cpp:101->../src/harness.cpp:151]   --->   Operation 89 'fence' 'fence_ln101' <Predicate = true> <Delay = 0.00>
ST_2 : Operation 90 [1/2] (0.00ns)   --->   "%call_ln101 = call void @store_Pipeline_VITIS_LOOP_101_1, i31 %trunc_ln101, i64 %outputNumList_1, i512 %gmem1, i32 %nums" [../src/harness.cpp:101->../src/harness.cpp:151]   --->   Operation 90 'call' 'call_ln101' <Predicate = true> <Delay = 0.00> <CoreType = "Generic">   --->   Generic Core
ST_2 : Operation 91 [1/1] (0.00ns)   --->   "%empty = shl i32 %numEvents_read, i32 4"   --->   Operation 91 'shl' 'empty' <Predicate = true> <Delay = 0.00>
ST_2 : Operation 92 [1/1] (0.67ns)   --->   "%icmp_ln107 = icmp_sgt  i32 %empty, i32 0" [../src/harness.cpp:107->../src/harness.cpp:151]   --->   Operation 92 'icmp' 'icmp_ln107' <Predicate = true> <Delay = 0.67> <CoreInst = "Cmp">   --->   Core 9 'Cmp' <Latency = 0> <II = 1> <Delay = 0.67> <FuncUnit> <Opcode : 'setle' 'setge' 'setlt' 'setgt'> <InPorts = 2> <OutPorts = 1>
ST_2 : Operation 93 [1/1] (0.00ns)   --->   "%fence_ln107 = fence void @_ssdm_op_Fence, i64 %outFeatureList, i64 %outputNumList, i32 4294967295, i128 %outputStream_0, i1 %lastStream, i128 %outputStream_1, i1 %lastStream_1" [../src/harness.cpp:107->../src/harness.cpp:151]   --->   Operation 93 'fence' 'fence_ln107' <Predicate = true> <Delay = 0.00>

State 3 <SV = 2> <Delay = 1.65>
ST_3 : Operation 94 [1/1] (0.00ns)   --->   "%trunc_ln1 = bitconcatenate i31 @_ssdm_op_BitConcatenate.i31.i27.i4, i27 %trunc_ln107, i4 0" [../src/harness.cpp:107->../src/harness.cpp:151]   --->   Operation 94 'bitconcatenate' 'trunc_ln1' <Predicate = (icmp_ln107)> <Delay = 0.00>
ST_3 : Operation 95 [1/1] (0.00ns)   --->   "%sext_ln107 = sext i58 %trunc_ln107_1" [../src/harness.cpp:107->../src/harness.cpp:151]   --->   Operation 95 'sext' 'sext_ln107' <Predicate = true> <Delay = 0.00>
ST_3 : Operation 96 [1/1] (0.00ns)   --->   "%gmem1_addr = getelementptr i512 %gmem1, i64 %sext_ln107" [../src/harness.cpp:107->../src/harness.cpp:151]   --->   Operation 96 'getelementptr' 'gmem1_addr' <Predicate = true> <Delay = 0.00>
ST_3 : Operation 97 [1/1] (0.41ns)   --->   "%empty_51 = select i1 %icmp_ln107, i31 %trunc_ln1, i31 0" [../src/harness.cpp:107->../src/harness.cpp:151]   --->   Operation 97 'select' 'empty_51' <Predicate = true> <Delay = 0.41> <CoreInst = "Sel">   --->   Core 77 'Sel' <Latency = 0> <II = 1> <Delay = 0.41> <FuncUnit> <Opcode : 'select'> <InPorts = 3> <OutPorts = 1>
ST_3 : Operation 98 [1/1] (0.00ns)   --->   "%zext_ln107 = zext i31 %empty_51" [../src/harness.cpp:107->../src/harness.cpp:151]   --->   Operation 98 'zext' 'zext_ln107' <Predicate = true> <Delay = 0.00>
ST_3 : Operation 99 [1/1] (0.00ns)   --->   "%muxLogicAXIMAddr_to_empty_52 = muxlogic i512 %gmem1_addr"   --->   Operation 99 'muxlogic' 'muxLogicAXIMAddr_to_empty_52' <Predicate = true> <Delay = 0.00>
ST_3 : Operation 100 [1/1] (0.00ns)   --->   "%muxLogicAXIMBurst_to_empty_52 = muxlogic i64 %zext_ln107"   --->   Operation 100 'muxlogic' 'muxLogicAXIMBurst_to_empty_52' <Predicate = true> <Delay = 0.00>
ST_3 : Operation 101 [1/1] (1.24ns)   --->   "%empty_52 = writereq i1 @_ssdm_op_WriteReq.m_axi.p1i512, i512 %gmem1_addr, i64 %zext_ln107" [../src/harness.cpp:107->../src/harness.cpp:151]   --->   Operation 101 'writereq' 'empty_52' <Predicate = true> <Delay = 1.24> <CoreInst = "m_axi">   --->   Core 123 'm_axi' <Latency = 0> <II = 1> <Delay = 1.44> <Adapter> <Opcode : 'read' 'write' 'readreq' 'writereq' 'writeresp'>

State 4 <SV = 3> <Delay = 1.09>
ST_4 : Operation 102 [2/2] (1.09ns)   --->   "%call_ln107 = call void @store_Pipeline_VITIS_LOOP_107_2, i32 %empty, i1 %lastStream_1, i1 %lastStream, i512 %gmem1, i58 %trunc_ln107_1, i128 %outputStream_0, i128 %outputStream_1, i32 %nums" [../src/harness.cpp:107->../src/harness.cpp:151]   --->   Operation 102 'call' 'call_ln107' <Predicate = true> <Delay = 1.09> <CoreType = "Generic">   --->   Generic Core

State 5 <SV = 4> <Delay = 0.00>
ST_5 : Operation 103 [1/2] (0.00ns)   --->   "%call_ln107 = call void @store_Pipeline_VITIS_LOOP_107_2, i32 %empty, i1 %lastStream_1, i1 %lastStream, i512 %gmem1, i58 %trunc_ln107_1, i128 %outputStream_0, i128 %outputStream_1, i32 %nums" [../src/harness.cpp:107->../src/harness.cpp:151]   --->   Operation 103 'call' 'call_ln107' <Predicate = true> <Delay = 0.00> <CoreType = "Generic">   --->   Generic Core

State 6 <SV = 5> <Delay = 1.24>
ST_6 : Operation 104 [1/1] (0.00ns)   --->   "%muxLogicAXIMCE_to_empty_53 = muxlogic"   --->   Operation 104 'muxlogic' 'muxLogicAXIMCE_to_empty_53' <Predicate = true> <Delay = 0.00>
ST_6 : Operation 105 [74/74] (1.24ns)   --->   "%empty_53 = writeresp i1 @_ssdm_op_WriteResp.m_axi.p1i512, i512 %gmem1_addr" [../src/harness.cpp:126->../src/harness.cpp:151]   --->   Operation 105 'writeresp' 'empty_53' <Predicate = true> <Delay = 1.24> <CoreInst = "m_axi">   --->   Core 123 'm_axi' <Latency = 9> <II = 1> <Delay = 1.44> <Adapter> <Opcode : 'read' 'write' 'readreq' 'writereq' 'writeresp'>

State 7 <SV = 6> <Delay = 2.21>
ST_7 : Operation 106 [73/74] (2.21ns)   --->   "%empty_53 = writeresp i1 @_ssdm_op_WriteResp.m_axi.p1i512, i512 %gmem1_addr" [../src/harness.cpp:126->../src/harness.cpp:151]   --->   Operation 106 'writeresp' 'empty_53' <Predicate = true> <Delay = 2.21> <CoreInst = "m_axi">   --->   Core 123 'm_axi' <Latency = 9> <II = 1> <Delay = 1.44> <Adapter> <Opcode : 'read' 'write' 'readreq' 'writereq' 'writeresp'>

State 8 <SV = 7> <Delay = 2.21>
ST_8 : Operation 107 [72/74] (2.21ns)   --->   "%empty_53 = writeresp i1 @_ssdm_op_WriteResp.m_axi.p1i512, i512 %gmem1_addr" [../src/harness.cpp:126->../src/harness.cpp:151]   --->   Operation 107 'writeresp' 'empty_53' <Predicate = true> <Delay = 2.21> <CoreInst = "m_axi">   --->   Core 123 'm_axi' <Latency = 9> <II = 1> <Delay = 1.44> <Adapter> <Opcode : 'read' 'write' 'readreq' 'writereq' 'writeresp'>

State 9 <SV = 8> <Delay = 2.21>
ST_9 : Operation 108 [71/74] (2.21ns)   --->   "%empty_53 = writeresp i1 @_ssdm_op_WriteResp.m_axi.p1i512, i512 %gmem1_addr" [../src/harness.cpp:126->../src/harness.cpp:151]   --->   Operation 108 'writeresp' 'empty_53' <Predicate = true> <Delay = 2.21> <CoreInst = "m_axi">   --->   Core 123 'm_axi' <Latency = 9> <II = 1> <Delay = 1.44> <Adapter> <Opcode : 'read' 'write' 'readreq' 'writereq' 'writeresp'>

State 10 <SV = 9> <Delay = 2.21>
ST_10 : Operation 109 [70/74] (2.21ns)   --->   "%empty_53 = writeresp i1 @_ssdm_op_WriteResp.m_axi.p1i512, i512 %gmem1_addr" [../src/harness.cpp:126->../src/harness.cpp:151]   --->   Operation 109 'writeresp' 'empty_53' <Predicate = true> <Delay = 2.21> <CoreInst = "m_axi">   --->   Core 123 'm_axi' <Latency = 9> <II = 1> <Delay = 1.44> <Adapter> <Opcode : 'read' 'write' 'readreq' 'writereq' 'writeresp'>

State 11 <SV = 10> <Delay = 2.21>
ST_11 : Operation 110 [69/74] (2.21ns)   --->   "%empty_53 = writeresp i1 @_ssdm_op_WriteResp.m_axi.p1i512, i512 %gmem1_addr" [../src/harness.cpp:126->../src/harness.cpp:151]   --->   Operation 110 'writeresp' 'empty_53' <Predicate = true> <Delay = 2.21> <CoreInst = "m_axi">   --->   Core 123 'm_axi' <Latency = 9> <II = 1> <Delay = 1.44> <Adapter> <Opcode : 'read' 'write' 'readreq' 'writereq' 'writeresp'>

State 12 <SV = 11> <Delay = 2.21>
ST_12 : Operation 111 [68/74] (2.21ns)   --->   "%empty_53 = writeresp i1 @_ssdm_op_WriteResp.m_axi.p1i512, i512 %gmem1_addr" [../src/harness.cpp:126->../src/harness.cpp:151]   --->   Operation 111 'writeresp' 'empty_53' <Predicate = true> <Delay = 2.21> <CoreInst = "m_axi">   --->   Core 123 'm_axi' <Latency = 9> <II = 1> <Delay = 1.44> <Adapter> <Opcode : 'read' 'write' 'readreq' 'writereq' 'writeresp'>

State 13 <SV = 12> <Delay = 2.21>
ST_13 : Operation 112 [67/74] (2.21ns)   --->   "%empty_53 = writeresp i1 @_ssdm_op_WriteResp.m_axi.p1i512, i512 %gmem1_addr" [../src/harness.cpp:126->../src/harness.cpp:151]   --->   Operation 112 'writeresp' 'empty_53' <Predicate = true> <Delay = 2.21> <CoreInst = "m_axi">   --->   Core 123 'm_axi' <Latency = 9> <II = 1> <Delay = 1.44> <Adapter> <Opcode : 'read' 'write' 'readreq' 'writereq' 'writeresp'>

State 14 <SV = 13> <Delay = 2.21>
ST_14 : Operation 113 [66/74] (2.21ns)   --->   "%empty_53 = writeresp i1 @_ssdm_op_WriteResp.m_axi.p1i512, i512 %gmem1_addr" [../src/harness.cpp:126->../src/harness.cpp:151]   --->   Operation 113 'writeresp' 'empty_53' <Predicate = true> <Delay = 2.21> <CoreInst = "m_axi">   --->   Core 123 'm_axi' <Latency = 9> <II = 1> <Delay = 1.44> <Adapter> <Opcode : 'read' 'write' 'readreq' 'writereq' 'writeresp'>

State 15 <SV = 14> <Delay = 2.21>
ST_15 : Operation 114 [65/74] (2.21ns)   --->   "%empty_53 = writeresp i1 @_ssdm_op_WriteResp.m_axi.p1i512, i512 %gmem1_addr" [../src/harness.cpp:126->../src/harness.cpp:151]   --->   Operation 114 'writeresp' 'empty_53' <Predicate = true> <Delay = 2.21> <CoreInst = "m_axi">   --->   Core 123 'm_axi' <Latency = 9> <II = 1> <Delay = 1.44> <Adapter> <Opcode : 'read' 'write' 'readreq' 'writereq' 'writeresp'>

State 16 <SV = 15> <Delay = 2.21>
ST_16 : Operation 115 [64/74] (2.21ns)   --->   "%empty_53 = writeresp i1 @_ssdm_op_WriteResp.m_axi.p1i512, i512 %gmem1_addr" [../src/harness.cpp:126->../src/harness.cpp:151]   --->   Operation 115 'writeresp' 'empty_53' <Predicate = true> <Delay = 2.21> <CoreInst = "m_axi">   --->   Core 123 'm_axi' <Latency = 9> <II = 1> <Delay = 1.44> <Adapter> <Opcode : 'read' 'write' 'readreq' 'writereq' 'writeresp'>

State 17 <SV = 16> <Delay = 2.21>
ST_17 : Operation 116 [63/74] (2.21ns)   --->   "%empty_53 = writeresp i1 @_ssdm_op_WriteResp.m_axi.p1i512, i512 %gmem1_addr" [../src/harness.cpp:126->../src/harness.cpp:151]   --->   Operation 116 'writeresp' 'empty_53' <Predicate = true> <Delay = 2.21> <CoreInst = "m_axi">   --->   Core 123 'm_axi' <Latency = 9> <II = 1> <Delay = 1.44> <Adapter> <Opcode : 'read' 'write' 'readreq' 'writereq' 'writeresp'>

State 18 <SV = 17> <Delay = 2.21>
ST_18 : Operation 117 [62/74] (2.21ns)   --->   "%empty_53 = writeresp i1 @_ssdm_op_WriteResp.m_axi.p1i512, i512 %gmem1_addr" [../src/harness.cpp:126->../src/harness.cpp:151]   --->   Operation 117 'writeresp' 'empty_53' <Predicate = true> <Delay = 2.21> <CoreInst = "m_axi">   --->   Core 123 'm_axi' <Latency = 9> <II = 1> <Delay = 1.44> <Adapter> <Opcode : 'read' 'write' 'readreq' 'writereq' 'writeresp'>

State 19 <SV = 18> <Delay = 2.21>
ST_19 : Operation 118 [61/74] (2.21ns)   --->   "%empty_53 = writeresp i1 @_ssdm_op_WriteResp.m_axi.p1i512, i512 %gmem1_addr" [../src/harness.cpp:126->../src/harness.cpp:151]   --->   Operation 118 'writeresp' 'empty_53' <Predicate = true> <Delay = 2.21> <CoreInst = "m_axi">   --->   Core 123 'm_axi' <Latency = 9> <II = 1> <Delay = 1.44> <Adapter> <Opcode : 'read' 'write' 'readreq' 'writereq' 'writeresp'>

State 20 <SV = 19> <Delay = 2.21>
ST_20 : Operation 119 [60/74] (2.21ns)   --->   "%empty_53 = writeresp i1 @_ssdm_op_WriteResp.m_axi.p1i512, i512 %gmem1_addr" [../src/harness.cpp:126->../src/harness.cpp:151]   --->   Operation 119 'writeresp' 'empty_53' <Predicate = true> <Delay = 2.21> <CoreInst = "m_axi">   --->   Core 123 'm_axi' <Latency = 9> <II = 1> <Delay = 1.44> <Adapter> <Opcode : 'read' 'write' 'readreq' 'writereq' 'writeresp'>

State 21 <SV = 20> <Delay = 2.21>
ST_21 : Operation 120 [59/74] (2.21ns)   --->   "%empty_53 = writeresp i1 @_ssdm_op_WriteResp.m_axi.p1i512, i512 %gmem1_addr" [../src/harness.cpp:126->../src/harness.cpp:151]   --->   Operation 120 'writeresp' 'empty_53' <Predicate = true> <Delay = 2.21> <CoreInst = "m_axi">   --->   Core 123 'm_axi' <Latency = 9> <II = 1> <Delay = 1.44> <Adapter> <Opcode : 'read' 'write' 'readreq' 'writereq' 'writeresp'>

State 22 <SV = 21> <Delay = 2.21>
ST_22 : Operation 121 [58/74] (2.21ns)   --->   "%empty_53 = writeresp i1 @_ssdm_op_WriteResp.m_axi.p1i512, i512 %gmem1_addr" [../src/harness.cpp:126->../src/harness.cpp:151]   --->   Operation 121 'writeresp' 'empty_53' <Predicate = true> <Delay = 2.21> <CoreInst = "m_axi">   --->   Core 123 'm_axi' <Latency = 9> <II = 1> <Delay = 1.44> <Adapter> <Opcode : 'read' 'write' 'readreq' 'writereq' 'writeresp'>

State 23 <SV = 22> <Delay = 2.21>
ST_23 : Operation 122 [57/74] (2.21ns)   --->   "%empty_53 = writeresp i1 @_ssdm_op_WriteResp.m_axi.p1i512, i512 %gmem1_addr" [../src/harness.cpp:126->../src/harness.cpp:151]   --->   Operation 122 'writeresp' 'empty_53' <Predicate = true> <Delay = 2.21> <CoreInst = "m_axi">   --->   Core 123 'm_axi' <Latency = 9> <II = 1> <Delay = 1.44> <Adapter> <Opcode : 'read' 'write' 'readreq' 'writereq' 'writeresp'>

State 24 <SV = 23> <Delay = 2.21>
ST_24 : Operation 123 [56/74] (2.21ns)   --->   "%empty_53 = writeresp i1 @_ssdm_op_WriteResp.m_axi.p1i512, i512 %gmem1_addr" [../src/harness.cpp:126->../src/harness.cpp:151]   --->   Operation 123 'writeresp' 'empty_53' <Predicate = true> <Delay = 2.21> <CoreInst = "m_axi">   --->   Core 123 'm_axi' <Latency = 9> <II = 1> <Delay = 1.44> <Adapter> <Opcode : 'read' 'write' 'readreq' 'writereq' 'writeresp'>

State 25 <SV = 24> <Delay = 2.21>
ST_25 : Operation 124 [55/74] (2.21ns)   --->   "%empty_53 = writeresp i1 @_ssdm_op_WriteResp.m_axi.p1i512, i512 %gmem1_addr" [../src/harness.cpp:126->../src/harness.cpp:151]   --->   Operation 124 'writeresp' 'empty_53' <Predicate = true> <Delay = 2.21> <CoreInst = "m_axi">   --->   Core 123 'm_axi' <Latency = 9> <II = 1> <Delay = 1.44> <Adapter> <Opcode : 'read' 'write' 'readreq' 'writereq' 'writeresp'>

State 26 <SV = 25> <Delay = 2.21>
ST_26 : Operation 125 [54/74] (2.21ns)   --->   "%empty_53 = writeresp i1 @_ssdm_op_WriteResp.m_axi.p1i512, i512 %gmem1_addr" [../src/harness.cpp:126->../src/harness.cpp:151]   --->   Operation 125 'writeresp' 'empty_53' <Predicate = true> <Delay = 2.21> <CoreInst = "m_axi">   --->   Core 123 'm_axi' <Latency = 9> <II = 1> <Delay = 1.44> <Adapter> <Opcode : 'read' 'write' 'readreq' 'writereq' 'writeresp'>

State 27 <SV = 26> <Delay = 2.21>
ST_27 : Operation 126 [53/74] (2.21ns)   --->   "%empty_53 = writeresp i1 @_ssdm_op_WriteResp.m_axi.p1i512, i512 %gmem1_addr" [../src/harness.cpp:126->../src/harness.cpp:151]   --->   Operation 126 'writeresp' 'empty_53' <Predicate = true> <Delay = 2.21> <CoreInst = "m_axi">   --->   Core 123 'm_axi' <Latency = 9> <II = 1> <Delay = 1.44> <Adapter> <Opcode : 'read' 'write' 'readreq' 'writereq' 'writeresp'>

State 28 <SV = 27> <Delay = 2.21>
ST_28 : Operation 127 [52/74] (2.21ns)   --->   "%empty_53 = writeresp i1 @_ssdm_op_WriteResp.m_axi.p1i512, i512 %gmem1_addr" [../src/harness.cpp:126->../src/harness.cpp:151]   --->   Operation 127 'writeresp' 'empty_53' <Predicate = true> <Delay = 2.21> <CoreInst = "m_axi">   --->   Core 123 'm_axi' <Latency = 9> <II = 1> <Delay = 1.44> <Adapter> <Opcode : 'read' 'write' 'readreq' 'writereq' 'writeresp'>

State 29 <SV = 28> <Delay = 2.21>
ST_29 : Operation 128 [51/74] (2.21ns)   --->   "%empty_53 = writeresp i1 @_ssdm_op_WriteResp.m_axi.p1i512, i512 %gmem1_addr" [../src/harness.cpp:126->../src/harness.cpp:151]   --->   Operation 128 'writeresp' 'empty_53' <Predicate = true> <Delay = 2.21> <CoreInst = "m_axi">   --->   Core 123 'm_axi' <Latency = 9> <II = 1> <Delay = 1.44> <Adapter> <Opcode : 'read' 'write' 'readreq' 'writereq' 'writeresp'>

State 30 <SV = 29> <Delay = 2.21>
ST_30 : Operation 129 [50/74] (2.21ns)   --->   "%empty_53 = writeresp i1 @_ssdm_op_WriteResp.m_axi.p1i512, i512 %gmem1_addr" [../src/harness.cpp:126->../src/harness.cpp:151]   --->   Operation 129 'writeresp' 'empty_53' <Predicate = true> <Delay = 2.21> <CoreInst = "m_axi">   --->   Core 123 'm_axi' <Latency = 9> <II = 1> <Delay = 1.44> <Adapter> <Opcode : 'read' 'write' 'readreq' 'writereq' 'writeresp'>

State 31 <SV = 30> <Delay = 2.21>
ST_31 : Operation 130 [49/74] (2.21ns)   --->   "%empty_53 = writeresp i1 @_ssdm_op_WriteResp.m_axi.p1i512, i512 %gmem1_addr" [../src/harness.cpp:126->../src/harness.cpp:151]   --->   Operation 130 'writeresp' 'empty_53' <Predicate = true> <Delay = 2.21> <CoreInst = "m_axi">   --->   Core 123 'm_axi' <Latency = 9> <II = 1> <Delay = 1.44> <Adapter> <Opcode : 'read' 'write' 'readreq' 'writereq' 'writeresp'>

State 32 <SV = 31> <Delay = 2.21>
ST_32 : Operation 131 [48/74] (2.21ns)   --->   "%empty_53 = writeresp i1 @_ssdm_op_WriteResp.m_axi.p1i512, i512 %gmem1_addr" [../src/harness.cpp:126->../src/harness.cpp:151]   --->   Operation 131 'writeresp' 'empty_53' <Predicate = true> <Delay = 2.21> <CoreInst = "m_axi">   --->   Core 123 'm_axi' <Latency = 9> <II = 1> <Delay = 1.44> <Adapter> <Opcode : 'read' 'write' 'readreq' 'writereq' 'writeresp'>

State 33 <SV = 32> <Delay = 2.21>
ST_33 : Operation 132 [47/74] (2.21ns)   --->   "%empty_53 = writeresp i1 @_ssdm_op_WriteResp.m_axi.p1i512, i512 %gmem1_addr" [../src/harness.cpp:126->../src/harness.cpp:151]   --->   Operation 132 'writeresp' 'empty_53' <Predicate = true> <Delay = 2.21> <CoreInst = "m_axi">   --->   Core 123 'm_axi' <Latency = 9> <II = 1> <Delay = 1.44> <Adapter> <Opcode : 'read' 'write' 'readreq' 'writereq' 'writeresp'>

State 34 <SV = 33> <Delay = 2.21>
ST_34 : Operation 133 [46/74] (2.21ns)   --->   "%empty_53 = writeresp i1 @_ssdm_op_WriteResp.m_axi.p1i512, i512 %gmem1_addr" [../src/harness.cpp:126->../src/harness.cpp:151]   --->   Operation 133 'writeresp' 'empty_53' <Predicate = true> <Delay = 2.21> <CoreInst = "m_axi">   --->   Core 123 'm_axi' <Latency = 9> <II = 1> <Delay = 1.44> <Adapter> <Opcode : 'read' 'write' 'readreq' 'writereq' 'writeresp'>

State 35 <SV = 34> <Delay = 2.21>
ST_35 : Operation 134 [45/74] (2.21ns)   --->   "%empty_53 = writeresp i1 @_ssdm_op_WriteResp.m_axi.p1i512, i512 %gmem1_addr" [../src/harness.cpp:126->../src/harness.cpp:151]   --->   Operation 134 'writeresp' 'empty_53' <Predicate = true> <Delay = 2.21> <CoreInst = "m_axi">   --->   Core 123 'm_axi' <Latency = 9> <II = 1> <Delay = 1.44> <Adapter> <Opcode : 'read' 'write' 'readreq' 'writereq' 'writeresp'>

State 36 <SV = 35> <Delay = 2.21>
ST_36 : Operation 135 [44/74] (2.21ns)   --->   "%empty_53 = writeresp i1 @_ssdm_op_WriteResp.m_axi.p1i512, i512 %gmem1_addr" [../src/harness.cpp:126->../src/harness.cpp:151]   --->   Operation 135 'writeresp' 'empty_53' <Predicate = true> <Delay = 2.21> <CoreInst = "m_axi">   --->   Core 123 'm_axi' <Latency = 9> <II = 1> <Delay = 1.44> <Adapter> <Opcode : 'read' 'write' 'readreq' 'writereq' 'writeresp'>

State 37 <SV = 36> <Delay = 2.21>
ST_37 : Operation 136 [43/74] (2.21ns)   --->   "%empty_53 = writeresp i1 @_ssdm_op_WriteResp.m_axi.p1i512, i512 %gmem1_addr" [../src/harness.cpp:126->../src/harness.cpp:151]   --->   Operation 136 'writeresp' 'empty_53' <Predicate = true> <Delay = 2.21> <CoreInst = "m_axi">   --->   Core 123 'm_axi' <Latency = 9> <II = 1> <Delay = 1.44> <Adapter> <Opcode : 'read' 'write' 'readreq' 'writereq' 'writeresp'>

State 38 <SV = 37> <Delay = 2.21>
ST_38 : Operation 137 [42/74] (2.21ns)   --->   "%empty_53 = writeresp i1 @_ssdm_op_WriteResp.m_axi.p1i512, i512 %gmem1_addr" [../src/harness.cpp:126->../src/harness.cpp:151]   --->   Operation 137 'writeresp' 'empty_53' <Predicate = true> <Delay = 2.21> <CoreInst = "m_axi">   --->   Core 123 'm_axi' <Latency = 9> <II = 1> <Delay = 1.44> <Adapter> <Opcode : 'read' 'write' 'readreq' 'writereq' 'writeresp'>

State 39 <SV = 38> <Delay = 2.21>
ST_39 : Operation 138 [41/74] (2.21ns)   --->   "%empty_53 = writeresp i1 @_ssdm_op_WriteResp.m_axi.p1i512, i512 %gmem1_addr" [../src/harness.cpp:126->../src/harness.cpp:151]   --->   Operation 138 'writeresp' 'empty_53' <Predicate = true> <Delay = 2.21> <CoreInst = "m_axi">   --->   Core 123 'm_axi' <Latency = 9> <II = 1> <Delay = 1.44> <Adapter> <Opcode : 'read' 'write' 'readreq' 'writereq' 'writeresp'>

State 40 <SV = 39> <Delay = 2.21>
ST_40 : Operation 139 [40/74] (2.21ns)   --->   "%empty_53 = writeresp i1 @_ssdm_op_WriteResp.m_axi.p1i512, i512 %gmem1_addr" [../src/harness.cpp:126->../src/harness.cpp:151]   --->   Operation 139 'writeresp' 'empty_53' <Predicate = true> <Delay = 2.21> <CoreInst = "m_axi">   --->   Core 123 'm_axi' <Latency = 9> <II = 1> <Delay = 1.44> <Adapter> <Opcode : 'read' 'write' 'readreq' 'writereq' 'writeresp'>

State 41 <SV = 40> <Delay = 2.21>
ST_41 : Operation 140 [39/74] (2.21ns)   --->   "%empty_53 = writeresp i1 @_ssdm_op_WriteResp.m_axi.p1i512, i512 %gmem1_addr" [../src/harness.cpp:126->../src/harness.cpp:151]   --->   Operation 140 'writeresp' 'empty_53' <Predicate = true> <Delay = 2.21> <CoreInst = "m_axi">   --->   Core 123 'm_axi' <Latency = 9> <II = 1> <Delay = 1.44> <Adapter> <Opcode : 'read' 'write' 'readreq' 'writereq' 'writeresp'>

State 42 <SV = 41> <Delay = 2.21>
ST_42 : Operation 141 [38/74] (2.21ns)   --->   "%empty_53 = writeresp i1 @_ssdm_op_WriteResp.m_axi.p1i512, i512 %gmem1_addr" [../src/harness.cpp:126->../src/harness.cpp:151]   --->   Operation 141 'writeresp' 'empty_53' <Predicate = true> <Delay = 2.21> <CoreInst = "m_axi">   --->   Core 123 'm_axi' <Latency = 9> <II = 1> <Delay = 1.44> <Adapter> <Opcode : 'read' 'write' 'readreq' 'writereq' 'writeresp'>

State 43 <SV = 42> <Delay = 2.21>
ST_43 : Operation 142 [37/74] (2.21ns)   --->   "%empty_53 = writeresp i1 @_ssdm_op_WriteResp.m_axi.p1i512, i512 %gmem1_addr" [../src/harness.cpp:126->../src/harness.cpp:151]   --->   Operation 142 'writeresp' 'empty_53' <Predicate = true> <Delay = 2.21> <CoreInst = "m_axi">   --->   Core 123 'm_axi' <Latency = 9> <II = 1> <Delay = 1.44> <Adapter> <Opcode : 'read' 'write' 'readreq' 'writereq' 'writeresp'>

State 44 <SV = 43> <Delay = 2.21>
ST_44 : Operation 143 [36/74] (2.21ns)   --->   "%empty_53 = writeresp i1 @_ssdm_op_WriteResp.m_axi.p1i512, i512 %gmem1_addr" [../src/harness.cpp:126->../src/harness.cpp:151]   --->   Operation 143 'writeresp' 'empty_53' <Predicate = true> <Delay = 2.21> <CoreInst = "m_axi">   --->   Core 123 'm_axi' <Latency = 9> <II = 1> <Delay = 1.44> <Adapter> <Opcode : 'read' 'write' 'readreq' 'writereq' 'writeresp'>

State 45 <SV = 44> <Delay = 2.21>
ST_45 : Operation 144 [35/74] (2.21ns)   --->   "%empty_53 = writeresp i1 @_ssdm_op_WriteResp.m_axi.p1i512, i512 %gmem1_addr" [../src/harness.cpp:126->../src/harness.cpp:151]   --->   Operation 144 'writeresp' 'empty_53' <Predicate = true> <Delay = 2.21> <CoreInst = "m_axi">   --->   Core 123 'm_axi' <Latency = 9> <II = 1> <Delay = 1.44> <Adapter> <Opcode : 'read' 'write' 'readreq' 'writereq' 'writeresp'>

State 46 <SV = 45> <Delay = 2.21>
ST_46 : Operation 145 [34/74] (2.21ns)   --->   "%empty_53 = writeresp i1 @_ssdm_op_WriteResp.m_axi.p1i512, i512 %gmem1_addr" [../src/harness.cpp:126->../src/harness.cpp:151]   --->   Operation 145 'writeresp' 'empty_53' <Predicate = true> <Delay = 2.21> <CoreInst = "m_axi">   --->   Core 123 'm_axi' <Latency = 9> <II = 1> <Delay = 1.44> <Adapter> <Opcode : 'read' 'write' 'readreq' 'writereq' 'writeresp'>

State 47 <SV = 46> <Delay = 2.21>
ST_47 : Operation 146 [33/74] (2.21ns)   --->   "%empty_53 = writeresp i1 @_ssdm_op_WriteResp.m_axi.p1i512, i512 %gmem1_addr" [../src/harness.cpp:126->../src/harness.cpp:151]   --->   Operation 146 'writeresp' 'empty_53' <Predicate = true> <Delay = 2.21> <CoreInst = "m_axi">   --->   Core 123 'm_axi' <Latency = 9> <II = 1> <Delay = 1.44> <Adapter> <Opcode : 'read' 'write' 'readreq' 'writereq' 'writeresp'>

State 48 <SV = 47> <Delay = 2.21>
ST_48 : Operation 147 [32/74] (2.21ns)   --->   "%empty_53 = writeresp i1 @_ssdm_op_WriteResp.m_axi.p1i512, i512 %gmem1_addr" [../src/harness.cpp:126->../src/harness.cpp:151]   --->   Operation 147 'writeresp' 'empty_53' <Predicate = true> <Delay = 2.21> <CoreInst = "m_axi">   --->   Core 123 'm_axi' <Latency = 9> <II = 1> <Delay = 1.44> <Adapter> <Opcode : 'read' 'write' 'readreq' 'writereq' 'writeresp'>

State 49 <SV = 48> <Delay = 2.21>
ST_49 : Operation 148 [31/74] (2.21ns)   --->   "%empty_53 = writeresp i1 @_ssdm_op_WriteResp.m_axi.p1i512, i512 %gmem1_addr" [../src/harness.cpp:126->../src/harness.cpp:151]   --->   Operation 148 'writeresp' 'empty_53' <Predicate = true> <Delay = 2.21> <CoreInst = "m_axi">   --->   Core 123 'm_axi' <Latency = 9> <II = 1> <Delay = 1.44> <Adapter> <Opcode : 'read' 'write' 'readreq' 'writereq' 'writeresp'>

State 50 <SV = 49> <Delay = 2.21>
ST_50 : Operation 149 [30/74] (2.21ns)   --->   "%empty_53 = writeresp i1 @_ssdm_op_WriteResp.m_axi.p1i512, i512 %gmem1_addr" [../src/harness.cpp:126->../src/harness.cpp:151]   --->   Operation 149 'writeresp' 'empty_53' <Predicate = true> <Delay = 2.21> <CoreInst = "m_axi">   --->   Core 123 'm_axi' <Latency = 9> <II = 1> <Delay = 1.44> <Adapter> <Opcode : 'read' 'write' 'readreq' 'writereq' 'writeresp'>

State 51 <SV = 50> <Delay = 2.21>
ST_51 : Operation 150 [29/74] (2.21ns)   --->   "%empty_53 = writeresp i1 @_ssdm_op_WriteResp.m_axi.p1i512, i512 %gmem1_addr" [../src/harness.cpp:126->../src/harness.cpp:151]   --->   Operation 150 'writeresp' 'empty_53' <Predicate = true> <Delay = 2.21> <CoreInst = "m_axi">   --->   Core 123 'm_axi' <Latency = 9> <II = 1> <Delay = 1.44> <Adapter> <Opcode : 'read' 'write' 'readreq' 'writereq' 'writeresp'>

State 52 <SV = 51> <Delay = 2.21>
ST_52 : Operation 151 [28/74] (2.21ns)   --->   "%empty_53 = writeresp i1 @_ssdm_op_WriteResp.m_axi.p1i512, i512 %gmem1_addr" [../src/harness.cpp:126->../src/harness.cpp:151]   --->   Operation 151 'writeresp' 'empty_53' <Predicate = true> <Delay = 2.21> <CoreInst = "m_axi">   --->   Core 123 'm_axi' <Latency = 9> <II = 1> <Delay = 1.44> <Adapter> <Opcode : 'read' 'write' 'readreq' 'writereq' 'writeresp'>

State 53 <SV = 52> <Delay = 2.21>
ST_53 : Operation 152 [27/74] (2.21ns)   --->   "%empty_53 = writeresp i1 @_ssdm_op_WriteResp.m_axi.p1i512, i512 %gmem1_addr" [../src/harness.cpp:126->../src/harness.cpp:151]   --->   Operation 152 'writeresp' 'empty_53' <Predicate = true> <Delay = 2.21> <CoreInst = "m_axi">   --->   Core 123 'm_axi' <Latency = 9> <II = 1> <Delay = 1.44> <Adapter> <Opcode : 'read' 'write' 'readreq' 'writereq' 'writeresp'>

State 54 <SV = 53> <Delay = 2.21>
ST_54 : Operation 153 [26/74] (2.21ns)   --->   "%empty_53 = writeresp i1 @_ssdm_op_WriteResp.m_axi.p1i512, i512 %gmem1_addr" [../src/harness.cpp:126->../src/harness.cpp:151]   --->   Operation 153 'writeresp' 'empty_53' <Predicate = true> <Delay = 2.21> <CoreInst = "m_axi">   --->   Core 123 'm_axi' <Latency = 9> <II = 1> <Delay = 1.44> <Adapter> <Opcode : 'read' 'write' 'readreq' 'writereq' 'writeresp'>

State 55 <SV = 54> <Delay = 2.21>
ST_55 : Operation 154 [25/74] (2.21ns)   --->   "%empty_53 = writeresp i1 @_ssdm_op_WriteResp.m_axi.p1i512, i512 %gmem1_addr" [../src/harness.cpp:126->../src/harness.cpp:151]   --->   Operation 154 'writeresp' 'empty_53' <Predicate = true> <Delay = 2.21> <CoreInst = "m_axi">   --->   Core 123 'm_axi' <Latency = 9> <II = 1> <Delay = 1.44> <Adapter> <Opcode : 'read' 'write' 'readreq' 'writereq' 'writeresp'>

State 56 <SV = 55> <Delay = 2.21>
ST_56 : Operation 155 [24/74] (2.21ns)   --->   "%empty_53 = writeresp i1 @_ssdm_op_WriteResp.m_axi.p1i512, i512 %gmem1_addr" [../src/harness.cpp:126->../src/harness.cpp:151]   --->   Operation 155 'writeresp' 'empty_53' <Predicate = true> <Delay = 2.21> <CoreInst = "m_axi">   --->   Core 123 'm_axi' <Latency = 9> <II = 1> <Delay = 1.44> <Adapter> <Opcode : 'read' 'write' 'readreq' 'writereq' 'writeresp'>

State 57 <SV = 56> <Delay = 2.21>
ST_57 : Operation 156 [23/74] (2.21ns)   --->   "%empty_53 = writeresp i1 @_ssdm_op_WriteResp.m_axi.p1i512, i512 %gmem1_addr" [../src/harness.cpp:126->../src/harness.cpp:151]   --->   Operation 156 'writeresp' 'empty_53' <Predicate = true> <Delay = 2.21> <CoreInst = "m_axi">   --->   Core 123 'm_axi' <Latency = 9> <II = 1> <Delay = 1.44> <Adapter> <Opcode : 'read' 'write' 'readreq' 'writereq' 'writeresp'>

State 58 <SV = 57> <Delay = 2.21>
ST_58 : Operation 157 [22/74] (2.21ns)   --->   "%empty_53 = writeresp i1 @_ssdm_op_WriteResp.m_axi.p1i512, i512 %gmem1_addr" [../src/harness.cpp:126->../src/harness.cpp:151]   --->   Operation 157 'writeresp' 'empty_53' <Predicate = true> <Delay = 2.21> <CoreInst = "m_axi">   --->   Core 123 'm_axi' <Latency = 9> <II = 1> <Delay = 1.44> <Adapter> <Opcode : 'read' 'write' 'readreq' 'writereq' 'writeresp'>

State 59 <SV = 58> <Delay = 2.21>
ST_59 : Operation 158 [21/74] (2.21ns)   --->   "%empty_53 = writeresp i1 @_ssdm_op_WriteResp.m_axi.p1i512, i512 %gmem1_addr" [../src/harness.cpp:126->../src/harness.cpp:151]   --->   Operation 158 'writeresp' 'empty_53' <Predicate = true> <Delay = 2.21> <CoreInst = "m_axi">   --->   Core 123 'm_axi' <Latency = 9> <II = 1> <Delay = 1.44> <Adapter> <Opcode : 'read' 'write' 'readreq' 'writereq' 'writeresp'>

State 60 <SV = 59> <Delay = 2.21>
ST_60 : Operation 159 [20/74] (2.21ns)   --->   "%empty_53 = writeresp i1 @_ssdm_op_WriteResp.m_axi.p1i512, i512 %gmem1_addr" [../src/harness.cpp:126->../src/harness.cpp:151]   --->   Operation 159 'writeresp' 'empty_53' <Predicate = true> <Delay = 2.21> <CoreInst = "m_axi">   --->   Core 123 'm_axi' <Latency = 9> <II = 1> <Delay = 1.44> <Adapter> <Opcode : 'read' 'write' 'readreq' 'writereq' 'writeresp'>

State 61 <SV = 60> <Delay = 2.21>
ST_61 : Operation 160 [19/74] (2.21ns)   --->   "%empty_53 = writeresp i1 @_ssdm_op_WriteResp.m_axi.p1i512, i512 %gmem1_addr" [../src/harness.cpp:126->../src/harness.cpp:151]   --->   Operation 160 'writeresp' 'empty_53' <Predicate = true> <Delay = 2.21> <CoreInst = "m_axi">   --->   Core 123 'm_axi' <Latency = 9> <II = 1> <Delay = 1.44> <Adapter> <Opcode : 'read' 'write' 'readreq' 'writereq' 'writeresp'>

State 62 <SV = 61> <Delay = 2.21>
ST_62 : Operation 161 [18/74] (2.21ns)   --->   "%empty_53 = writeresp i1 @_ssdm_op_WriteResp.m_axi.p1i512, i512 %gmem1_addr" [../src/harness.cpp:126->../src/harness.cpp:151]   --->   Operation 161 'writeresp' 'empty_53' <Predicate = true> <Delay = 2.21> <CoreInst = "m_axi">   --->   Core 123 'm_axi' <Latency = 9> <II = 1> <Delay = 1.44> <Adapter> <Opcode : 'read' 'write' 'readreq' 'writereq' 'writeresp'>

State 63 <SV = 62> <Delay = 2.21>
ST_63 : Operation 162 [17/74] (2.21ns)   --->   "%empty_53 = writeresp i1 @_ssdm_op_WriteResp.m_axi.p1i512, i512 %gmem1_addr" [../src/harness.cpp:126->../src/harness.cpp:151]   --->   Operation 162 'writeresp' 'empty_53' <Predicate = true> <Delay = 2.21> <CoreInst = "m_axi">   --->   Core 123 'm_axi' <Latency = 9> <II = 1> <Delay = 1.44> <Adapter> <Opcode : 'read' 'write' 'readreq' 'writereq' 'writeresp'>

State 64 <SV = 63> <Delay = 2.21>
ST_64 : Operation 163 [16/74] (2.21ns)   --->   "%empty_53 = writeresp i1 @_ssdm_op_WriteResp.m_axi.p1i512, i512 %gmem1_addr" [../src/harness.cpp:126->../src/harness.cpp:151]   --->   Operation 163 'writeresp' 'empty_53' <Predicate = true> <Delay = 2.21> <CoreInst = "m_axi">   --->   Core 123 'm_axi' <Latency = 9> <II = 1> <Delay = 1.44> <Adapter> <Opcode : 'read' 'write' 'readreq' 'writereq' 'writeresp'>

State 65 <SV = 64> <Delay = 2.21>
ST_65 : Operation 164 [15/74] (2.21ns)   --->   "%empty_53 = writeresp i1 @_ssdm_op_WriteResp.m_axi.p1i512, i512 %gmem1_addr" [../src/harness.cpp:126->../src/harness.cpp:151]   --->   Operation 164 'writeresp' 'empty_53' <Predicate = true> <Delay = 2.21> <CoreInst = "m_axi">   --->   Core 123 'm_axi' <Latency = 9> <II = 1> <Delay = 1.44> <Adapter> <Opcode : 'read' 'write' 'readreq' 'writereq' 'writeresp'>

State 66 <SV = 65> <Delay = 2.21>
ST_66 : Operation 165 [14/74] (2.21ns)   --->   "%empty_53 = writeresp i1 @_ssdm_op_WriteResp.m_axi.p1i512, i512 %gmem1_addr" [../src/harness.cpp:126->../src/harness.cpp:151]   --->   Operation 165 'writeresp' 'empty_53' <Predicate = true> <Delay = 2.21> <CoreInst = "m_axi">   --->   Core 123 'm_axi' <Latency = 9> <II = 1> <Delay = 1.44> <Adapter> <Opcode : 'read' 'write' 'readreq' 'writereq' 'writeresp'>

State 67 <SV = 66> <Delay = 2.21>
ST_67 : Operation 166 [13/74] (2.21ns)   --->   "%empty_53 = writeresp i1 @_ssdm_op_WriteResp.m_axi.p1i512, i512 %gmem1_addr" [../src/harness.cpp:126->../src/harness.cpp:151]   --->   Operation 166 'writeresp' 'empty_53' <Predicate = true> <Delay = 2.21> <CoreInst = "m_axi">   --->   Core 123 'm_axi' <Latency = 9> <II = 1> <Delay = 1.44> <Adapter> <Opcode : 'read' 'write' 'readreq' 'writereq' 'writeresp'>

State 68 <SV = 67> <Delay = 2.21>
ST_68 : Operation 167 [12/74] (2.21ns)   --->   "%empty_53 = writeresp i1 @_ssdm_op_WriteResp.m_axi.p1i512, i512 %gmem1_addr" [../src/harness.cpp:126->../src/harness.cpp:151]   --->   Operation 167 'writeresp' 'empty_53' <Predicate = true> <Delay = 2.21> <CoreInst = "m_axi">   --->   Core 123 'm_axi' <Latency = 9> <II = 1> <Delay = 1.44> <Adapter> <Opcode : 'read' 'write' 'readreq' 'writereq' 'writeresp'>

State 69 <SV = 68> <Delay = 2.21>
ST_69 : Operation 168 [11/74] (2.21ns)   --->   "%empty_53 = writeresp i1 @_ssdm_op_WriteResp.m_axi.p1i512, i512 %gmem1_addr" [../src/harness.cpp:126->../src/harness.cpp:151]   --->   Operation 168 'writeresp' 'empty_53' <Predicate = true> <Delay = 2.21> <CoreInst = "m_axi">   --->   Core 123 'm_axi' <Latency = 9> <II = 1> <Delay = 1.44> <Adapter> <Opcode : 'read' 'write' 'readreq' 'writereq' 'writeresp'>

State 70 <SV = 69> <Delay = 2.21>
ST_70 : Operation 169 [10/74] (2.21ns)   --->   "%empty_53 = writeresp i1 @_ssdm_op_WriteResp.m_axi.p1i512, i512 %gmem1_addr" [../src/harness.cpp:126->../src/harness.cpp:151]   --->   Operation 169 'writeresp' 'empty_53' <Predicate = true> <Delay = 2.21> <CoreInst = "m_axi">   --->   Core 123 'm_axi' <Latency = 9> <II = 1> <Delay = 1.44> <Adapter> <Opcode : 'read' 'write' 'readreq' 'writereq' 'writeresp'>

State 71 <SV = 70> <Delay = 2.21>
ST_71 : Operation 170 [9/74] (2.21ns)   --->   "%empty_53 = writeresp i1 @_ssdm_op_WriteResp.m_axi.p1i512, i512 %gmem1_addr" [../src/harness.cpp:126->../src/harness.cpp:151]   --->   Operation 170 'writeresp' 'empty_53' <Predicate = true> <Delay = 2.21> <CoreInst = "m_axi">   --->   Core 123 'm_axi' <Latency = 9> <II = 1> <Delay = 1.44> <Adapter> <Opcode : 'read' 'write' 'readreq' 'writereq' 'writeresp'>

State 72 <SV = 71> <Delay = 2.21>
ST_72 : Operation 171 [8/74] (2.21ns)   --->   "%empty_53 = writeresp i1 @_ssdm_op_WriteResp.m_axi.p1i512, i512 %gmem1_addr" [../src/harness.cpp:126->../src/harness.cpp:151]   --->   Operation 171 'writeresp' 'empty_53' <Predicate = true> <Delay = 2.21> <CoreInst = "m_axi">   --->   Core 123 'm_axi' <Latency = 9> <II = 1> <Delay = 1.44> <Adapter> <Opcode : 'read' 'write' 'readreq' 'writereq' 'writeresp'>

State 73 <SV = 72> <Delay = 2.21>
ST_73 : Operation 172 [7/74] (2.21ns)   --->   "%empty_53 = writeresp i1 @_ssdm_op_WriteResp.m_axi.p1i512, i512 %gmem1_addr" [../src/harness.cpp:126->../src/harness.cpp:151]   --->   Operation 172 'writeresp' 'empty_53' <Predicate = true> <Delay = 2.21> <CoreInst = "m_axi">   --->   Core 123 'm_axi' <Latency = 9> <II = 1> <Delay = 1.44> <Adapter> <Opcode : 'read' 'write' 'readreq' 'writereq' 'writeresp'>

State 74 <SV = 73> <Delay = 2.21>
ST_74 : Operation 173 [6/74] (2.21ns)   --->   "%empty_53 = writeresp i1 @_ssdm_op_WriteResp.m_axi.p1i512, i512 %gmem1_addr" [../src/harness.cpp:126->../src/harness.cpp:151]   --->   Operation 173 'writeresp' 'empty_53' <Predicate = true> <Delay = 2.21> <CoreInst = "m_axi">   --->   Core 123 'm_axi' <Latency = 9> <II = 1> <Delay = 1.44> <Adapter> <Opcode : 'read' 'write' 'readreq' 'writereq' 'writeresp'>

State 75 <SV = 74> <Delay = 2.21>
ST_75 : Operation 174 [5/74] (2.21ns)   --->   "%empty_53 = writeresp i1 @_ssdm_op_WriteResp.m_axi.p1i512, i512 %gmem1_addr" [../src/harness.cpp:126->../src/harness.cpp:151]   --->   Operation 174 'writeresp' 'empty_53' <Predicate = true> <Delay = 2.21> <CoreInst = "m_axi">   --->   Core 123 'm_axi' <Latency = 9> <II = 1> <Delay = 1.44> <Adapter> <Opcode : 'read' 'write' 'readreq' 'writereq' 'writeresp'>

State 76 <SV = 75> <Delay = 2.21>
ST_76 : Operation 175 [4/74] (2.21ns)   --->   "%empty_53 = writeresp i1 @_ssdm_op_WriteResp.m_axi.p1i512, i512 %gmem1_addr" [../src/harness.cpp:126->../src/harness.cpp:151]   --->   Operation 175 'writeresp' 'empty_53' <Predicate = true> <Delay = 2.21> <CoreInst = "m_axi">   --->   Core 123 'm_axi' <Latency = 9> <II = 1> <Delay = 1.44> <Adapter> <Opcode : 'read' 'write' 'readreq' 'writereq' 'writeresp'>

State 77 <SV = 76> <Delay = 2.21>
ST_77 : Operation 176 [3/74] (2.21ns)   --->   "%empty_53 = writeresp i1 @_ssdm_op_WriteResp.m_axi.p1i512, i512 %gmem1_addr" [../src/harness.cpp:126->../src/harness.cpp:151]   --->   Operation 176 'writeresp' 'empty_53' <Predicate = true> <Delay = 2.21> <CoreInst = "m_axi">   --->   Core 123 'm_axi' <Latency = 9> <II = 1> <Delay = 1.44> <Adapter> <Opcode : 'read' 'write' 'readreq' 'writereq' 'writeresp'>

State 78 <SV = 77> <Delay = 2.21>
ST_78 : Operation 177 [2/74] (2.21ns)   --->   "%empty_53 = writeresp i1 @_ssdm_op_WriteResp.m_axi.p1i512, i512 %gmem1_addr" [../src/harness.cpp:126->../src/harness.cpp:151]   --->   Operation 177 'writeresp' 'empty_53' <Predicate = true> <Delay = 2.21> <CoreInst = "m_axi">   --->   Core 123 'm_axi' <Latency = 9> <II = 1> <Delay = 1.44> <Adapter> <Opcode : 'read' 'write' 'readreq' 'writereq' 'writeresp'>

State 79 <SV = 78> <Delay = 0.86>
ST_79 : Operation 178 [1/1] (0.00ns)   --->   "%specinterface_ln0 = specinterface void @_ssdm_op_SpecInterface, i64 %outFeatureList, void @ap_fifo_str, i32 0, i32 0, void @p_str, i32 0, i32 0, void @p_str, void @p_str, void @p_str, i32 2, i32 2, i32 16, i32 16, void @p_str, void @ScalarProp_str, i32 4294967295, i32 0, i32 0"   --->   Operation 178 'specinterface' 'specinterface_ln0' <Predicate = true> <Delay = 0.00>
ST_79 : Operation 179 [1/1] (0.00ns)   --->   "%specinterface_ln0 = specinterface void @_ssdm_op_SpecInterface, i64 %outputNumList, void @ap_fifo_str, i32 0, i32 0, void @p_str, i32 0, i32 0, void @p_str, void @p_str, void @p_str, i32 2, i32 2, i32 16, i32 16, void @p_str, void @ScalarProp_str, i32 4294967295, i32 0, i32 0"   --->   Operation 179 'specinterface' 'specinterface_ln0' <Predicate = true> <Delay = 0.00>
ST_79 : Operation 180 [1/1] (0.00ns)   --->   "%specstablecontent_ln0 = specstablecontent void @_ssdm_op_SpecStableContent, i32 %numEvents, void "   --->   Operation 180 'specstablecontent' 'specstablecontent_ln0' <Predicate = true> <Delay = 0.00>
ST_79 : Operation 181 [1/1] (0.00ns)   --->   "%specinterface_ln0 = specinterface void @_ssdm_op_SpecInterface, i1 %lastStream_1, void @empty_3, i32 0, i32 0, void @empty_24, i32 0, i32 0, void @empty_24, void @empty_24, void @empty_24, i32 0, i32 0, i32 0, i32 0, void @empty_24, void @empty_24, i32 4294967295, i32 0, i32 0"   --->   Operation 181 'specinterface' 'specinterface_ln0' <Predicate = true> <Delay = 0.00>
ST_79 : Operation 182 [1/1] (0.00ns)   --->   "%specinterface_ln0 = specinterface void @_ssdm_op_SpecInterface, i1 %lastStream, void @empty_3, i32 0, i32 0, void @empty_24, i32 0, i32 0, void @empty_24, void @empty_24, void @empty_24, i32 0, i32 0, i32 0, i32 0, void @empty_24, void @empty_24, i32 4294967295, i32 0, i32 0"   --->   Operation 182 'specinterface' 'specinterface_ln0' <Predicate = true> <Delay = 0.00>
ST_79 : Operation 183 [1/1] (0.00ns)   --->   "%specinterface_ln0 = specinterface void @_ssdm_op_SpecInterface, i128 %outputStream_1, void @empty_3, i32 0, i32 0, void @empty_24, i32 0, i32 0, void @empty_24, void @empty_24, void @empty_24, i32 0, i32 0, i32 0, i32 0, void @empty_24, void @empty_24, i32 4294967295, i32 0, i32 0"   --->   Operation 183 'specinterface' 'specinterface_ln0' <Predicate = true> <Delay = 0.00>
ST_79 : Operation 184 [1/1] (0.00ns)   --->   "%specinterface_ln0 = specinterface void @_ssdm_op_SpecInterface, i128 %outputStream_0, void @empty_3, i32 0, i32 0, void @empty_24, i32 0, i32 0, void @empty_24, void @empty_24, void @empty_24, i32 0, i32 0, i32 0, i32 0, void @empty_24, void @empty_24, i32 4294967295, i32 0, i32 0"   --->   Operation 184 'specinterface' 'specinterface_ln0' <Predicate = true> <Delay = 0.00>
ST_79 : Operation 185 [1/1] (0.00ns)   --->   "%specinterface_ln0 = specinterface void @_ssdm_op_SpecInterface, i512 %gmem1, void @empty_0, i32 0, i32 0, void @empty_24, i32 64, i32 4, void @empty_21, void @empty_22, void @empty_24, i32 16, i32 16, i32 16, i32 16, void @empty_24, void @empty_24, i32 4294967295, i32 0, i32 0"   --->   Operation 185 'specinterface' 'specinterface_ln0' <Predicate = true> <Delay = 0.00>
ST_79 : Operation 186 [1/74] (0.86ns)   --->   "%empty_53 = writeresp i1 @_ssdm_op_WriteResp.m_axi.p1i512, i512 %gmem1_addr" [../src/harness.cpp:126->../src/harness.cpp:151]   --->   Operation 186 'writeresp' 'empty_53' <Predicate = true> <Delay = 0.86> <CoreInst = "m_axi">   --->   Core 123 'm_axi' <Latency = 9> <II = 1> <Delay = 1.44> <Adapter> <Opcode : 'read' 'write' 'readreq' 'writereq' 'writeresp'>
ST_79 : Operation 187 [1/1] (0.00ns)   --->   "%ret_ln151 = ret" [../src/harness.cpp:151]   --->   Operation 187 'ret' 'ret_ln151' <Predicate = true> <Delay = 0.00>


============================================================
+ Verbose Summary: Binding
============================================================
STG Binding: 
---------------- STG Properties BEGIN ----------------
- Is combinational: 0
- Is one-state seq: 0
- Is datapath-only: 0
- Is pipelined: 0
- Is top level: 0
Port [ Return ] is wired: 1; IO mode=ap_ctrl_hs:ce=0
Port [ numEvents]:  wired=1; compound=0; hidden=0; nouse=0; global=0; static=0; extern=0; dir=0; type=0; pingpong=0; private_global=0; IO mode=ap_none:ce=0
Port [ gmem1]:  wired=1; compound=1; hidden=0; nouse=0; global=0; static=0; extern=0; dir=2; type=4; pingpong=0; private_global=0; IO mode=m_axi:ce=0
Port [ outputNumList]:  wired=1; compound=1; hidden=0; nouse=0; global=0; static=0; extern=0; dir=0; type=3; pingpong=0; private_global=0; IO mode=ap_fifo:ce=0
Port [ outFeatureList]:  wired=1; compound=1; hidden=0; nouse=0; global=0; static=0; extern=0; dir=0; type=3; pingpong=0; private_global=0; IO mode=ap_fifo:ce=0
Port [ outputStream_0]:  wired=1; compound=1; hidden=0; nouse=0; global=0; static=0; extern=0; dir=0; type=3; pingpong=0; private_global=0; IO mode=ap_fifo:ce=0
Port [ outputStream_1]:  wired=1; compound=1; hidden=0; nouse=0; global=0; static=0; extern=0; dir=0; type=3; pingpong=0; private_global=0; IO mode=ap_fifo:ce=0
Port [ lastStream]:  wired=1; compound=1; hidden=0; nouse=0; global=0; static=0; extern=0; dir=0; type=3; pingpong=0; private_global=0; IO mode=ap_fifo:ce=0
Port [ lastStream_1]:  wired=1; compound=1; hidden=0; nouse=0; global=0; static=0; extern=0; dir=0; type=3; pingpong=0; private_global=0; IO mode=ap_fifo:ce=0
Port [ nums]:  wired=0; compound=1; hidden=1; nouse=0; global=1; static=1; extern=0; dir=2; type=1; pingpong=0; private_global=1; MemPort=[23]; IO mode=ap_memory:ce=0
---------------- STG Properties END ------------------

---------------- Datapath Model BEGIN ----------------

<LifeTime>
<method=bitvector/>
muxLogicFIFOCE_to_outFeatureList_read (muxlogic         ) [ 00000000000000000000000000000000000000000000000000000000000000000000000000000000]
outFeatureList_read                   (read             ) [ 00000000000000000000000000000000000000000000000000000000000000000000000000000000]
muxLogicFIFOCE_to_outputNumList_1     (muxlogic         ) [ 00000000000000000000000000000000000000000000000000000000000000000000000000000000]
outputNumList_1                       (read             ) [ 00100000000000000000000000000000000000000000000000000000000000000000000000000000]
numEvents_read                        (read             ) [ 00100000000000000000000000000000000000000000000000000000000000000000000000000000]
trunc_ln101                           (trunc            ) [ 00100000000000000000000000000000000000000000000000000000000000000000000000000000]
trunc_ln107                           (trunc            ) [ 00110000000000000000000000000000000000000000000000000000000000000000000000000000]
trunc_ln107_1                         (partselect       ) [ 00111100000000000000000000000000000000000000000000000000000000000000000000000000]
fence_ln101                           (fence            ) [ 00000000000000000000000000000000000000000000000000000000000000000000000000000000]
call_ln101                            (call             ) [ 00000000000000000000000000000000000000000000000000000000000000000000000000000000]
empty                                 (shl              ) [ 00011100000000000000000000000000000000000000000000000000000000000000000000000000]
icmp_ln107                            (icmp             ) [ 00010000000000000000000000000000000000000000000000000000000000000000000000000000]
fence_ln107                           (fence            ) [ 00000000000000000000000000000000000000000000000000000000000000000000000000000000]
trunc_ln1                             (bitconcatenate   ) [ 00000000000000000000000000000000000000000000000000000000000000000000000000000000]
sext_ln107                            (sext             ) [ 00000000000000000000000000000000000000000000000000000000000000000000000000000000]
gmem1_addr                            (getelementptr    ) [ 00001111111111111111111111111111111111111111111111111111111111111111111111111111]
empty_51                              (select           ) [ 00000000000000000000000000000000000000000000000000000000000000000000000000000000]
zext_ln107                            (zext             ) [ 00000000000000000000000000000000000000000000000000000000000000000000000000000000]
muxLogicAXIMAddr_to_empty_52          (muxlogic         ) [ 00000000000000000000000000000000000000000000000000000000000000000000000000000000]
muxLogicAXIMBurst_to_empty_52         (muxlogic         ) [ 00000000000000000000000000000000000000000000000000000000000000000000000000000000]
empty_52                              (writereq         ) [ 00000000000000000000000000000000000000000000000000000000000000000000000000000000]
call_ln107                            (call             ) [ 00000000000000000000000000000000000000000000000000000000000000000000000000000000]
muxLogicAXIMCE_to_empty_53            (muxlogic         ) [ 00000000000000000000000000000000000000000000000000000000000000000000000000000000]
specinterface_ln0                     (specinterface    ) [ 00000000000000000000000000000000000000000000000000000000000000000000000000000000]
specinterface_ln0                     (specinterface    ) [ 00000000000000000000000000000000000000000000000000000000000000000000000000000000]
specstablecontent_ln0                 (specstablecontent) [ 00000000000000000000000000000000000000000000000000000000000000000000000000000000]
specinterface_ln0                     (specinterface    ) [ 00000000000000000000000000000000000000000000000000000000000000000000000000000000]
specinterface_ln0                     (specinterface    ) [ 00000000000000000000000000000000000000000000000000000000000000000000000000000000]
specinterface_ln0                     (specinterface    ) [ 00000000000000000000000000000000000000000000000000000000000000000000000000000000]
specinterface_ln0                     (specinterface    ) [ 00000000000000000000000000000000000000000000000000000000000000000000000000000000]
specinterface_ln0                     (specinterface    ) [ 00000000000000000000000000000000000000000000000000000000000000000000000000000000]
empty_53                              (writeresp        ) [ 00000000000000000000000000000000000000000000000000000000000000000000000000000000]
ret_ln151                             (ret              ) [ 00000000000000000000000000000000000000000000000000000000000000000000000000000000]
</LifeTime>

<model>

<comp_list>
<comp id="0" class="1000" name="numEvents">
<pin_list>
<pin id="1" dir="1" index="0" bw="1" slack="0"/>
</pin_list>
<bind>
<StgValue><ssdm name="numEvents"/></StgValue>
</bind>
</comp>

<comp id="2" class="1000" name="gmem1">
<pin_list>
<pin id="3" dir="1" index="0" bw="1" slack="0"/>
</pin_list>
<bind>
<StgValue><ssdm name="gmem1"/><MemPortTyVec>2 </MemPortTyVec>
</StgValue>
</bind>
</comp>

<comp id="4" class="1000" name="outputNumList">
<pin_list>
<pin id="5" dir="1" index="0" bw="1" slack="0"/>
</pin_list>
<bind>
<StgValue><ssdm name="outputNumList"/></StgValue>
</bind>
</comp>

<comp id="6" class="1000" name="outFeatureList">
<pin_list>
<pin id="7" dir="1" index="0" bw="1" slack="0"/>
</pin_list>
<bind>
<StgValue><ssdm name="outFeatureList"/></StgValue>
</bind>
</comp>

<comp id="8" class="1000" name="outputStream_0">
<pin_list>
<pin id="9" dir="1" index="0" bw="1" slack="0"/>
</pin_list>
<bind>
<StgValue><ssdm name="outputStream_0"/></StgValue>
</bind>
</comp>

<comp id="10" class="1000" name="outputStream_1">
<pin_list>
<pin id="11" dir="1" index="0" bw="1" slack="0"/>
</pin_list>
<bind>
<StgValue><ssdm name="outputStream_1"/></StgValue>
</bind>
</comp>

<comp id="12" class="1000" name="lastStream">
<pin_list>
<pin id="13" dir="1" index="0" bw="1" slack="0"/>
</pin_list>
<bind>
<StgValue><ssdm name="lastStream"/></StgValue>
</bind>
</comp>

<comp id="14" class="1000" name="lastStream_1">
<pin_list>
<pin id="15" dir="1" index="0" bw="1" slack="0"/>
</pin_list>
<bind>
<StgValue><ssdm name="lastStream_1"/></StgValue>
</bind>
</comp>

<comp id="16" class="1000" name="nums">
<pin_list>
<pin id="17" dir="1" index="0" bw="1" slack="0"/>
</pin_list>
<bind>
<StgValue><ssdm name="nums"/><MemPortTyVec>2 3 </MemPortTyVec>
</StgValue>
</bind>
</comp>

<comp id="18" class="1001" name="const_18">
<pin_list>
<pin id="19" dir="1" index="0" bw="1" slack="0"/>
</pin_list>
<bind>
<StgValue><ssdm name="_ssdm_op_Read.ap_fifo.i64P0A"/></StgValue>
</bind>
</comp>

<comp id="20" class="1001" name="const_20">
<pin_list>
<pin id="21" dir="1" index="0" bw="1" slack="0"/>
</pin_list>
<bind>
<StgValue><ssdm name="_ssdm_op_Read.ap_auto.i32P0A"/></StgValue>
</bind>
</comp>

<comp id="22" class="1001" name="const_22">
<pin_list>
<pin id="23" dir="1" index="0" bw="1" slack="0"/>
</pin_list>
<bind>
<StgValue><ssdm name="store_Pipeline_VITIS_LOOP_101_1"/></StgValue>
</bind>
</comp>

<comp id="24" class="1001" name="const_24">
<pin_list>
<pin id="25" dir="1" index="0" bw="1" slack="0"/>
</pin_list>
<bind>
<StgValue><ssdm name="_ssdm_op_PartSelect.i58.i64.i32.i32"/></StgValue>
</bind>
</comp>

<comp id="26" class="1001" name="const_26">
<pin_list>
<pin id="27" dir="1" index="0" bw="1" slack="0"/>
</pin_list>
<bind>
<StgValue><ssdm name=""/></StgValue>
</bind>
</comp>

<comp id="28" class="1001" name="const_28">
<pin_list>
<pin id="29" dir="1" index="0" bw="1" slack="0"/>
</pin_list>
<bind>
<StgValue><ssdm name=""/></StgValue>
</bind>
</comp>

<comp id="30" class="1001" name="const_30">
<pin_list>
<pin id="31" dir="1" index="0" bw="1" slack="0"/>
</pin_list>
<bind>
<StgValue><ssdm name="_ssdm_op_Fence"/></StgValue>
</bind>
</comp>

<comp id="32" class="1001" name="const_32">
<pin_list>
<pin id="33" dir="1" index="0" bw="1" slack="0"/>
</pin_list>
<bind>
<StgValue><ssdm name=""/></StgValue>
</bind>
</comp>

<comp id="34" class="1001" name="const_34">
<pin_list>
<pin id="35" dir="1" index="0" bw="1" slack="0"/>
</pin_list>
<bind>
<StgValue><ssdm name=""/></StgValue>
</bind>
</comp>

<comp id="36" class="1001" name="const_36">
<pin_list>
<pin id="37" dir="1" index="0" bw="1" slack="0"/>
</pin_list>
<bind>
<StgValue><ssdm name=""/></StgValue>
</bind>
</comp>

<comp id="38" class="1001" name="const_38">
<pin_list>
<pin id="39" dir="1" index="0" bw="1" slack="0"/>
</pin_list>
<bind>
<StgValue><ssdm name="_ssdm_op_BitConcatenate.i31.i27.i4"/></StgValue>
</bind>
</comp>

<comp id="40" class="1001" name="const_40">
<pin_list>
<pin id="41" dir="1" index="0" bw="1" slack="0"/>
</pin_list>
<bind>
<StgValue><ssdm name=""/></StgValue>
</bind>
</comp>

<comp id="42" class="1001" name="const_42">
<pin_list>
<pin id="43" dir="1" index="0" bw="1" slack="0"/>
</pin_list>
<bind>
<StgValue><ssdm name=""/></StgValue>
</bind>
</comp>

<comp id="44" class="1001" name="const_44">
<pin_list>
<pin id="45" dir="1" index="0" bw="1" slack="0"/>
</pin_list>
<bind>
<StgValue><ssdm name="_ssdm_op_WriteReq.m_axi.p1i512"/></StgValue>
</bind>
</comp>

<comp id="46" class="1001" name="const_46">
<pin_list>
<pin id="47" dir="1" index="0" bw="1" slack="0"/>
</pin_list>
<bind>
<StgValue><ssdm name="store_Pipeline_VITIS_LOOP_107_2"/></StgValue>
</bind>
</comp>

<comp id="48" class="1001" name="const_48">
<pin_list>
<pin id="49" dir="1" index="0" bw="1" slack="0"/>
</pin_list>
<bind>
<StgValue><ssdm name="_ssdm_op_WriteResp.m_axi.p1i512"/></StgValue>
</bind>
</comp>

<comp id="50" class="1001" name="const_50">
<pin_list>
<pin id="51" dir="1" index="0" bw="1" slack="2147483647"/>
</pin_list>
<bind>
<StgValue><ssdm name="_ssdm_op_SpecInterface"/></StgValue>
</bind>
</comp>

<comp id="52" class="1001" name="const_52">
<pin_list>
<pin id="53" dir="1" index="0" bw="1" slack="2147483647"/>
</pin_list>
<bind>
<StgValue><ssdm name="ap_fifo_str"/></StgValue>
</bind>
</comp>

<comp id="54" class="1001" name="const_54">
<pin_list>
<pin id="55" dir="1" index="0" bw="1" slack="2147483647"/>
</pin_list>
<bind>
<StgValue><ssdm name="p_str"/></StgValue>
</bind>
</comp>

<comp id="56" class="1001" name="const_56">
<pin_list>
<pin id="57" dir="1" index="0" bw="1" slack="2147483647"/>
</pin_list>
<bind>
<StgValue><ssdm name=""/></StgValue>
</bind>
</comp>

<comp id="58" class="1001" name="const_58">
<pin_list>
<pin id="59" dir="1" index="0" bw="1" slack="2147483647"/>
</pin_list>
<bind>
<StgValue><ssdm name=""/></StgValue>
</bind>
</comp>

<comp id="60" class="1001" name="const_60">
<pin_list>
<pin id="61" dir="1" index="0" bw="1" slack="2147483647"/>
</pin_list>
<bind>
<StgValue><ssdm name="ScalarProp_str"/></StgValue>
</bind>
</comp>

<comp id="62" class="1001" name="const_62">
<pin_list>
<pin id="63" dir="1" index="0" bw="1" slack="2147483647"/>
</pin_list>
<bind>
<StgValue><ssdm name="_ssdm_op_SpecStableContent"/></StgValue>
</bind>
</comp>

<comp id="64" class="1001" name="const_64">
<pin_list>
<pin id="65" dir="1" index="0" bw="1" slack="2147483647"/>
</pin_list>
<bind>
<StgValue><ssdm name=""/></StgValue>
</bind>
</comp>

<comp id="66" class="1001" name="const_66">
<pin_list>
<pin id="67" dir="1" index="0" bw="1" slack="2147483647"/>
</pin_list>
<bind>
<StgValue><ssdm name="empty_3"/></StgValue>
</bind>
</comp>

<comp id="68" class="1001" name="const_68">
<pin_list>
<pin id="69" dir="1" index="0" bw="1" slack="2147483647"/>
</pin_list>
<bind>
<StgValue><ssdm name="empty_24"/></StgValue>
</bind>
</comp>

<comp id="70" class="1001" name="const_70">
<pin_list>
<pin id="71" dir="1" index="0" bw="1" slack="2147483647"/>
</pin_list>
<bind>
<StgValue><ssdm name="empty_0"/></StgValue>
</bind>
</comp>

<comp id="72" class="1001" name="const_72">
<pin_list>
<pin id="73" dir="1" index="0" bw="1" slack="2147483647"/>
</pin_list>
<bind>
<StgValue><ssdm name=""/></StgValue>
</bind>
</comp>

<comp id="74" class="1001" name="const_74">
<pin_list>
<pin id="75" dir="1" index="0" bw="1" slack="2147483647"/>
</pin_list>
<bind>
<StgValue><ssdm name="empty_21"/></StgValue>
</bind>
</comp>

<comp id="76" class="1001" name="const_76">
<pin_list>
<pin id="77" dir="1" index="0" bw="1" slack="2147483647"/>
</pin_list>
<bind>
<StgValue><ssdm name="empty_22"/></StgValue>
</bind>
</comp>

<comp id="78" class="1004" name="outFeatureList_read_read_fu_78">
<pin_list>
<pin id="79" dir="0" index="0" bw="64" slack="0"/>
<pin id="80" dir="0" index="1" bw="64" slack="0"/>
<pin id="81" dir="1" index="2" bw="64" slack="0"/>
</pin_list>
<bind>
<opcode="read(1150) " fcode="read"/>
<opset="outFeatureList_read/1 "/>
</bind>
</comp>

<comp id="84" class="1004" name="outputNumList_1_read_fu_84">
<pin_list>
<pin id="85" dir="0" index="0" bw="64" slack="0"/>
<pin id="86" dir="0" index="1" bw="64" slack="0"/>
<pin id="87" dir="1" index="2" bw="64" slack="0"/>
</pin_list>
<bind>
<opcode="read(1150) " fcode="read"/>
<opset="outputNumList_1/1 "/>
</bind>
</comp>

<comp id="90" class="1004" name="numEvents_read_read_fu_90">
<pin_list>
<pin id="91" dir="0" index="0" bw="32" slack="0"/>
<pin id="92" dir="0" index="1" bw="32" slack="0"/>
<pin id="93" dir="1" index="2" bw="32" slack="0"/>
</pin_list>
<bind>
<opcode="read(1150) " fcode="read"/>
<opset="numEvents_read/1 "/>
</bind>
</comp>

<comp id="96" class="1004" name="grp_writeresp_fu_96">
<pin_list>
<pin id="97" dir="0" index="0" bw="1" slack="0"/>
<pin id="98" dir="0" index="1" bw="512" slack="0"/>
<pin id="99" dir="0" index="2" bw="31" slack="0"/>
<pin id="100" dir="1" index="3" bw="1" slack="2147483647"/>
</pin_list>
<bind>
<opcode="writereq(1155) writeresp(1158) " fcode="writeresp"/>
<opset="empty_52/3 empty_53/6 "/>
</bind>
</comp>

<comp id="103" class="1004" name="grp_store_Pipeline_VITIS_LOOP_101_1_fu_103">
<pin_list>
<pin id="104" dir="0" index="0" bw="0" slack="0"/>
<pin id="105" dir="0" index="1" bw="31" slack="0"/>
<pin id="106" dir="0" index="2" bw="64" slack="0"/>
<pin id="107" dir="0" index="3" bw="512" slack="0"/>
<pin id="108" dir="0" index="4" bw="32" slack="0"/>
<pin id="109" dir="1" index="5" bw="0" slack="2147483647"/>
</pin_list>
<bind>
<opcode="call(48) " fcode="call"/>
<opset="call_ln101/1 "/>
</bind>
</comp>

<comp id="114" class="1004" name="grp_store_Pipeline_VITIS_LOOP_107_2_fu_114">
<pin_list>
<pin id="115" dir="0" index="0" bw="0" slack="0"/>
<pin id="116" dir="0" index="1" bw="32" slack="2"/>
<pin id="117" dir="0" index="2" bw="1" slack="0"/>
<pin id="118" dir="0" index="3" bw="1" slack="0"/>
<pin id="119" dir="0" index="4" bw="512" slack="0"/>
<pin id="120" dir="0" index="5" bw="58" slack="3"/>
<pin id="121" dir="0" index="6" bw="128" slack="0"/>
<pin id="122" dir="0" index="7" bw="128" slack="0"/>
<pin id="123" dir="0" index="8" bw="32" slack="0"/>
<pin id="124" dir="1" index="9" bw="0" slack="2147483647"/>
</pin_list>
<bind>
<opcode="call(48) " fcode="call"/>
<opset="call_ln107/4 "/>
</bind>
</comp>

<comp id="132" class="1004" name="grp_fu_132">
<pin_list>
<pin id="133" dir="1" index="0" bw="64" slack="2147483647"/>
</pin_list>
<bind>
<opcode="muxlogic(592) " fcode="muxlogic"/>
<opset="muxLogicFIFOCE_to_outFeatureList_read/1 muxLogicAXIMCE_to_empty_53/6 "/>
</bind>
</comp>

<comp id="134" class="1004" name="muxLogicFIFOCE_to_outputNumList_1_fu_134">
<pin_list>
<pin id="135" dir="1" index="0" bw="64" slack="2147483647"/>
</pin_list>
<bind>
<opcode="muxlogic(592) " fcode="muxlogic"/>
<opset="muxLogicFIFOCE_to_outputNumList_1/1 "/>
</bind>
</comp>

<comp id="136" class="1004" name="trunc_ln101_fu_136">
<pin_list>
<pin id="137" dir="0" index="0" bw="32" slack="0"/>
<pin id="138" dir="1" index="1" bw="31" slack="0"/>
</pin_list>
<bind>
<opcode="trunc(33) " fcode="trunc"/>
<opset="trunc_ln101/1 "/>
</bind>
</comp>

<comp id="141" class="1004" name="trunc_ln107_fu_141">
<pin_list>
<pin id="142" dir="0" index="0" bw="32" slack="0"/>
<pin id="143" dir="1" index="1" bw="27" slack="2"/>
</pin_list>
<bind>
<opcode="trunc(33) " fcode="trunc"/>
<opset="trunc_ln107/1 "/>
</bind>
</comp>

<comp id="145" class="1004" name="trunc_ln107_1_fu_145">
<pin_list>
<pin id="146" dir="0" index="0" bw="58" slack="0"/>
<pin id="147" dir="0" index="1" bw="64" slack="0"/>
<pin id="148" dir="0" index="2" bw="4" slack="0"/>
<pin id="149" dir="0" index="3" bw="7" slack="0"/>
<pin id="150" dir="1" index="4" bw="58" slack="2"/>
</pin_list>
<bind>
<opcode="partselect(1002) " fcode="partselect"/>
<opset="trunc_ln107_1/1 "/>
</bind>
</comp>

<comp id="155" class="1004" name="fence_ln101_fu_155">
<pin_list>
<pin id="156" dir="0" index="0" bw="0" slack="0"/>
<pin id="157" dir="0" index="1" bw="64" slack="0"/>
<pin id="158" dir="0" index="2" bw="64" slack="0"/>
<pin id="159" dir="0" index="3" bw="1" slack="0"/>
<pin id="160" dir="0" index="4" bw="128" slack="0"/>
<pin id="161" dir="0" index="5" bw="1" slack="0"/>
<pin id="162" dir="0" index="6" bw="128" slack="0"/>
<pin id="163" dir="0" index="7" bw="1" slack="0"/>
<pin id="164" dir="1" index="8" bw="0" slack="2147483647"/>
</pin_list>
<bind>
<opcode="fence(30) " fcode="fence"/>
<opset="fence_ln101/2 "/>
</bind>
</comp>

<comp id="173" class="1004" name="empty_fu_173">
<pin_list>
<pin id="174" dir="0" index="0" bw="32" slack="1"/>
<pin id="175" dir="0" index="1" bw="4" slack="0"/>
<pin id="176" dir="1" index="2" bw="32" slack="0"/>
</pin_list>
<bind>
<opcode="shl(20) " fcode="shl"/>
<opset="empty/2 "/>
</bind>
</comp>

<comp id="178" class="1004" name="icmp_ln107_fu_178">
<pin_list>
<pin id="179" dir="0" index="0" bw="32" slack="0"/>
<pin id="180" dir="0" index="1" bw="1" slack="0"/>
<pin id="181" dir="1" index="2" bw="1" slack="1"/>
</pin_list>
<bind>
<opcode="icmp(45) " fcode="icmp"/>
<opset="icmp_ln107/2 "/>
</bind>
</comp>

<comp id="184" class="1004" name="fence_ln107_fu_184">
<pin_list>
<pin id="185" dir="0" index="0" bw="0" slack="0"/>
<pin id="186" dir="0" index="1" bw="64" slack="0"/>
<pin id="187" dir="0" index="2" bw="64" slack="0"/>
<pin id="188" dir="0" index="3" bw="1" slack="0"/>
<pin id="189" dir="0" index="4" bw="128" slack="0"/>
<pin id="190" dir="0" index="5" bw="1" slack="0"/>
<pin id="191" dir="0" index="6" bw="128" slack="0"/>
<pin id="192" dir="0" index="7" bw="1" slack="0"/>
<pin id="193" dir="1" index="8" bw="0" slack="2147483647"/>
</pin_list>
<bind>
<opcode="fence(30) " fcode="fence"/>
<opset="fence_ln107/2 "/>
</bind>
</comp>

<comp id="202" class="1004" name="trunc_ln1_fu_202">
<pin_list>
<pin id="203" dir="0" index="0" bw="31" slack="0"/>
<pin id="204" dir="0" index="1" bw="27" slack="2"/>
<pin id="205" dir="0" index="2" bw="1" slack="0"/>
<pin id="206" dir="1" index="3" bw="31" slack="0"/>
</pin_list>
<bind>
<opcode="bitconcatenate(1004) " fcode="bitconcatenate"/>
<opset="trunc_ln1/3 "/>
</bind>
</comp>

<comp id="209" class="1004" name="sext_ln107_fu_209">
<pin_list>
<pin id="210" dir="0" index="0" bw="58" slack="2"/>
<pin id="211" dir="1" index="1" bw="64" slack="0"/>
</pin_list>
<bind>
<opcode="sext(35) " fcode="sext"/>
<opset="sext_ln107/3 "/>
</bind>
</comp>

<comp id="212" class="1004" name="gmem1_addr_fu_212">
<pin_list>
<pin id="213" dir="0" index="0" bw="512" slack="0"/>
<pin id="214" dir="0" index="1" bw="58" slack="0"/>
<pin id="215" dir="1" index="2" bw="512" slack="0"/>
</pin_list>
<bind>
<opcode="getelementptr(29) " fcode="getelementptr"/>
<opset="gmem1_addr/3 "/>
</bind>
</comp>

<comp id="219" class="1004" name="empty_51_fu_219">
<pin_list>
<pin id="220" dir="0" index="0" bw="1" slack="1"/>
<pin id="221" dir="0" index="1" bw="31" slack="0"/>
<pin id="222" dir="0" index="2" bw="1" slack="0"/>
<pin id="223" dir="1" index="3" bw="31" slack="0"/>
</pin_list>
<bind>
<opcode="select(49) " fcode="select"/>
<opset="empty_51/3 "/>
</bind>
</comp>

<comp id="226" class="1004" name="zext_ln107_fu_226">
<pin_list>
<pin id="227" dir="0" index="0" bw="31" slack="0"/>
<pin id="228" dir="1" index="1" bw="64" slack="0"/>
</pin_list>
<bind>
<opcode="zext(34) " fcode="zext"/>
<opset="zext_ln107/3 "/>
</bind>
</comp>

<comp id="231" class="1004" name="muxLogicAXIMAddr_to_empty_52_fu_231">
<pin_list>
<pin id="232" dir="0" index="0" bw="512" slack="0"/>
<pin id="233" dir="1" index="1" bw="1" slack="2147483647"/>
</pin_list>
<bind>
<opcode="muxlogic(592) " fcode="muxlogic"/>
<opset="muxLogicAXIMAddr_to_empty_52/3 "/>
</bind>
</comp>

<comp id="235" class="1004" name="muxLogicAXIMBurst_to_empty_52_fu_235">
<pin_list>
<pin id="236" dir="0" index="0" bw="31" slack="0"/>
<pin id="237" dir="1" index="1" bw="1" slack="2147483647"/>
</pin_list>
<bind>
<opcode="muxlogic(592) " fcode="muxlogic"/>
<opset="muxLogicAXIMBurst_to_empty_52/3 "/>
</bind>
</comp>

<comp id="239" class="1005" name="outputNumList_1_reg_239">
<pin_list>
<pin id="240" dir="0" index="0" bw="64" slack="1"/>
<pin id="241" dir="1" index="1" bw="64" slack="1"/>
</pin_list>
<bind>
<opset="outputNumList_1 "/>
</bind>
</comp>

<comp id="244" class="1005" name="numEvents_read_reg_244">
<pin_list>
<pin id="245" dir="0" index="0" bw="32" slack="1"/>
<pin id="246" dir="1" index="1" bw="32" slack="1"/>
</pin_list>
<bind>
<opset="numEvents_read "/>
</bind>
</comp>

<comp id="249" class="1005" name="trunc_ln101_reg_249">
<pin_list>
<pin id="250" dir="0" index="0" bw="31" slack="1"/>
<pin id="251" dir="1" index="1" bw="31" slack="1"/>
</pin_list>
<bind>
<opset="trunc_ln101 "/>
</bind>
</comp>

<comp id="254" class="1005" name="trunc_ln107_reg_254">
<pin_list>
<pin id="255" dir="0" index="0" bw="27" slack="2"/>
<pin id="256" dir="1" index="1" bw="27" slack="2"/>
</pin_list>
<bind>
<opset="trunc_ln107 "/>
</bind>
</comp>

<comp id="259" class="1005" name="trunc_ln107_1_reg_259">
<pin_list>
<pin id="260" dir="0" index="0" bw="58" slack="2"/>
<pin id="261" dir="1" index="1" bw="58" slack="2"/>
</pin_list>
<bind>
<opset="trunc_ln107_1 "/>
</bind>
</comp>

<comp id="265" class="1005" name="empty_reg_265">
<pin_list>
<pin id="266" dir="0" index="0" bw="32" slack="2"/>
<pin id="267" dir="1" index="1" bw="32" slack="2"/>
</pin_list>
<bind>
<opset="empty "/>
</bind>
</comp>

<comp id="270" class="1005" name="icmp_ln107_reg_270">
<pin_list>
<pin id="271" dir="0" index="0" bw="1" slack="1"/>
<pin id="272" dir="1" index="1" bw="1" slack="1"/>
</pin_list>
<bind>
<opset="icmp_ln107 "/>
</bind>
</comp>

<comp id="275" class="1005" name="gmem1_addr_reg_275">
<pin_list>
<pin id="276" dir="0" index="0" bw="512" slack="3"/>
<pin id="277" dir="1" index="1" bw="512" slack="3"/>
</pin_list>
<bind>
<opset="gmem1_addr "/>
</bind>
</comp>

</comp_list>

<net_list>
<net id="82"><net_src comp="18" pin="0"/><net_sink comp="78" pin=0"/></net>

<net id="83"><net_src comp="6" pin="0"/><net_sink comp="78" pin=1"/></net>

<net id="88"><net_src comp="18" pin="0"/><net_sink comp="84" pin=0"/></net>

<net id="89"><net_src comp="4" pin="0"/><net_sink comp="84" pin=1"/></net>

<net id="94"><net_src comp="20" pin="0"/><net_sink comp="90" pin=0"/></net>

<net id="95"><net_src comp="0" pin="0"/><net_sink comp="90" pin=1"/></net>

<net id="101"><net_src comp="44" pin="0"/><net_sink comp="96" pin=0"/></net>

<net id="102"><net_src comp="48" pin="0"/><net_sink comp="96" pin=0"/></net>

<net id="110"><net_src comp="22" pin="0"/><net_sink comp="103" pin=0"/></net>

<net id="111"><net_src comp="84" pin="2"/><net_sink comp="103" pin=2"/></net>

<net id="112"><net_src comp="2" pin="0"/><net_sink comp="103" pin=3"/></net>

<net id="113"><net_src comp="16" pin="0"/><net_sink comp="103" pin=4"/></net>

<net id="125"><net_src comp="46" pin="0"/><net_sink comp="114" pin=0"/></net>

<net id="126"><net_src comp="14" pin="0"/><net_sink comp="114" pin=2"/></net>

<net id="127"><net_src comp="12" pin="0"/><net_sink comp="114" pin=3"/></net>

<net id="128"><net_src comp="2" pin="0"/><net_sink comp="114" pin=4"/></net>

<net id="129"><net_src comp="8" pin="0"/><net_sink comp="114" pin=6"/></net>

<net id="130"><net_src comp="10" pin="0"/><net_sink comp="114" pin=7"/></net>

<net id="131"><net_src comp="16" pin="0"/><net_sink comp="114" pin=8"/></net>

<net id="139"><net_src comp="90" pin="2"/><net_sink comp="136" pin=0"/></net>

<net id="140"><net_src comp="136" pin="1"/><net_sink comp="103" pin=1"/></net>

<net id="144"><net_src comp="90" pin="2"/><net_sink comp="141" pin=0"/></net>

<net id="151"><net_src comp="24" pin="0"/><net_sink comp="145" pin=0"/></net>

<net id="152"><net_src comp="78" pin="2"/><net_sink comp="145" pin=1"/></net>

<net id="153"><net_src comp="26" pin="0"/><net_sink comp="145" pin=2"/></net>

<net id="154"><net_src comp="28" pin="0"/><net_sink comp="145" pin=3"/></net>

<net id="165"><net_src comp="30" pin="0"/><net_sink comp="155" pin=0"/></net>

<net id="166"><net_src comp="6" pin="0"/><net_sink comp="155" pin=1"/></net>

<net id="167"><net_src comp="4" pin="0"/><net_sink comp="155" pin=2"/></net>

<net id="168"><net_src comp="32" pin="0"/><net_sink comp="155" pin=3"/></net>

<net id="169"><net_src comp="8" pin="0"/><net_sink comp="155" pin=4"/></net>

<net id="170"><net_src comp="12" pin="0"/><net_sink comp="155" pin=5"/></net>

<net id="171"><net_src comp="10" pin="0"/><net_sink comp="155" pin=6"/></net>

<net id="172"><net_src comp="14" pin="0"/><net_sink comp="155" pin=7"/></net>

<net id="177"><net_src comp="34" pin="0"/><net_sink comp="173" pin=1"/></net>

<net id="182"><net_src comp="173" pin="2"/><net_sink comp="178" pin=0"/></net>

<net id="183"><net_src comp="36" pin="0"/><net_sink comp="178" pin=1"/></net>

<net id="194"><net_src comp="30" pin="0"/><net_sink comp="184" pin=0"/></net>

<net id="195"><net_src comp="6" pin="0"/><net_sink comp="184" pin=1"/></net>

<net id="196"><net_src comp="4" pin="0"/><net_sink comp="184" pin=2"/></net>

<net id="197"><net_src comp="32" pin="0"/><net_sink comp="184" pin=3"/></net>

<net id="198"><net_src comp="8" pin="0"/><net_sink comp="184" pin=4"/></net>

<net id="199"><net_src comp="12" pin="0"/><net_sink comp="184" pin=5"/></net>

<net id="200"><net_src comp="10" pin="0"/><net_sink comp="184" pin=6"/></net>

<net id="201"><net_src comp="14" pin="0"/><net_sink comp="184" pin=7"/></net>

<net id="207"><net_src comp="38" pin="0"/><net_sink comp="202" pin=0"/></net>

<net id="208"><net_src comp="40" pin="0"/><net_sink comp="202" pin=2"/></net>

<net id="216"><net_src comp="2" pin="0"/><net_sink comp="212" pin=0"/></net>

<net id="217"><net_src comp="209" pin="1"/><net_sink comp="212" pin=1"/></net>

<net id="218"><net_src comp="212" pin="2"/><net_sink comp="96" pin=1"/></net>

<net id="224"><net_src comp="202" pin="3"/><net_sink comp="219" pin=1"/></net>

<net id="225"><net_src comp="42" pin="0"/><net_sink comp="219" pin=2"/></net>

<net id="229"><net_src comp="219" pin="3"/><net_sink comp="226" pin=0"/></net>

<net id="230"><net_src comp="226" pin="1"/><net_sink comp="96" pin=2"/></net>

<net id="234"><net_src comp="212" pin="2"/><net_sink comp="231" pin=0"/></net>

<net id="238"><net_src comp="226" pin="1"/><net_sink comp="235" pin=0"/></net>

<net id="242"><net_src comp="84" pin="2"/><net_sink comp="239" pin=0"/></net>

<net id="243"><net_src comp="239" pin="1"/><net_sink comp="103" pin=2"/></net>

<net id="247"><net_src comp="90" pin="2"/><net_sink comp="244" pin=0"/></net>

<net id="248"><net_src comp="244" pin="1"/><net_sink comp="173" pin=0"/></net>

<net id="252"><net_src comp="136" pin="1"/><net_sink comp="249" pin=0"/></net>

<net id="253"><net_src comp="249" pin="1"/><net_sink comp="103" pin=1"/></net>

<net id="257"><net_src comp="141" pin="1"/><net_sink comp="254" pin=0"/></net>

<net id="258"><net_src comp="254" pin="1"/><net_sink comp="202" pin=1"/></net>

<net id="262"><net_src comp="145" pin="4"/><net_sink comp="259" pin=0"/></net>

<net id="263"><net_src comp="259" pin="1"/><net_sink comp="209" pin=0"/></net>

<net id="264"><net_src comp="259" pin="1"/><net_sink comp="114" pin=5"/></net>

<net id="268"><net_src comp="173" pin="2"/><net_sink comp="265" pin=0"/></net>

<net id="269"><net_src comp="265" pin="1"/><net_sink comp="114" pin=1"/></net>

<net id="273"><net_src comp="178" pin="2"/><net_sink comp="270" pin=0"/></net>

<net id="274"><net_src comp="270" pin="1"/><net_sink comp="219" pin=0"/></net>

<net id="278"><net_src comp="212" pin="2"/><net_sink comp="275" pin=0"/></net>

<net id="279"><net_src comp="275" pin="1"/><net_sink comp="96" pin=1"/></net>

</net_list>

</model> 
---------------- Datapath Model END ------------------

* FSMD analyzer results:
  - Output states:
	Port: gmem1 | {3 4 5 6 7 8 9 10 11 12 13 14 15 16 17 18 19 20 21 22 23 24 25 26 27 28 29 30 31 32 33 34 35 36 37 38 39 40 41 42 43 44 45 46 47 48 49 50 51 52 53 54 55 56 57 58 59 60 61 62 63 64 65 66 67 68 69 70 71 72 73 74 75 76 77 78 79 }
	Port: nums | {1 2 }
 - Input state : 
	Port: store : numEvents | {1 }
	Port: store : gmem1 | {1 2 }
	Port: store : outputNumList | {1 }
	Port: store : outFeatureList | {1 }
	Port: store : outputStream_0 | {4 5 }
	Port: store : outputStream_1 | {4 5 }
	Port: store : lastStream | {4 5 }
	Port: store : lastStream_1 | {4 5 }
	Port: store : nums | {4 5 }
  - Chain level:
	State 1
		call_ln101 : 1
	State 2
	State 3
		gmem1_addr : 1
		empty_51 : 1
		zext_ln107 : 2
		muxLogicAXIMAddr_to_empty_52 : 2
		muxLogicAXIMBurst_to_empty_52 : 3
		empty_52 : 3
	State 4
	State 5
	State 6
	State 7
	State 8
	State 9
	State 10
	State 11
	State 12
	State 13
	State 14
	State 15
	State 16
	State 17
	State 18
	State 19
	State 20
	State 21
	State 22
	State 23
	State 24
	State 25
	State 26
	State 27
	State 28
	State 29
	State 30
	State 31
	State 32
	State 33
	State 34
	State 35
	State 36
	State 37
	State 38
	State 39
	State 40
	State 41
	State 42
	State 43
	State 44
	State 45
	State 46
	State 47
	State 48
	State 49
	State 50
	State 51
	State 52
	State 53
	State 54
	State 55
	State 56
	State 57
	State 58
	State 59
	State 60
	State 61
	State 62
	State 63
	State 64
	State 65
	State 66
	State 67
	State 68
	State 69
	State 70
	State 71
	State 72
	State 73
	State 74
	State 75
	State 76
	State 77
	State 78
	State 79


============================================================
+ Verbose Summary: Datapath Resource usage 
============================================================

* Functional unit list:
|----------|--------------------------------------------|---------|---------|---------|
| Operation|               Functional Unit              |  Delay  |    FF   |   LUT   |
|----------|--------------------------------------------|---------|---------|---------|
|   call   | grp_store_Pipeline_VITIS_LOOP_101_1_fu_103 |  0.467  |   1183  |   2377  |
|          | grp_store_Pipeline_VITIS_LOOP_107_2_fu_114 |  0.393  |   384   |    95   |
|----------|--------------------------------------------|---------|---------|---------|
|  select  |               empty_51_fu_219              |    0    |    0    |    28   |
|----------|--------------------------------------------|---------|---------|---------|
|   icmp   |              icmp_ln107_fu_178             |    0    |    0    |    16   |
|----------|--------------------------------------------|---------|---------|---------|
|          |       outFeatureList_read_read_fu_78       |    0    |    0    |    0    |
|   read   |         outputNumList_1_read_fu_84         |    0    |    0    |    0    |
|          |          numEvents_read_read_fu_90         |    0    |    0    |    0    |
|----------|--------------------------------------------|---------|---------|---------|
| writeresp|             grp_writeresp_fu_96            |    0    |    0    |    0    |
|----------|--------------------------------------------|---------|---------|---------|
|          |                 grp_fu_132                 |    0    |    0    |    0    |
| muxlogic |  muxLogicFIFOCE_to_outputNumList_1_fu_134  |    0    |    0    |    0    |
|          |     muxLogicAXIMAddr_to_empty_52_fu_231    |    0    |    0    |    0    |
|          |    muxLogicAXIMBurst_to_empty_52_fu_235    |    0    |    0    |    0    |
|----------|--------------------------------------------|---------|---------|---------|
|   trunc  |             trunc_ln101_fu_136             |    0    |    0    |    0    |
|          |             trunc_ln107_fu_141             |    0    |    0    |    0    |
|----------|--------------------------------------------|---------|---------|---------|
|partselect|            trunc_ln107_1_fu_145            |    0    |    0    |    0    |
|----------|--------------------------------------------|---------|---------|---------|
|   fence  |             fence_ln101_fu_155             |    0    |    0    |    0    |
|          |             fence_ln107_fu_184             |    0    |    0    |    0    |
|----------|--------------------------------------------|---------|---------|---------|
|    shl   |                empty_fu_173                |    0    |    0    |    0    |
|----------|--------------------------------------------|---------|---------|---------|
|bitconcatenate|              trunc_ln1_fu_202              |    0    |    0    |    0    |
|----------|--------------------------------------------|---------|---------|---------|
|   sext   |              sext_ln107_fu_209             |    0    |    0    |    0    |
|----------|--------------------------------------------|---------|---------|---------|
|   zext   |              zext_ln107_fu_226             |    0    |    0    |    0    |
|----------|--------------------------------------------|---------|---------|---------|
|   Total  |                                            |   0.86  |   1567  |   2516  |
|----------|--------------------------------------------|---------|---------|---------|

Memories:
N/A

* Register list:
+-----------------------+--------+
|                       |   FF   |
+-----------------------+--------+
|     empty_reg_265     |   32   |
|   gmem1_addr_reg_275  |   512  |
|   icmp_ln107_reg_270  |    1   |
| numEvents_read_reg_244|   32   |
|outputNumList_1_reg_239|   64   |
|  trunc_ln101_reg_249  |   31   |
| trunc_ln107_1_reg_259 |   58   |
|  trunc_ln107_reg_254  |   27   |
+-----------------------+--------+
|         Total         |   757  |
+-----------------------+--------+

* Multiplexer (MUX) list: 
|--------------------------------------------|------|------|------|--------||---------||---------||---------|
|                    Comp                    |  Pin | Size |  BW  | S x BW ||  Delay  ||    FF   ||   LUT   |
|--------------------------------------------|------|------|------|--------||---------||---------||---------|
|             grp_writeresp_fu_96            |  p0  |   2  |   1  |    2   |
|             grp_writeresp_fu_96            |  p1  |   2  |  512 |  1024  ||    0    ||   118   |
| grp_store_Pipeline_VITIS_LOOP_101_1_fu_103 |  p1  |   2  |  31  |   62   ||    0    ||    32   |
| grp_store_Pipeline_VITIS_LOOP_101_1_fu_103 |  p2  |   2  |  64  |   128  ||    0    ||    63   |
|--------------------------------------------|------|------|------|--------||---------||---------||---------|
|                    Total                   |      |      |      |  1216  ||  1.632  ||    0    ||   213   |
|--------------------------------------------|------|------|------|--------||---------||---------||---------|



* Summary:
+-----------+--------+--------+--------+
|           |  Delay |   FF   |   LUT  |
+-----------+--------+--------+--------+
|  Function |    0   |  1567  |  2516  |
|   Memory  |    -   |    -   |    -   |
|Multiplexer|    1   |    0   |   213  |
|  Register |    -   |   757  |    -   |
+-----------+--------+--------+--------+
|   Total   |    2   |  2324  |  2729  |
+-----------+--------+--------+--------+
