

================================================================
== Vitis HLS Report for 'store_Pipeline_VITIS_LOOP_101_1'
================================================================
* Date:           Mon Feb 10 13:35:56 2025

* Version:        2024.2.1 (Build 5263293 on Dec 12 2024)
* Project:        harness
* Solution:       hls (Vitis Kernel Flow Target)
* Product family: versalaicore
* Target device:  xcvc1902-vsva2197-2MP-e-S


================================================================
== Performance Estimates
================================================================
+ Timing: 
    * Summary: 
    +--------+---------+----------+------------+
    |  Clock |  Target | Estimated| Uncertainty|
    +--------+---------+----------+------------+
    |ap_clk  |  3.03 ns|  2.212 ns|     0.82 ns|
    +--------+---------+----------+------------+

+ Latency: 
    * Summary: 
    +---------+---------+----------+----------+-----+-----+------------------------------------------------+
    |  Latency (cycles) |  Latency (absolute) |  Interval |                    Pipeline                    |
    |   min   |   max   |    min   |    max   | min | max |                      Type                      |
    +---------+---------+----------+----------+-----+-----+------------------------------------------------+
    |       79|        ?|  0.239 us|         ?|    2|    0|  loop auto-rewind stp (delay=0 clock cycles(s))|
    +---------+---------+----------+----------+-----+-----+------------------------------------------------+

    + Detail: 
        * Instance: 
        N/A

        * Loop: 
        +--------------------+---------+---------+----------+-----------+-----------+-------+----------+
        |                    |  Latency (cycles) | Iteration|  Initiation Interval  |  Trip |          |
        |      Loop Name     |   min   |   max   |  Latency |  achieved |   target  | Count | Pipelined|
        +--------------------+---------+---------+----------+-----------+-----------+-------+----------+
        |- VITIS_LOOP_101_1  |       77|        ?|        78|          1|          1|  1 ~ ?|       yes|
        +--------------------+---------+---------+----------+-----------+-----------+-------+----------+

============================================================
+ Verbose Summary: Synthesis Manager
============================================================
InlineROM: 1
ExposeGlobal: 0
============================================================
+ Verbose Summary: CDFG Model
============================================================
IsTopModel: 0
ResetActiveHigh: 1
IsCombinational: 0
IsDatapathOnly: 0
HasWiredReturn: 1
HasMFsm: 2
HasVarLatency: 1
IsPipeline: 0
IsRtlPipelined: 0
IsInstanceOverlapped: 0
IsDontTouch: 0
HasImplIP: 0
IsGatedGlobalClock: 0

+ Individual pipeline summary: 
  * Pipeline-0: initiation interval (II) = 1, depth = 78


============================================================
+ Verbose Summary: Schedule
============================================================
* Number of FSM states : 78
* Pipeline : 1
  Pipeline-0 : II = 1, D = 78, States = { 1 2 3 4 5 6 7 8 9 10 11 12 13 14 15 16 17 18 19 20 21 22 23 24 25 26 27 28 29 30 31 32 33 34 35 36 37 38 39 40 41 42 43 44 45 46 47 48 49 50 51 52 53 54 55 56 57 58 59 60 61 62 63 64 65 66 67 68 69 70 71 72 73 74 75 76 77 78 }
* Dataflow Pipeline: 0

* FSM state transitions: 
1 --> 2 
2 --> 3 
3 --> 4 
4 --> 5 
5 --> 6 
6 --> 7 
7 --> 8 
8 --> 9 
9 --> 10 
10 --> 11 
11 --> 12 
12 --> 13 
13 --> 14 
14 --> 15 
15 --> 16 
16 --> 17 
17 --> 18 
18 --> 19 
19 --> 20 
20 --> 21 
21 --> 22 
22 --> 23 
23 --> 24 
24 --> 25 
25 --> 26 
26 --> 27 
27 --> 28 
28 --> 29 
29 --> 30 
30 --> 31 
31 --> 32 
32 --> 33 
33 --> 34 
34 --> 35 
35 --> 36 
36 --> 37 
37 --> 38 
38 --> 39 
39 --> 40 
40 --> 41 
41 --> 42 
42 --> 43 
43 --> 44 
44 --> 45 
45 --> 46 
46 --> 47 
47 --> 48 
48 --> 49 
49 --> 50 
50 --> 51 
51 --> 52 
52 --> 53 
53 --> 54 
54 --> 55 
55 --> 56 
56 --> 57 
57 --> 58 
58 --> 59 
59 --> 60 
60 --> 61 
61 --> 62 
62 --> 63 
63 --> 64 
64 --> 65 
65 --> 66 
66 --> 67 
67 --> 68 
68 --> 69 
69 --> 70 
70 --> 71 
71 --> 72 
72 --> 73 
73 --> 74 
74 --> 75 
75 --> 76 
76 --> 77 
77 --> 78 
78 --> 

* FSM state operations: 

State 1 <SV = 0> <Delay = 1.69>
ST_1 : Operation 81 [1/1] (0.00ns)   --->   "%e = alloca i32 1" [../src/harness.cpp:101->../src/harness.cpp:151]   --->   Operation 81 'alloca' 'e' <Predicate = true> <Delay = 0.00>
ST_1 : Operation 82 [1/1] (0.00ns)   --->   "%specinterface_ln0 = specinterface void @_ssdm_op_SpecInterface, i512 %gmem1, void @empty_0, i32 0, i32 0, void @empty_24, i32 64, i32 4, void @empty_21, void @empty_22, void @empty_24, i32 16, i32 16, i32 16, i32 16, void @empty_24, void @empty_24, i32 4294967295, i32 0, i32 0"   --->   Operation 82 'specinterface' 'specinterface_ln0' <Predicate = true> <Delay = 0.00>
ST_1 : Operation 83 [1/1] (0.00ns)   --->   "%outputNumList_1_read = read i64 @_ssdm_op_Read.ap_auto.i64, i64 %outputNumList_1"   --->   Operation 83 'read' 'outputNumList_1_read' <Predicate = true> <Delay = 0.00>
ST_1 : Operation 84 [1/1] (0.00ns)   --->   "%tmp = read i31 @_ssdm_op_Read.ap_auto.i31, i31 %empty"   --->   Operation 84 'read' 'tmp' <Predicate = true> <Delay = 0.00>
ST_1 : Operation 85 [1/1] (0.42ns)   --->   "%store_ln101 = store i31 0, i31 %e" [../src/harness.cpp:101->../src/harness.cpp:151]   --->   Operation 85 'store' 'store_ln101' <Predicate = true> <Delay = 0.42>
ST_1 : Operation 86 [1/1] (0.00ns)   --->   "%br_ln0 = br void %for.inc.i"   --->   Operation 86 'br' 'br_ln0' <Predicate = true> <Delay = 0.00>
ST_1 : Operation 87 [1/1] (0.00ns)   --->   "%e_1 = load i31 %e" [../src/harness.cpp:101->../src/harness.cpp:151]   --->   Operation 87 'load' 'e_1' <Predicate = true> <Delay = 0.00>
ST_1 : Operation 88 [1/1] (0.85ns)   --->   "%add_ln101 = add i31 %e_1, i31 1" [../src/harness.cpp:101->../src/harness.cpp:151]   --->   Operation 88 'add' 'add_ln101' <Predicate = true> <Delay = 0.85> <CoreInst = "Adder">   --->   Core 1 'Adder' <Latency = 0> <II = 1> <Delay = 0.85> <FuncUnit> <Opcode : 'add' 'sub'> <InPorts = 2> <OutPorts = 1>
ST_1 : Operation 89 [1/1] (0.71ns)   --->   "%icmp_ln101 = icmp_eq  i31 %e_1, i31 %tmp" [../src/harness.cpp:101->../src/harness.cpp:151]   --->   Operation 89 'icmp' 'icmp_ln101' <Predicate = true> <Delay = 0.71> <CoreInst = "ICmp_EQ">   --->   Core 156 'ICmp_EQ' <Latency = 0> <II = 1> <Delay = 0.71> <FuncUnit> <Opcode : 'seteq' 'setne'> <InPorts = 2> <OutPorts = 1>
ST_1 : Operation 90 [1/1] (0.00ns)   --->   "%speclooptripcount_ln0 = speclooptripcount void @_ssdm_op_SpecLoopTripCount, i64 1, i64 18446744073709551615, i64 0"   --->   Operation 90 'speclooptripcount' 'speclooptripcount_ln0' <Predicate = true> <Delay = 0.00>
ST_1 : Operation 91 [1/1] (0.00ns)   --->   "%br_ln101 = br i1 %icmp_ln101, void %for.inc.split.i, void %VITIS_LOOP_107_2.i.exitStub" [../src/harness.cpp:101->../src/harness.cpp:151]   --->   Operation 91 'br' 'br_ln101' <Predicate = true> <Delay = 0.00>
ST_1 : Operation 92 [1/1] (0.00ns)   --->   "%shl_ln = bitconcatenate i33 @_ssdm_op_BitConcatenate.i33.i31.i2, i31 %e_1, i2 0" [../src/harness.cpp:103->../src/harness.cpp:151]   --->   Operation 92 'bitconcatenate' 'shl_ln' <Predicate = (!icmp_ln101)> <Delay = 0.00>
ST_1 : Operation 93 [1/1] (0.00ns)   --->   "%zext_ln103 = zext i33 %shl_ln" [../src/harness.cpp:103->../src/harness.cpp:151]   --->   Operation 93 'zext' 'zext_ln103' <Predicate = (!icmp_ln101)> <Delay = 0.00>
ST_1 : Operation 94 [1/1] (1.01ns)   --->   "%add_ln103 = add i64 %outputNumList_1_read, i64 %zext_ln103" [../src/harness.cpp:103->../src/harness.cpp:151]   --->   Operation 94 'add' 'add_ln103' <Predicate = (!icmp_ln101)> <Delay = 1.01> <CoreInst = "Adder">   --->   Core 1 'Adder' <Latency = 0> <II = 1> <Delay = 1.01> <FuncUnit> <Opcode : 'add' 'sub'> <InPorts = 2> <OutPorts = 1>
ST_1 : Operation 95 [1/1] (0.00ns)   --->   "%trunc_ln2 = partselect i58 @_ssdm_op_PartSelect.i58.i64.i32.i32, i64 %add_ln103, i32 6, i32 63" [../src/harness.cpp:103->../src/harness.cpp:151]   --->   Operation 95 'partselect' 'trunc_ln2' <Predicate = (!icmp_ln101)> <Delay = 0.00>
ST_1 : Operation 96 [1/1] (0.00ns)   --->   "%trunc_ln103 = trunc i64 %add_ln103" [../src/harness.cpp:103->../src/harness.cpp:151]   --->   Operation 96 'trunc' 'trunc_ln103' <Predicate = (!icmp_ln101)> <Delay = 0.00>
ST_1 : Operation 97 [1/1] (0.42ns)   --->   "%store_ln101 = store i31 %add_ln101, i31 %e" [../src/harness.cpp:101->../src/harness.cpp:151]   --->   Operation 97 'store' 'store_ln101' <Predicate = (!icmp_ln101)> <Delay = 0.42>

State 2 <SV = 1> <Delay = 1.24>
ST_2 : Operation 98 [1/1] (0.00ns)   --->   "%sext_ln103 = sext i58 %trunc_ln2" [../src/harness.cpp:103->../src/harness.cpp:151]   --->   Operation 98 'sext' 'sext_ln103' <Predicate = true> <Delay = 0.00>
ST_2 : Operation 99 [1/1] (0.00ns)   --->   "%gmem1_addr = getelementptr i512 %gmem1, i64 %sext_ln103" [../src/harness.cpp:103->../src/harness.cpp:151]   --->   Operation 99 'getelementptr' 'gmem1_addr' <Predicate = true> <Delay = 0.00>
ST_2 : Operation 100 [1/1] (0.00ns)   --->   "%muxLogicAXIMAddr_to_gmem1_load_req = muxlogic i512 %gmem1_addr"   --->   Operation 100 'muxlogic' 'muxLogicAXIMAddr_to_gmem1_load_req' <Predicate = true> <Delay = 0.00>
ST_2 : Operation 101 [1/1] (0.00ns)   --->   "%muxLogicAXIMBurst_to_gmem1_load_req = muxlogic i64 1"   --->   Operation 101 'muxlogic' 'muxLogicAXIMBurst_to_gmem1_load_req' <Predicate = true> <Delay = 0.00>
ST_2 : Operation 102 [74/74] (1.24ns)   --->   "%gmem1_load_req = readreq i1 @_ssdm_op_ReadReq.m_axi.i512P1A, i512 %gmem1_addr, i64 1" [../src/harness.cpp:103->../src/harness.cpp:151]   --->   Operation 102 'readreq' 'gmem1_load_req' <Predicate = true> <Delay = 1.24> <CoreInst = "m_axi">   --->   Core 123 'm_axi' <Latency = 9> <II = 1> <Delay = 1.44> <Adapter> <Opcode : 'read' 'write' 'readreq' 'writereq' 'writeresp'>

State 3 <SV = 2> <Delay = 2.21>
ST_3 : Operation 103 [73/74] (2.21ns)   --->   "%gmem1_load_req = readreq i1 @_ssdm_op_ReadReq.m_axi.i512P1A, i512 %gmem1_addr, i64 1" [../src/harness.cpp:103->../src/harness.cpp:151]   --->   Operation 103 'readreq' 'gmem1_load_req' <Predicate = true> <Delay = 2.21> <CoreInst = "m_axi">   --->   Core 123 'm_axi' <Latency = 9> <II = 1> <Delay = 1.44> <Adapter> <Opcode : 'read' 'write' 'readreq' 'writereq' 'writeresp'>

State 4 <SV = 3> <Delay = 2.21>
ST_4 : Operation 104 [72/74] (2.21ns)   --->   "%gmem1_load_req = readreq i1 @_ssdm_op_ReadReq.m_axi.i512P1A, i512 %gmem1_addr, i64 1" [../src/harness.cpp:103->../src/harness.cpp:151]   --->   Operation 104 'readreq' 'gmem1_load_req' <Predicate = true> <Delay = 2.21> <CoreInst = "m_axi">   --->   Core 123 'm_axi' <Latency = 9> <II = 1> <Delay = 1.44> <Adapter> <Opcode : 'read' 'write' 'readreq' 'writereq' 'writeresp'>

State 5 <SV = 4> <Delay = 2.21>
ST_5 : Operation 105 [71/74] (2.21ns)   --->   "%gmem1_load_req = readreq i1 @_ssdm_op_ReadReq.m_axi.i512P1A, i512 %gmem1_addr, i64 1" [../src/harness.cpp:103->../src/harness.cpp:151]   --->   Operation 105 'readreq' 'gmem1_load_req' <Predicate = true> <Delay = 2.21> <CoreInst = "m_axi">   --->   Core 123 'm_axi' <Latency = 9> <II = 1> <Delay = 1.44> <Adapter> <Opcode : 'read' 'write' 'readreq' 'writereq' 'writeresp'>

State 6 <SV = 5> <Delay = 2.21>
ST_6 : Operation 106 [70/74] (2.21ns)   --->   "%gmem1_load_req = readreq i1 @_ssdm_op_ReadReq.m_axi.i512P1A, i512 %gmem1_addr, i64 1" [../src/harness.cpp:103->../src/harness.cpp:151]   --->   Operation 106 'readreq' 'gmem1_load_req' <Predicate = true> <Delay = 2.21> <CoreInst = "m_axi">   --->   Core 123 'm_axi' <Latency = 9> <II = 1> <Delay = 1.44> <Adapter> <Opcode : 'read' 'write' 'readreq' 'writereq' 'writeresp'>

State 7 <SV = 6> <Delay = 2.21>
ST_7 : Operation 107 [69/74] (2.21ns)   --->   "%gmem1_load_req = readreq i1 @_ssdm_op_ReadReq.m_axi.i512P1A, i512 %gmem1_addr, i64 1" [../src/harness.cpp:103->../src/harness.cpp:151]   --->   Operation 107 'readreq' 'gmem1_load_req' <Predicate = true> <Delay = 2.21> <CoreInst = "m_axi">   --->   Core 123 'm_axi' <Latency = 9> <II = 1> <Delay = 1.44> <Adapter> <Opcode : 'read' 'write' 'readreq' 'writereq' 'writeresp'>

State 8 <SV = 7> <Delay = 2.21>
ST_8 : Operation 108 [68/74] (2.21ns)   --->   "%gmem1_load_req = readreq i1 @_ssdm_op_ReadReq.m_axi.i512P1A, i512 %gmem1_addr, i64 1" [../src/harness.cpp:103->../src/harness.cpp:151]   --->   Operation 108 'readreq' 'gmem1_load_req' <Predicate = true> <Delay = 2.21> <CoreInst = "m_axi">   --->   Core 123 'm_axi' <Latency = 9> <II = 1> <Delay = 1.44> <Adapter> <Opcode : 'read' 'write' 'readreq' 'writereq' 'writeresp'>

State 9 <SV = 8> <Delay = 2.21>
ST_9 : Operation 109 [67/74] (2.21ns)   --->   "%gmem1_load_req = readreq i1 @_ssdm_op_ReadReq.m_axi.i512P1A, i512 %gmem1_addr, i64 1" [../src/harness.cpp:103->../src/harness.cpp:151]   --->   Operation 109 'readreq' 'gmem1_load_req' <Predicate = true> <Delay = 2.21> <CoreInst = "m_axi">   --->   Core 123 'm_axi' <Latency = 9> <II = 1> <Delay = 1.44> <Adapter> <Opcode : 'read' 'write' 'readreq' 'writereq' 'writeresp'>

State 10 <SV = 9> <Delay = 2.21>
ST_10 : Operation 110 [66/74] (2.21ns)   --->   "%gmem1_load_req = readreq i1 @_ssdm_op_ReadReq.m_axi.i512P1A, i512 %gmem1_addr, i64 1" [../src/harness.cpp:103->../src/harness.cpp:151]   --->   Operation 110 'readreq' 'gmem1_load_req' <Predicate = true> <Delay = 2.21> <CoreInst = "m_axi">   --->   Core 123 'm_axi' <Latency = 9> <II = 1> <Delay = 1.44> <Adapter> <Opcode : 'read' 'write' 'readreq' 'writereq' 'writeresp'>

State 11 <SV = 10> <Delay = 2.21>
ST_11 : Operation 111 [65/74] (2.21ns)   --->   "%gmem1_load_req = readreq i1 @_ssdm_op_ReadReq.m_axi.i512P1A, i512 %gmem1_addr, i64 1" [../src/harness.cpp:103->../src/harness.cpp:151]   --->   Operation 111 'readreq' 'gmem1_load_req' <Predicate = true> <Delay = 2.21> <CoreInst = "m_axi">   --->   Core 123 'm_axi' <Latency = 9> <II = 1> <Delay = 1.44> <Adapter> <Opcode : 'read' 'write' 'readreq' 'writereq' 'writeresp'>

State 12 <SV = 11> <Delay = 2.21>
ST_12 : Operation 112 [64/74] (2.21ns)   --->   "%gmem1_load_req = readreq i1 @_ssdm_op_ReadReq.m_axi.i512P1A, i512 %gmem1_addr, i64 1" [../src/harness.cpp:103->../src/harness.cpp:151]   --->   Operation 112 'readreq' 'gmem1_load_req' <Predicate = true> <Delay = 2.21> <CoreInst = "m_axi">   --->   Core 123 'm_axi' <Latency = 9> <II = 1> <Delay = 1.44> <Adapter> <Opcode : 'read' 'write' 'readreq' 'writereq' 'writeresp'>

State 13 <SV = 12> <Delay = 2.21>
ST_13 : Operation 113 [63/74] (2.21ns)   --->   "%gmem1_load_req = readreq i1 @_ssdm_op_ReadReq.m_axi.i512P1A, i512 %gmem1_addr, i64 1" [../src/harness.cpp:103->../src/harness.cpp:151]   --->   Operation 113 'readreq' 'gmem1_load_req' <Predicate = true> <Delay = 2.21> <CoreInst = "m_axi">   --->   Core 123 'm_axi' <Latency = 9> <II = 1> <Delay = 1.44> <Adapter> <Opcode : 'read' 'write' 'readreq' 'writereq' 'writeresp'>

State 14 <SV = 13> <Delay = 2.21>
ST_14 : Operation 114 [62/74] (2.21ns)   --->   "%gmem1_load_req = readreq i1 @_ssdm_op_ReadReq.m_axi.i512P1A, i512 %gmem1_addr, i64 1" [../src/harness.cpp:103->../src/harness.cpp:151]   --->   Operation 114 'readreq' 'gmem1_load_req' <Predicate = true> <Delay = 2.21> <CoreInst = "m_axi">   --->   Core 123 'm_axi' <Latency = 9> <II = 1> <Delay = 1.44> <Adapter> <Opcode : 'read' 'write' 'readreq' 'writereq' 'writeresp'>

State 15 <SV = 14> <Delay = 2.21>
ST_15 : Operation 115 [61/74] (2.21ns)   --->   "%gmem1_load_req = readreq i1 @_ssdm_op_ReadReq.m_axi.i512P1A, i512 %gmem1_addr, i64 1" [../src/harness.cpp:103->../src/harness.cpp:151]   --->   Operation 115 'readreq' 'gmem1_load_req' <Predicate = true> <Delay = 2.21> <CoreInst = "m_axi">   --->   Core 123 'm_axi' <Latency = 9> <II = 1> <Delay = 1.44> <Adapter> <Opcode : 'read' 'write' 'readreq' 'writereq' 'writeresp'>

State 16 <SV = 15> <Delay = 2.21>
ST_16 : Operation 116 [60/74] (2.21ns)   --->   "%gmem1_load_req = readreq i1 @_ssdm_op_ReadReq.m_axi.i512P1A, i512 %gmem1_addr, i64 1" [../src/harness.cpp:103->../src/harness.cpp:151]   --->   Operation 116 'readreq' 'gmem1_load_req' <Predicate = true> <Delay = 2.21> <CoreInst = "m_axi">   --->   Core 123 'm_axi' <Latency = 9> <II = 1> <Delay = 1.44> <Adapter> <Opcode : 'read' 'write' 'readreq' 'writereq' 'writeresp'>

State 17 <SV = 16> <Delay = 2.21>
ST_17 : Operation 117 [59/74] (2.21ns)   --->   "%gmem1_load_req = readreq i1 @_ssdm_op_ReadReq.m_axi.i512P1A, i512 %gmem1_addr, i64 1" [../src/harness.cpp:103->../src/harness.cpp:151]   --->   Operation 117 'readreq' 'gmem1_load_req' <Predicate = true> <Delay = 2.21> <CoreInst = "m_axi">   --->   Core 123 'm_axi' <Latency = 9> <II = 1> <Delay = 1.44> <Adapter> <Opcode : 'read' 'write' 'readreq' 'writereq' 'writeresp'>

State 18 <SV = 17> <Delay = 2.21>
ST_18 : Operation 118 [58/74] (2.21ns)   --->   "%gmem1_load_req = readreq i1 @_ssdm_op_ReadReq.m_axi.i512P1A, i512 %gmem1_addr, i64 1" [../src/harness.cpp:103->../src/harness.cpp:151]   --->   Operation 118 'readreq' 'gmem1_load_req' <Predicate = true> <Delay = 2.21> <CoreInst = "m_axi">   --->   Core 123 'm_axi' <Latency = 9> <II = 1> <Delay = 1.44> <Adapter> <Opcode : 'read' 'write' 'readreq' 'writereq' 'writeresp'>

State 19 <SV = 18> <Delay = 2.21>
ST_19 : Operation 119 [57/74] (2.21ns)   --->   "%gmem1_load_req = readreq i1 @_ssdm_op_ReadReq.m_axi.i512P1A, i512 %gmem1_addr, i64 1" [../src/harness.cpp:103->../src/harness.cpp:151]   --->   Operation 119 'readreq' 'gmem1_load_req' <Predicate = true> <Delay = 2.21> <CoreInst = "m_axi">   --->   Core 123 'm_axi' <Latency = 9> <II = 1> <Delay = 1.44> <Adapter> <Opcode : 'read' 'write' 'readreq' 'writereq' 'writeresp'>

State 20 <SV = 19> <Delay = 2.21>
ST_20 : Operation 120 [56/74] (2.21ns)   --->   "%gmem1_load_req = readreq i1 @_ssdm_op_ReadReq.m_axi.i512P1A, i512 %gmem1_addr, i64 1" [../src/harness.cpp:103->../src/harness.cpp:151]   --->   Operation 120 'readreq' 'gmem1_load_req' <Predicate = true> <Delay = 2.21> <CoreInst = "m_axi">   --->   Core 123 'm_axi' <Latency = 9> <II = 1> <Delay = 1.44> <Adapter> <Opcode : 'read' 'write' 'readreq' 'writereq' 'writeresp'>

State 21 <SV = 20> <Delay = 2.21>
ST_21 : Operation 121 [55/74] (2.21ns)   --->   "%gmem1_load_req = readreq i1 @_ssdm_op_ReadReq.m_axi.i512P1A, i512 %gmem1_addr, i64 1" [../src/harness.cpp:103->../src/harness.cpp:151]   --->   Operation 121 'readreq' 'gmem1_load_req' <Predicate = true> <Delay = 2.21> <CoreInst = "m_axi">   --->   Core 123 'm_axi' <Latency = 9> <II = 1> <Delay = 1.44> <Adapter> <Opcode : 'read' 'write' 'readreq' 'writereq' 'writeresp'>

State 22 <SV = 21> <Delay = 2.21>
ST_22 : Operation 122 [54/74] (2.21ns)   --->   "%gmem1_load_req = readreq i1 @_ssdm_op_ReadReq.m_axi.i512P1A, i512 %gmem1_addr, i64 1" [../src/harness.cpp:103->../src/harness.cpp:151]   --->   Operation 122 'readreq' 'gmem1_load_req' <Predicate = true> <Delay = 2.21> <CoreInst = "m_axi">   --->   Core 123 'm_axi' <Latency = 9> <II = 1> <Delay = 1.44> <Adapter> <Opcode : 'read' 'write' 'readreq' 'writereq' 'writeresp'>

State 23 <SV = 22> <Delay = 2.21>
ST_23 : Operation 123 [53/74] (2.21ns)   --->   "%gmem1_load_req = readreq i1 @_ssdm_op_ReadReq.m_axi.i512P1A, i512 %gmem1_addr, i64 1" [../src/harness.cpp:103->../src/harness.cpp:151]   --->   Operation 123 'readreq' 'gmem1_load_req' <Predicate = true> <Delay = 2.21> <CoreInst = "m_axi">   --->   Core 123 'm_axi' <Latency = 9> <II = 1> <Delay = 1.44> <Adapter> <Opcode : 'read' 'write' 'readreq' 'writereq' 'writeresp'>

State 24 <SV = 23> <Delay = 2.21>
ST_24 : Operation 124 [52/74] (2.21ns)   --->   "%gmem1_load_req = readreq i1 @_ssdm_op_ReadReq.m_axi.i512P1A, i512 %gmem1_addr, i64 1" [../src/harness.cpp:103->../src/harness.cpp:151]   --->   Operation 124 'readreq' 'gmem1_load_req' <Predicate = true> <Delay = 2.21> <CoreInst = "m_axi">   --->   Core 123 'm_axi' <Latency = 9> <II = 1> <Delay = 1.44> <Adapter> <Opcode : 'read' 'write' 'readreq' 'writereq' 'writeresp'>

State 25 <SV = 24> <Delay = 2.21>
ST_25 : Operation 125 [51/74] (2.21ns)   --->   "%gmem1_load_req = readreq i1 @_ssdm_op_ReadReq.m_axi.i512P1A, i512 %gmem1_addr, i64 1" [../src/harness.cpp:103->../src/harness.cpp:151]   --->   Operation 125 'readreq' 'gmem1_load_req' <Predicate = true> <Delay = 2.21> <CoreInst = "m_axi">   --->   Core 123 'm_axi' <Latency = 9> <II = 1> <Delay = 1.44> <Adapter> <Opcode : 'read' 'write' 'readreq' 'writereq' 'writeresp'>

State 26 <SV = 25> <Delay = 2.21>
ST_26 : Operation 126 [50/74] (2.21ns)   --->   "%gmem1_load_req = readreq i1 @_ssdm_op_ReadReq.m_axi.i512P1A, i512 %gmem1_addr, i64 1" [../src/harness.cpp:103->../src/harness.cpp:151]   --->   Operation 126 'readreq' 'gmem1_load_req' <Predicate = true> <Delay = 2.21> <CoreInst = "m_axi">   --->   Core 123 'm_axi' <Latency = 9> <II = 1> <Delay = 1.44> <Adapter> <Opcode : 'read' 'write' 'readreq' 'writereq' 'writeresp'>

State 27 <SV = 26> <Delay = 2.21>
ST_27 : Operation 127 [49/74] (2.21ns)   --->   "%gmem1_load_req = readreq i1 @_ssdm_op_ReadReq.m_axi.i512P1A, i512 %gmem1_addr, i64 1" [../src/harness.cpp:103->../src/harness.cpp:151]   --->   Operation 127 'readreq' 'gmem1_load_req' <Predicate = true> <Delay = 2.21> <CoreInst = "m_axi">   --->   Core 123 'm_axi' <Latency = 9> <II = 1> <Delay = 1.44> <Adapter> <Opcode : 'read' 'write' 'readreq' 'writereq' 'writeresp'>

State 28 <SV = 27> <Delay = 2.21>
ST_28 : Operation 128 [48/74] (2.21ns)   --->   "%gmem1_load_req = readreq i1 @_ssdm_op_ReadReq.m_axi.i512P1A, i512 %gmem1_addr, i64 1" [../src/harness.cpp:103->../src/harness.cpp:151]   --->   Operation 128 'readreq' 'gmem1_load_req' <Predicate = true> <Delay = 2.21> <CoreInst = "m_axi">   --->   Core 123 'm_axi' <Latency = 9> <II = 1> <Delay = 1.44> <Adapter> <Opcode : 'read' 'write' 'readreq' 'writereq' 'writeresp'>

State 29 <SV = 28> <Delay = 2.21>
ST_29 : Operation 129 [47/74] (2.21ns)   --->   "%gmem1_load_req = readreq i1 @_ssdm_op_ReadReq.m_axi.i512P1A, i512 %gmem1_addr, i64 1" [../src/harness.cpp:103->../src/harness.cpp:151]   --->   Operation 129 'readreq' 'gmem1_load_req' <Predicate = true> <Delay = 2.21> <CoreInst = "m_axi">   --->   Core 123 'm_axi' <Latency = 9> <II = 1> <Delay = 1.44> <Adapter> <Opcode : 'read' 'write' 'readreq' 'writereq' 'writeresp'>

State 30 <SV = 29> <Delay = 2.21>
ST_30 : Operation 130 [46/74] (2.21ns)   --->   "%gmem1_load_req = readreq i1 @_ssdm_op_ReadReq.m_axi.i512P1A, i512 %gmem1_addr, i64 1" [../src/harness.cpp:103->../src/harness.cpp:151]   --->   Operation 130 'readreq' 'gmem1_load_req' <Predicate = true> <Delay = 2.21> <CoreInst = "m_axi">   --->   Core 123 'm_axi' <Latency = 9> <II = 1> <Delay = 1.44> <Adapter> <Opcode : 'read' 'write' 'readreq' 'writereq' 'writeresp'>

State 31 <SV = 30> <Delay = 2.21>
ST_31 : Operation 131 [45/74] (2.21ns)   --->   "%gmem1_load_req = readreq i1 @_ssdm_op_ReadReq.m_axi.i512P1A, i512 %gmem1_addr, i64 1" [../src/harness.cpp:103->../src/harness.cpp:151]   --->   Operation 131 'readreq' 'gmem1_load_req' <Predicate = true> <Delay = 2.21> <CoreInst = "m_axi">   --->   Core 123 'm_axi' <Latency = 9> <II = 1> <Delay = 1.44> <Adapter> <Opcode : 'read' 'write' 'readreq' 'writereq' 'writeresp'>

State 32 <SV = 31> <Delay = 2.21>
ST_32 : Operation 132 [44/74] (2.21ns)   --->   "%gmem1_load_req = readreq i1 @_ssdm_op_ReadReq.m_axi.i512P1A, i512 %gmem1_addr, i64 1" [../src/harness.cpp:103->../src/harness.cpp:151]   --->   Operation 132 'readreq' 'gmem1_load_req' <Predicate = true> <Delay = 2.21> <CoreInst = "m_axi">   --->   Core 123 'm_axi' <Latency = 9> <II = 1> <Delay = 1.44> <Adapter> <Opcode : 'read' 'write' 'readreq' 'writereq' 'writeresp'>

State 33 <SV = 32> <Delay = 2.21>
ST_33 : Operation 133 [43/74] (2.21ns)   --->   "%gmem1_load_req = readreq i1 @_ssdm_op_ReadReq.m_axi.i512P1A, i512 %gmem1_addr, i64 1" [../src/harness.cpp:103->../src/harness.cpp:151]   --->   Operation 133 'readreq' 'gmem1_load_req' <Predicate = true> <Delay = 2.21> <CoreInst = "m_axi">   --->   Core 123 'm_axi' <Latency = 9> <II = 1> <Delay = 1.44> <Adapter> <Opcode : 'read' 'write' 'readreq' 'writereq' 'writeresp'>

State 34 <SV = 33> <Delay = 2.21>
ST_34 : Operation 134 [42/74] (2.21ns)   --->   "%gmem1_load_req = readreq i1 @_ssdm_op_ReadReq.m_axi.i512P1A, i512 %gmem1_addr, i64 1" [../src/harness.cpp:103->../src/harness.cpp:151]   --->   Operation 134 'readreq' 'gmem1_load_req' <Predicate = true> <Delay = 2.21> <CoreInst = "m_axi">   --->   Core 123 'm_axi' <Latency = 9> <II = 1> <Delay = 1.44> <Adapter> <Opcode : 'read' 'write' 'readreq' 'writereq' 'writeresp'>

State 35 <SV = 34> <Delay = 2.21>
ST_35 : Operation 135 [41/74] (2.21ns)   --->   "%gmem1_load_req = readreq i1 @_ssdm_op_ReadReq.m_axi.i512P1A, i512 %gmem1_addr, i64 1" [../src/harness.cpp:103->../src/harness.cpp:151]   --->   Operation 135 'readreq' 'gmem1_load_req' <Predicate = true> <Delay = 2.21> <CoreInst = "m_axi">   --->   Core 123 'm_axi' <Latency = 9> <II = 1> <Delay = 1.44> <Adapter> <Opcode : 'read' 'write' 'readreq' 'writereq' 'writeresp'>

State 36 <SV = 35> <Delay = 2.21>
ST_36 : Operation 136 [40/74] (2.21ns)   --->   "%gmem1_load_req = readreq i1 @_ssdm_op_ReadReq.m_axi.i512P1A, i512 %gmem1_addr, i64 1" [../src/harness.cpp:103->../src/harness.cpp:151]   --->   Operation 136 'readreq' 'gmem1_load_req' <Predicate = true> <Delay = 2.21> <CoreInst = "m_axi">   --->   Core 123 'm_axi' <Latency = 9> <II = 1> <Delay = 1.44> <Adapter> <Opcode : 'read' 'write' 'readreq' 'writereq' 'writeresp'>

State 37 <SV = 36> <Delay = 2.21>
ST_37 : Operation 137 [39/74] (2.21ns)   --->   "%gmem1_load_req = readreq i1 @_ssdm_op_ReadReq.m_axi.i512P1A, i512 %gmem1_addr, i64 1" [../src/harness.cpp:103->../src/harness.cpp:151]   --->   Operation 137 'readreq' 'gmem1_load_req' <Predicate = true> <Delay = 2.21> <CoreInst = "m_axi">   --->   Core 123 'm_axi' <Latency = 9> <II = 1> <Delay = 1.44> <Adapter> <Opcode : 'read' 'write' 'readreq' 'writereq' 'writeresp'>

State 38 <SV = 37> <Delay = 2.21>
ST_38 : Operation 138 [38/74] (2.21ns)   --->   "%gmem1_load_req = readreq i1 @_ssdm_op_ReadReq.m_axi.i512P1A, i512 %gmem1_addr, i64 1" [../src/harness.cpp:103->../src/harness.cpp:151]   --->   Operation 138 'readreq' 'gmem1_load_req' <Predicate = true> <Delay = 2.21> <CoreInst = "m_axi">   --->   Core 123 'm_axi' <Latency = 9> <II = 1> <Delay = 1.44> <Adapter> <Opcode : 'read' 'write' 'readreq' 'writereq' 'writeresp'>

State 39 <SV = 38> <Delay = 2.21>
ST_39 : Operation 139 [37/74] (2.21ns)   --->   "%gmem1_load_req = readreq i1 @_ssdm_op_ReadReq.m_axi.i512P1A, i512 %gmem1_addr, i64 1" [../src/harness.cpp:103->../src/harness.cpp:151]   --->   Operation 139 'readreq' 'gmem1_load_req' <Predicate = true> <Delay = 2.21> <CoreInst = "m_axi">   --->   Core 123 'm_axi' <Latency = 9> <II = 1> <Delay = 1.44> <Adapter> <Opcode : 'read' 'write' 'readreq' 'writereq' 'writeresp'>

State 40 <SV = 39> <Delay = 2.21>
ST_40 : Operation 140 [36/74] (2.21ns)   --->   "%gmem1_load_req = readreq i1 @_ssdm_op_ReadReq.m_axi.i512P1A, i512 %gmem1_addr, i64 1" [../src/harness.cpp:103->../src/harness.cpp:151]   --->   Operation 140 'readreq' 'gmem1_load_req' <Predicate = true> <Delay = 2.21> <CoreInst = "m_axi">   --->   Core 123 'm_axi' <Latency = 9> <II = 1> <Delay = 1.44> <Adapter> <Opcode : 'read' 'write' 'readreq' 'writereq' 'writeresp'>

State 41 <SV = 40> <Delay = 2.21>
ST_41 : Operation 141 [35/74] (2.21ns)   --->   "%gmem1_load_req = readreq i1 @_ssdm_op_ReadReq.m_axi.i512P1A, i512 %gmem1_addr, i64 1" [../src/harness.cpp:103->../src/harness.cpp:151]   --->   Operation 141 'readreq' 'gmem1_load_req' <Predicate = true> <Delay = 2.21> <CoreInst = "m_axi">   --->   Core 123 'm_axi' <Latency = 9> <II = 1> <Delay = 1.44> <Adapter> <Opcode : 'read' 'write' 'readreq' 'writereq' 'writeresp'>

State 42 <SV = 41> <Delay = 2.21>
ST_42 : Operation 142 [34/74] (2.21ns)   --->   "%gmem1_load_req = readreq i1 @_ssdm_op_ReadReq.m_axi.i512P1A, i512 %gmem1_addr, i64 1" [../src/harness.cpp:103->../src/harness.cpp:151]   --->   Operation 142 'readreq' 'gmem1_load_req' <Predicate = true> <Delay = 2.21> <CoreInst = "m_axi">   --->   Core 123 'm_axi' <Latency = 9> <II = 1> <Delay = 1.44> <Adapter> <Opcode : 'read' 'write' 'readreq' 'writereq' 'writeresp'>

State 43 <SV = 42> <Delay = 2.21>
ST_43 : Operation 143 [33/74] (2.21ns)   --->   "%gmem1_load_req = readreq i1 @_ssdm_op_ReadReq.m_axi.i512P1A, i512 %gmem1_addr, i64 1" [../src/harness.cpp:103->../src/harness.cpp:151]   --->   Operation 143 'readreq' 'gmem1_load_req' <Predicate = true> <Delay = 2.21> <CoreInst = "m_axi">   --->   Core 123 'm_axi' <Latency = 9> <II = 1> <Delay = 1.44> <Adapter> <Opcode : 'read' 'write' 'readreq' 'writereq' 'writeresp'>

State 44 <SV = 43> <Delay = 2.21>
ST_44 : Operation 144 [32/74] (2.21ns)   --->   "%gmem1_load_req = readreq i1 @_ssdm_op_ReadReq.m_axi.i512P1A, i512 %gmem1_addr, i64 1" [../src/harness.cpp:103->../src/harness.cpp:151]   --->   Operation 144 'readreq' 'gmem1_load_req' <Predicate = true> <Delay = 2.21> <CoreInst = "m_axi">   --->   Core 123 'm_axi' <Latency = 9> <II = 1> <Delay = 1.44> <Adapter> <Opcode : 'read' 'write' 'readreq' 'writereq' 'writeresp'>

State 45 <SV = 44> <Delay = 2.21>
ST_45 : Operation 145 [31/74] (2.21ns)   --->   "%gmem1_load_req = readreq i1 @_ssdm_op_ReadReq.m_axi.i512P1A, i512 %gmem1_addr, i64 1" [../src/harness.cpp:103->../src/harness.cpp:151]   --->   Operation 145 'readreq' 'gmem1_load_req' <Predicate = true> <Delay = 2.21> <CoreInst = "m_axi">   --->   Core 123 'm_axi' <Latency = 9> <II = 1> <Delay = 1.44> <Adapter> <Opcode : 'read' 'write' 'readreq' 'writereq' 'writeresp'>

State 46 <SV = 45> <Delay = 2.21>
ST_46 : Operation 146 [30/74] (2.21ns)   --->   "%gmem1_load_req = readreq i1 @_ssdm_op_ReadReq.m_axi.i512P1A, i512 %gmem1_addr, i64 1" [../src/harness.cpp:103->../src/harness.cpp:151]   --->   Operation 146 'readreq' 'gmem1_load_req' <Predicate = true> <Delay = 2.21> <CoreInst = "m_axi">   --->   Core 123 'm_axi' <Latency = 9> <II = 1> <Delay = 1.44> <Adapter> <Opcode : 'read' 'write' 'readreq' 'writereq' 'writeresp'>

State 47 <SV = 46> <Delay = 2.21>
ST_47 : Operation 147 [29/74] (2.21ns)   --->   "%gmem1_load_req = readreq i1 @_ssdm_op_ReadReq.m_axi.i512P1A, i512 %gmem1_addr, i64 1" [../src/harness.cpp:103->../src/harness.cpp:151]   --->   Operation 147 'readreq' 'gmem1_load_req' <Predicate = true> <Delay = 2.21> <CoreInst = "m_axi">   --->   Core 123 'm_axi' <Latency = 9> <II = 1> <Delay = 1.44> <Adapter> <Opcode : 'read' 'write' 'readreq' 'writereq' 'writeresp'>

State 48 <SV = 47> <Delay = 2.21>
ST_48 : Operation 148 [28/74] (2.21ns)   --->   "%gmem1_load_req = readreq i1 @_ssdm_op_ReadReq.m_axi.i512P1A, i512 %gmem1_addr, i64 1" [../src/harness.cpp:103->../src/harness.cpp:151]   --->   Operation 148 'readreq' 'gmem1_load_req' <Predicate = true> <Delay = 2.21> <CoreInst = "m_axi">   --->   Core 123 'm_axi' <Latency = 9> <II = 1> <Delay = 1.44> <Adapter> <Opcode : 'read' 'write' 'readreq' 'writereq' 'writeresp'>

State 49 <SV = 48> <Delay = 2.21>
ST_49 : Operation 149 [27/74] (2.21ns)   --->   "%gmem1_load_req = readreq i1 @_ssdm_op_ReadReq.m_axi.i512P1A, i512 %gmem1_addr, i64 1" [../src/harness.cpp:103->../src/harness.cpp:151]   --->   Operation 149 'readreq' 'gmem1_load_req' <Predicate = true> <Delay = 2.21> <CoreInst = "m_axi">   --->   Core 123 'm_axi' <Latency = 9> <II = 1> <Delay = 1.44> <Adapter> <Opcode : 'read' 'write' 'readreq' 'writereq' 'writeresp'>

State 50 <SV = 49> <Delay = 2.21>
ST_50 : Operation 150 [26/74] (2.21ns)   --->   "%gmem1_load_req = readreq i1 @_ssdm_op_ReadReq.m_axi.i512P1A, i512 %gmem1_addr, i64 1" [../src/harness.cpp:103->../src/harness.cpp:151]   --->   Operation 150 'readreq' 'gmem1_load_req' <Predicate = true> <Delay = 2.21> <CoreInst = "m_axi">   --->   Core 123 'm_axi' <Latency = 9> <II = 1> <Delay = 1.44> <Adapter> <Opcode : 'read' 'write' 'readreq' 'writereq' 'writeresp'>

State 51 <SV = 50> <Delay = 2.21>
ST_51 : Operation 151 [25/74] (2.21ns)   --->   "%gmem1_load_req = readreq i1 @_ssdm_op_ReadReq.m_axi.i512P1A, i512 %gmem1_addr, i64 1" [../src/harness.cpp:103->../src/harness.cpp:151]   --->   Operation 151 'readreq' 'gmem1_load_req' <Predicate = true> <Delay = 2.21> <CoreInst = "m_axi">   --->   Core 123 'm_axi' <Latency = 9> <II = 1> <Delay = 1.44> <Adapter> <Opcode : 'read' 'write' 'readreq' 'writereq' 'writeresp'>

State 52 <SV = 51> <Delay = 2.21>
ST_52 : Operation 152 [24/74] (2.21ns)   --->   "%gmem1_load_req = readreq i1 @_ssdm_op_ReadReq.m_axi.i512P1A, i512 %gmem1_addr, i64 1" [../src/harness.cpp:103->../src/harness.cpp:151]   --->   Operation 152 'readreq' 'gmem1_load_req' <Predicate = true> <Delay = 2.21> <CoreInst = "m_axi">   --->   Core 123 'm_axi' <Latency = 9> <II = 1> <Delay = 1.44> <Adapter> <Opcode : 'read' 'write' 'readreq' 'writereq' 'writeresp'>

State 53 <SV = 52> <Delay = 2.21>
ST_53 : Operation 153 [23/74] (2.21ns)   --->   "%gmem1_load_req = readreq i1 @_ssdm_op_ReadReq.m_axi.i512P1A, i512 %gmem1_addr, i64 1" [../src/harness.cpp:103->../src/harness.cpp:151]   --->   Operation 153 'readreq' 'gmem1_load_req' <Predicate = true> <Delay = 2.21> <CoreInst = "m_axi">   --->   Core 123 'm_axi' <Latency = 9> <II = 1> <Delay = 1.44> <Adapter> <Opcode : 'read' 'write' 'readreq' 'writereq' 'writeresp'>

State 54 <SV = 53> <Delay = 2.21>
ST_54 : Operation 154 [22/74] (2.21ns)   --->   "%gmem1_load_req = readreq i1 @_ssdm_op_ReadReq.m_axi.i512P1A, i512 %gmem1_addr, i64 1" [../src/harness.cpp:103->../src/harness.cpp:151]   --->   Operation 154 'readreq' 'gmem1_load_req' <Predicate = true> <Delay = 2.21> <CoreInst = "m_axi">   --->   Core 123 'm_axi' <Latency = 9> <II = 1> <Delay = 1.44> <Adapter> <Opcode : 'read' 'write' 'readreq' 'writereq' 'writeresp'>

State 55 <SV = 54> <Delay = 2.21>
ST_55 : Operation 155 [21/74] (2.21ns)   --->   "%gmem1_load_req = readreq i1 @_ssdm_op_ReadReq.m_axi.i512P1A, i512 %gmem1_addr, i64 1" [../src/harness.cpp:103->../src/harness.cpp:151]   --->   Operation 155 'readreq' 'gmem1_load_req' <Predicate = true> <Delay = 2.21> <CoreInst = "m_axi">   --->   Core 123 'm_axi' <Latency = 9> <II = 1> <Delay = 1.44> <Adapter> <Opcode : 'read' 'write' 'readreq' 'writereq' 'writeresp'>

State 56 <SV = 55> <Delay = 2.21>
ST_56 : Operation 156 [20/74] (2.21ns)   --->   "%gmem1_load_req = readreq i1 @_ssdm_op_ReadReq.m_axi.i512P1A, i512 %gmem1_addr, i64 1" [../src/harness.cpp:103->../src/harness.cpp:151]   --->   Operation 156 'readreq' 'gmem1_load_req' <Predicate = true> <Delay = 2.21> <CoreInst = "m_axi">   --->   Core 123 'm_axi' <Latency = 9> <II = 1> <Delay = 1.44> <Adapter> <Opcode : 'read' 'write' 'readreq' 'writereq' 'writeresp'>

State 57 <SV = 56> <Delay = 2.21>
ST_57 : Operation 157 [19/74] (2.21ns)   --->   "%gmem1_load_req = readreq i1 @_ssdm_op_ReadReq.m_axi.i512P1A, i512 %gmem1_addr, i64 1" [../src/harness.cpp:103->../src/harness.cpp:151]   --->   Operation 157 'readreq' 'gmem1_load_req' <Predicate = true> <Delay = 2.21> <CoreInst = "m_axi">   --->   Core 123 'm_axi' <Latency = 9> <II = 1> <Delay = 1.44> <Adapter> <Opcode : 'read' 'write' 'readreq' 'writereq' 'writeresp'>

State 58 <SV = 57> <Delay = 2.21>
ST_58 : Operation 158 [18/74] (2.21ns)   --->   "%gmem1_load_req = readreq i1 @_ssdm_op_ReadReq.m_axi.i512P1A, i512 %gmem1_addr, i64 1" [../src/harness.cpp:103->../src/harness.cpp:151]   --->   Operation 158 'readreq' 'gmem1_load_req' <Predicate = true> <Delay = 2.21> <CoreInst = "m_axi">   --->   Core 123 'm_axi' <Latency = 9> <II = 1> <Delay = 1.44> <Adapter> <Opcode : 'read' 'write' 'readreq' 'writereq' 'writeresp'>

State 59 <SV = 58> <Delay = 2.21>
ST_59 : Operation 159 [17/74] (2.21ns)   --->   "%gmem1_load_req = readreq i1 @_ssdm_op_ReadReq.m_axi.i512P1A, i512 %gmem1_addr, i64 1" [../src/harness.cpp:103->../src/harness.cpp:151]   --->   Operation 159 'readreq' 'gmem1_load_req' <Predicate = true> <Delay = 2.21> <CoreInst = "m_axi">   --->   Core 123 'm_axi' <Latency = 9> <II = 1> <Delay = 1.44> <Adapter> <Opcode : 'read' 'write' 'readreq' 'writereq' 'writeresp'>

State 60 <SV = 59> <Delay = 2.21>
ST_60 : Operation 160 [16/74] (2.21ns)   --->   "%gmem1_load_req = readreq i1 @_ssdm_op_ReadReq.m_axi.i512P1A, i512 %gmem1_addr, i64 1" [../src/harness.cpp:103->../src/harness.cpp:151]   --->   Operation 160 'readreq' 'gmem1_load_req' <Predicate = true> <Delay = 2.21> <CoreInst = "m_axi">   --->   Core 123 'm_axi' <Latency = 9> <II = 1> <Delay = 1.44> <Adapter> <Opcode : 'read' 'write' 'readreq' 'writereq' 'writeresp'>

State 61 <SV = 60> <Delay = 2.21>
ST_61 : Operation 161 [15/74] (2.21ns)   --->   "%gmem1_load_req = readreq i1 @_ssdm_op_ReadReq.m_axi.i512P1A, i512 %gmem1_addr, i64 1" [../src/harness.cpp:103->../src/harness.cpp:151]   --->   Operation 161 'readreq' 'gmem1_load_req' <Predicate = true> <Delay = 2.21> <CoreInst = "m_axi">   --->   Core 123 'm_axi' <Latency = 9> <II = 1> <Delay = 1.44> <Adapter> <Opcode : 'read' 'write' 'readreq' 'writereq' 'writeresp'>

State 62 <SV = 61> <Delay = 2.21>
ST_62 : Operation 162 [14/74] (2.21ns)   --->   "%gmem1_load_req = readreq i1 @_ssdm_op_ReadReq.m_axi.i512P1A, i512 %gmem1_addr, i64 1" [../src/harness.cpp:103->../src/harness.cpp:151]   --->   Operation 162 'readreq' 'gmem1_load_req' <Predicate = true> <Delay = 2.21> <CoreInst = "m_axi">   --->   Core 123 'm_axi' <Latency = 9> <II = 1> <Delay = 1.44> <Adapter> <Opcode : 'read' 'write' 'readreq' 'writereq' 'writeresp'>

State 63 <SV = 62> <Delay = 2.21>
ST_63 : Operation 163 [13/74] (2.21ns)   --->   "%gmem1_load_req = readreq i1 @_ssdm_op_ReadReq.m_axi.i512P1A, i512 %gmem1_addr, i64 1" [../src/harness.cpp:103->../src/harness.cpp:151]   --->   Operation 163 'readreq' 'gmem1_load_req' <Predicate = true> <Delay = 2.21> <CoreInst = "m_axi">   --->   Core 123 'm_axi' <Latency = 9> <II = 1> <Delay = 1.44> <Adapter> <Opcode : 'read' 'write' 'readreq' 'writereq' 'writeresp'>

State 64 <SV = 63> <Delay = 2.21>
ST_64 : Operation 164 [12/74] (2.21ns)   --->   "%gmem1_load_req = readreq i1 @_ssdm_op_ReadReq.m_axi.i512P1A, i512 %gmem1_addr, i64 1" [../src/harness.cpp:103->../src/harness.cpp:151]   --->   Operation 164 'readreq' 'gmem1_load_req' <Predicate = true> <Delay = 2.21> <CoreInst = "m_axi">   --->   Core 123 'm_axi' <Latency = 9> <II = 1> <Delay = 1.44> <Adapter> <Opcode : 'read' 'write' 'readreq' 'writereq' 'writeresp'>

State 65 <SV = 64> <Delay = 2.21>
ST_65 : Operation 165 [11/74] (2.21ns)   --->   "%gmem1_load_req = readreq i1 @_ssdm_op_ReadReq.m_axi.i512P1A, i512 %gmem1_addr, i64 1" [../src/harness.cpp:103->../src/harness.cpp:151]   --->   Operation 165 'readreq' 'gmem1_load_req' <Predicate = true> <Delay = 2.21> <CoreInst = "m_axi">   --->   Core 123 'm_axi' <Latency = 9> <II = 1> <Delay = 1.44> <Adapter> <Opcode : 'read' 'write' 'readreq' 'writereq' 'writeresp'>

State 66 <SV = 65> <Delay = 2.21>
ST_66 : Operation 166 [10/74] (2.21ns)   --->   "%gmem1_load_req = readreq i1 @_ssdm_op_ReadReq.m_axi.i512P1A, i512 %gmem1_addr, i64 1" [../src/harness.cpp:103->../src/harness.cpp:151]   --->   Operation 166 'readreq' 'gmem1_load_req' <Predicate = true> <Delay = 2.21> <CoreInst = "m_axi">   --->   Core 123 'm_axi' <Latency = 9> <II = 1> <Delay = 1.44> <Adapter> <Opcode : 'read' 'write' 'readreq' 'writereq' 'writeresp'>

State 67 <SV = 66> <Delay = 2.21>
ST_67 : Operation 167 [9/74] (2.21ns)   --->   "%gmem1_load_req = readreq i1 @_ssdm_op_ReadReq.m_axi.i512P1A, i512 %gmem1_addr, i64 1" [../src/harness.cpp:103->../src/harness.cpp:151]   --->   Operation 167 'readreq' 'gmem1_load_req' <Predicate = true> <Delay = 2.21> <CoreInst = "m_axi">   --->   Core 123 'm_axi' <Latency = 9> <II = 1> <Delay = 1.44> <Adapter> <Opcode : 'read' 'write' 'readreq' 'writereq' 'writeresp'>

State 68 <SV = 67> <Delay = 2.21>
ST_68 : Operation 168 [8/74] (2.21ns)   --->   "%gmem1_load_req = readreq i1 @_ssdm_op_ReadReq.m_axi.i512P1A, i512 %gmem1_addr, i64 1" [../src/harness.cpp:103->../src/harness.cpp:151]   --->   Operation 168 'readreq' 'gmem1_load_req' <Predicate = true> <Delay = 2.21> <CoreInst = "m_axi">   --->   Core 123 'm_axi' <Latency = 9> <II = 1> <Delay = 1.44> <Adapter> <Opcode : 'read' 'write' 'readreq' 'writereq' 'writeresp'>

State 69 <SV = 68> <Delay = 2.21>
ST_69 : Operation 169 [7/74] (2.21ns)   --->   "%gmem1_load_req = readreq i1 @_ssdm_op_ReadReq.m_axi.i512P1A, i512 %gmem1_addr, i64 1" [../src/harness.cpp:103->../src/harness.cpp:151]   --->   Operation 169 'readreq' 'gmem1_load_req' <Predicate = true> <Delay = 2.21> <CoreInst = "m_axi">   --->   Core 123 'm_axi' <Latency = 9> <II = 1> <Delay = 1.44> <Adapter> <Opcode : 'read' 'write' 'readreq' 'writereq' 'writeresp'>

State 70 <SV = 69> <Delay = 2.21>
ST_70 : Operation 170 [6/74] (2.21ns)   --->   "%gmem1_load_req = readreq i1 @_ssdm_op_ReadReq.m_axi.i512P1A, i512 %gmem1_addr, i64 1" [../src/harness.cpp:103->../src/harness.cpp:151]   --->   Operation 170 'readreq' 'gmem1_load_req' <Predicate = true> <Delay = 2.21> <CoreInst = "m_axi">   --->   Core 123 'm_axi' <Latency = 9> <II = 1> <Delay = 1.44> <Adapter> <Opcode : 'read' 'write' 'readreq' 'writereq' 'writeresp'>

State 71 <SV = 70> <Delay = 2.21>
ST_71 : Operation 171 [5/74] (2.21ns)   --->   "%gmem1_load_req = readreq i1 @_ssdm_op_ReadReq.m_axi.i512P1A, i512 %gmem1_addr, i64 1" [../src/harness.cpp:103->../src/harness.cpp:151]   --->   Operation 171 'readreq' 'gmem1_load_req' <Predicate = true> <Delay = 2.21> <CoreInst = "m_axi">   --->   Core 123 'm_axi' <Latency = 9> <II = 1> <Delay = 1.44> <Adapter> <Opcode : 'read' 'write' 'readreq' 'writereq' 'writeresp'>

State 72 <SV = 71> <Delay = 2.21>
ST_72 : Operation 172 [4/74] (2.21ns)   --->   "%gmem1_load_req = readreq i1 @_ssdm_op_ReadReq.m_axi.i512P1A, i512 %gmem1_addr, i64 1" [../src/harness.cpp:103->../src/harness.cpp:151]   --->   Operation 172 'readreq' 'gmem1_load_req' <Predicate = true> <Delay = 2.21> <CoreInst = "m_axi">   --->   Core 123 'm_axi' <Latency = 9> <II = 1> <Delay = 1.44> <Adapter> <Opcode : 'read' 'write' 'readreq' 'writereq' 'writeresp'>

State 73 <SV = 72> <Delay = 2.21>
ST_73 : Operation 173 [3/74] (2.21ns)   --->   "%gmem1_load_req = readreq i1 @_ssdm_op_ReadReq.m_axi.i512P1A, i512 %gmem1_addr, i64 1" [../src/harness.cpp:103->../src/harness.cpp:151]   --->   Operation 173 'readreq' 'gmem1_load_req' <Predicate = true> <Delay = 2.21> <CoreInst = "m_axi">   --->   Core 123 'm_axi' <Latency = 9> <II = 1> <Delay = 1.44> <Adapter> <Opcode : 'read' 'write' 'readreq' 'writereq' 'writeresp'>

State 74 <SV = 73> <Delay = 2.21>
ST_74 : Operation 174 [2/74] (2.21ns)   --->   "%gmem1_load_req = readreq i1 @_ssdm_op_ReadReq.m_axi.i512P1A, i512 %gmem1_addr, i64 1" [../src/harness.cpp:103->../src/harness.cpp:151]   --->   Operation 174 'readreq' 'gmem1_load_req' <Predicate = true> <Delay = 2.21> <CoreInst = "m_axi">   --->   Core 123 'm_axi' <Latency = 9> <II = 1> <Delay = 1.44> <Adapter> <Opcode : 'read' 'write' 'readreq' 'writereq' 'writeresp'>

State 75 <SV = 74> <Delay = 1.24>
ST_75 : Operation 175 [1/74] (1.24ns)   --->   "%gmem1_load_req = readreq i1 @_ssdm_op_ReadReq.m_axi.i512P1A, i512 %gmem1_addr, i64 1" [../src/harness.cpp:103->../src/harness.cpp:151]   --->   Operation 175 'readreq' 'gmem1_load_req' <Predicate = true> <Delay = 1.24> <CoreInst = "m_axi">   --->   Core 123 'm_axi' <Latency = 9> <II = 1> <Delay = 1.44> <Adapter> <Opcode : 'read' 'write' 'readreq' 'writereq' 'writeresp'>

State 76 <SV = 75> <Delay = 1.24>
ST_76 : Operation 176 [1/1] (0.00ns)   --->   "%muxLogicAXIMCE_to_gmem1_addr_read = muxlogic"   --->   Operation 176 'muxlogic' 'muxLogicAXIMCE_to_gmem1_addr_read' <Predicate = true> <Delay = 0.00>
ST_76 : Operation 177 [1/1] (1.24ns)   --->   "%gmem1_addr_read = read i512 @_ssdm_op_Read.m_axi.i512P1A, i512 %gmem1_addr" [../src/harness.cpp:103->../src/harness.cpp:151]   --->   Operation 177 'read' 'gmem1_addr_read' <Predicate = true> <Delay = 1.24> <CoreInst = "m_axi">   --->   Core 123 'm_axi' <Latency = 0> <II = 1> <Delay = 1.44> <Adapter> <Opcode : 'read' 'write' 'readreq' 'writereq' 'writeresp'>

State 77 <SV = 76> <Delay = 1.97>
ST_77 : Operation 178 [1/1] (0.00ns)   --->   "%shl_ln103_1 = bitconcatenate i9 @_ssdm_op_BitConcatenate.i9.i6.i3, i6 %trunc_ln103, i3 0" [../src/harness.cpp:103->../src/harness.cpp:151]   --->   Operation 178 'bitconcatenate' 'shl_ln103_1' <Predicate = true> <Delay = 0.00>
ST_77 : Operation 179 [1/1] (0.00ns)   --->   "%zext_ln103_1 = zext i9 %shl_ln103_1" [../src/harness.cpp:103->../src/harness.cpp:151]   --->   Operation 179 'zext' 'zext_ln103_1' <Predicate = true> <Delay = 0.00>
ST_77 : Operation 180 [1/1] (1.97ns)   --->   "%lshr_ln103 = lshr i512 %gmem1_addr_read, i512 %zext_ln103_1" [../src/harness.cpp:103->../src/harness.cpp:151]   --->   Operation 180 'lshr' 'lshr_ln103' <Predicate = true> <Delay = 1.97> <CoreInst = "Shifter">   --->   Core 79 'Shifter' <Latency = 0> <II = 1> <Delay = 1.97> <FuncUnit> <Opcode : 'shl' 'lshr' 'ashr'> <InPorts = 2> <OutPorts = 1>
ST_77 : Operation 181 [1/1] (0.00ns)   --->   "%n = trunc i512 %lshr_ln103" [../src/harness.cpp:103->../src/harness.cpp:151]   --->   Operation 181 'trunc' 'n' <Predicate = true> <Delay = 0.00>
ST_77 : Operation 190 [1/1] (0.28ns)   --->   "%ret_ln0 = ret"   --->   Operation 190 'ret' 'ret_ln0' <Predicate = (icmp_ln101)> <Delay = 0.28>

State 78 <SV = 77> <Delay = 1.32>
ST_78 : Operation 182 [1/1] (0.00ns)   --->   "%zext_ln101 = zext i31 %e_1" [../src/harness.cpp:101->../src/harness.cpp:151]   --->   Operation 182 'zext' 'zext_ln101' <Predicate = true> <Delay = 0.00>
ST_78 : Operation 183 [1/1] (0.00ns)   --->   "%specpipeline_ln102 = specpipeline void @_ssdm_op_SpecPipeline, i32 1, i32 0, i32 0, i32 0, void @empty_24" [../src/harness.cpp:102->../src/harness.cpp:151]   --->   Operation 183 'specpipeline' 'specpipeline_ln102' <Predicate = true> <Delay = 0.00>
ST_78 : Operation 184 [1/1] (0.00ns)   --->   "%specloopname_ln101 = specloopname void @_ssdm_op_SpecLoopName, void @empty_7" [../src/harness.cpp:101->../src/harness.cpp:151]   --->   Operation 184 'specloopname' 'specloopname_ln101' <Predicate = true> <Delay = 0.00>
ST_78 : Operation 185 [1/1] (0.00ns)   --->   "%nums_addr = getelementptr i32 %nums, i64 0, i64 %zext_ln101" [../src/harness.cpp:104->../src/harness.cpp:151]   --->   Operation 185 'getelementptr' 'nums_addr' <Predicate = true> <Delay = 0.00>
ST_78 : Operation 186 [1/1] (0.00ns)   --->   "%muxLogicRAMData_to_store_ln104 = muxlogic i32 %n"   --->   Operation 186 'muxlogic' 'muxLogicRAMData_to_store_ln104' <Predicate = true> <Delay = 0.00>
ST_78 : Operation 187 [1/1] (0.00ns)   --->   "%muxLogicRAMAddr_to_store_ln104 = muxlogic i13 %nums_addr"   --->   Operation 187 'muxlogic' 'muxLogicRAMAddr_to_store_ln104' <Predicate = true> <Delay = 0.00>
ST_78 : Operation 188 [1/1] ( I:1.32ns O:1.32ns ) (share mux size 2)   --->   "%store_ln104 = store i32 %n, i13 %nums_addr" [../src/harness.cpp:104->../src/harness.cpp:151]   --->   Operation 188 'store' 'store_ln104' <Predicate = true> <Delay = 1.32> <CoreInst = "RAM">   --->   Core 86 'RAM' <Latency = 1> <II = 1> <Delay = 1.32> <Storage> <Opcode : 'load' 'store'> <Ports = 2> <Width = 32> <Depth = 8192> <RAM>
ST_78 : Operation 189 [1/1] (0.00ns)   --->   "%br_ln101 = br void %for.inc.i" [../src/harness.cpp:101->../src/harness.cpp:151]   --->   Operation 189 'br' 'br_ln101' <Predicate = true> <Delay = 0.00>


============================================================
+ Verbose Summary: Binding
============================================================
STG Binding: 
---------------- STG Properties BEGIN ----------------
- Is combinational: 0
- Is one-state seq: 0
- Is datapath-only: 0
- Is pipelined: 0
- Is top level: 0
Port [ Return ] is wired: 1; IO mode=ap_ctrl_hs:ce=0
Port [ empty]:  wired=1; compound=0; hidden=0; nouse=0; global=0; static=0; extern=0; dir=0; type=0; pingpong=0; private_global=0; IO mode=ap_stable:ce=0
Port [ outputNumList_1]:  wired=1; compound=0; hidden=0; nouse=0; global=0; static=0; extern=0; dir=0; type=0; pingpong=0; private_global=0; IO mode=ap_none:ce=0
Port [ gmem1]:  wired=1; compound=1; hidden=0; nouse=0; global=0; static=0; extern=0; dir=0; type=4; pingpong=0; private_global=0; IO mode=m_axi:ce=0
Port [ nums]:  wired=1; compound=1; hidden=0; nouse=0; global=1; static=1; extern=0; dir=1; type=1; pingpong=0; private_global=0; MemPort=[03]; IO mode=ap_memory:ce=0
---------------- STG Properties END ------------------

---------------- Datapath Model BEGIN ----------------

<LifeTime>
<method=bitvector/>
e                                   (alloca           ) [ 0100000000000000000000000000000000000000000000000000000000000000000000000000000]
specinterface_ln0                   (specinterface    ) [ 0000000000000000000000000000000000000000000000000000000000000000000000000000000]
outputNumList_1_read                (read             ) [ 0000000000000000000000000000000000000000000000000000000000000000000000000000000]
tmp                                 (read             ) [ 0000000000000000000000000000000000000000000000000000000000000000000000000000000]
store_ln101                         (store            ) [ 0000000000000000000000000000000000000000000000000000000000000000000000000000000]
br_ln0                              (br               ) [ 0000000000000000000000000000000000000000000000000000000000000000000000000000000]
e_1                                 (load             ) [ 0111111111111111111111111111111111111111111111111111111111111111111111111111111]
add_ln101                           (add              ) [ 0000000000000000000000000000000000000000000000000000000000000000000000000000000]
icmp_ln101                          (icmp             ) [ 0111111111111111111111111111111111111111111111111111111111111111111111111111110]
speclooptripcount_ln0               (speclooptripcount) [ 0000000000000000000000000000000000000000000000000000000000000000000000000000000]
br_ln101                            (br               ) [ 0000000000000000000000000000000000000000000000000000000000000000000000000000000]
shl_ln                              (bitconcatenate   ) [ 0000000000000000000000000000000000000000000000000000000000000000000000000000000]
zext_ln103                          (zext             ) [ 0000000000000000000000000000000000000000000000000000000000000000000000000000000]
add_ln103                           (add              ) [ 0000000000000000000000000000000000000000000000000000000000000000000000000000000]
trunc_ln2                           (partselect       ) [ 0110000000000000000000000000000000000000000000000000000000000000000000000000000]
trunc_ln103                         (trunc            ) [ 0111111111111111111111111111111111111111111111111111111111111111111111111111110]
store_ln101                         (store            ) [ 0000000000000000000000000000000000000000000000000000000000000000000000000000000]
sext_ln103                          (sext             ) [ 0000000000000000000000000000000000000000000000000000000000000000000000000000000]
gmem1_addr                          (getelementptr    ) [ 0101111111111111111111111111111111111111111111111111111111111111111111111111100]
muxLogicAXIMAddr_to_gmem1_load_req  (muxlogic         ) [ 0000000000000000000000000000000000000000000000000000000000000000000000000000000]
muxLogicAXIMBurst_to_gmem1_load_req (muxlogic         ) [ 0000000000000000000000000000000000000000000000000000000000000000000000000000000]
gmem1_load_req                      (readreq          ) [ 0000000000000000000000000000000000000000000000000000000000000000000000000000000]
muxLogicAXIMCE_to_gmem1_addr_read   (muxlogic         ) [ 0000000000000000000000000000000000000000000000000000000000000000000000000000000]
gmem1_addr_read                     (read             ) [ 0100000000000000000000000000000000000000000000000000000000000000000000000000010]
shl_ln103_1                         (bitconcatenate   ) [ 0000000000000000000000000000000000000000000000000000000000000000000000000000000]
zext_ln103_1                        (zext             ) [ 0000000000000000000000000000000000000000000000000000000000000000000000000000000]
lshr_ln103                          (lshr             ) [ 0000000000000000000000000000000000000000000000000000000000000000000000000000000]
n                                   (trunc            ) [ 0100000000000000000000000000000000000000000000000000000000000000000000000000001]
zext_ln101                          (zext             ) [ 0000000000000000000000000000000000000000000000000000000000000000000000000000000]
specpipeline_ln102                  (specpipeline     ) [ 0000000000000000000000000000000000000000000000000000000000000000000000000000000]
specloopname_ln101                  (specloopname     ) [ 0000000000000000000000000000000000000000000000000000000000000000000000000000000]
nums_addr                           (getelementptr    ) [ 0000000000000000000000000000000000000000000000000000000000000000000000000000000]
muxLogicRAMData_to_store_ln104      (muxlogic         ) [ 0000000000000000000000000000000000000000000000000000000000000000000000000000000]
muxLogicRAMAddr_to_store_ln104      (muxlogic         ) [ 0000000000000000000000000000000000000000000000000000000000000000000000000000000]
store_ln104                         (store            ) [ 0000000000000000000000000000000000000000000000000000000000000000000000000000000]
br_ln101                            (br               ) [ 0000000000000000000000000000000000000000000000000000000000000000000000000000000]
ret_ln0                             (ret              ) [ 0000000000000000000000000000000000000000000000000000000000000000000000000000000]
</LifeTime>

<model>

<comp_list>
<comp id="0" class="1000" name="empty">
<pin_list>
<pin id="1" dir="1" index="0" bw="1" slack="0"/>
</pin_list>
<bind>
<StgValue><ssdm name="empty"/></StgValue>
</bind>
</comp>

<comp id="2" class="1000" name="outputNumList_1">
<pin_list>
<pin id="3" dir="1" index="0" bw="1" slack="0"/>
</pin_list>
<bind>
<StgValue><ssdm name="outputNumList_1"/></StgValue>
</bind>
</comp>

<comp id="4" class="1000" name="gmem1">
<pin_list>
<pin id="5" dir="1" index="0" bw="1" slack="0"/>
</pin_list>
<bind>
<StgValue><ssdm name="gmem1"/><MemPortTyVec>0 </MemPortTyVec>
</StgValue>
</bind>
</comp>

<comp id="6" class="1000" name="nums">
<pin_list>
<pin id="7" dir="1" index="0" bw="1" slack="0"/>
</pin_list>
<bind>
<StgValue><ssdm name="nums"/><MemPortTyVec>0 3 </MemPortTyVec>
</StgValue>
</bind>
</comp>

<comp id="8" class="1001" name="const_8">
<pin_list>
<pin id="9" dir="1" index="0" bw="1" slack="0"/>
</pin_list>
<bind>
<StgValue><ssdm name=""/></StgValue>
</bind>
</comp>

<comp id="10" class="1001" name="const_10">
<pin_list>
<pin id="11" dir="1" index="0" bw="1" slack="2147483647"/>
</pin_list>
<bind>
<StgValue><ssdm name="_ssdm_op_SpecInterface"/></StgValue>
</bind>
</comp>

<comp id="12" class="1001" name="const_12">
<pin_list>
<pin id="13" dir="1" index="0" bw="1" slack="2147483647"/>
</pin_list>
<bind>
<StgValue><ssdm name="empty_0"/></StgValue>
</bind>
</comp>

<comp id="14" class="1001" name="const_14">
<pin_list>
<pin id="15" dir="1" index="0" bw="1" slack="2147483647"/>
</pin_list>
<bind>
<StgValue><ssdm name=""/></StgValue>
</bind>
</comp>

<comp id="16" class="1001" name="const_16">
<pin_list>
<pin id="17" dir="1" index="0" bw="1" slack="2147483647"/>
</pin_list>
<bind>
<StgValue><ssdm name="empty_24"/></StgValue>
</bind>
</comp>

<comp id="18" class="1001" name="const_18">
<pin_list>
<pin id="19" dir="1" index="0" bw="1" slack="2147483647"/>
</pin_list>
<bind>
<StgValue><ssdm name=""/></StgValue>
</bind>
</comp>

<comp id="20" class="1001" name="const_20">
<pin_list>
<pin id="21" dir="1" index="0" bw="1" slack="2147483647"/>
</pin_list>
<bind>
<StgValue><ssdm name=""/></StgValue>
</bind>
</comp>

<comp id="22" class="1001" name="const_22">
<pin_list>
<pin id="23" dir="1" index="0" bw="1" slack="2147483647"/>
</pin_list>
<bind>
<StgValue><ssdm name="empty_21"/></StgValue>
</bind>
</comp>

<comp id="24" class="1001" name="const_24">
<pin_list>
<pin id="25" dir="1" index="0" bw="1" slack="2147483647"/>
</pin_list>
<bind>
<StgValue><ssdm name="empty_22"/></StgValue>
</bind>
</comp>

<comp id="26" class="1001" name="const_26">
<pin_list>
<pin id="27" dir="1" index="0" bw="1" slack="2147483647"/>
</pin_list>
<bind>
<StgValue><ssdm name=""/></StgValue>
</bind>
</comp>

<comp id="28" class="1001" name="const_28">
<pin_list>
<pin id="29" dir="1" index="0" bw="1" slack="2147483647"/>
</pin_list>
<bind>
<StgValue><ssdm name=""/></StgValue>
</bind>
</comp>

<comp id="30" class="1001" name="const_30">
<pin_list>
<pin id="31" dir="1" index="0" bw="1" slack="0"/>
</pin_list>
<bind>
<StgValue><ssdm name="_ssdm_op_Read.ap_auto.i64"/></StgValue>
</bind>
</comp>

<comp id="32" class="1001" name="const_32">
<pin_list>
<pin id="33" dir="1" index="0" bw="1" slack="0"/>
</pin_list>
<bind>
<StgValue><ssdm name="_ssdm_op_Read.ap_auto.i31"/></StgValue>
</bind>
</comp>

<comp id="34" class="1001" name="const_34">
<pin_list>
<pin id="35" dir="1" index="0" bw="1" slack="0"/>
</pin_list>
<bind>
<StgValue><ssdm name=""/></StgValue>
</bind>
</comp>

<comp id="36" class="1001" name="const_36">
<pin_list>
<pin id="37" dir="1" index="0" bw="1" slack="0"/>
</pin_list>
<bind>
<StgValue><ssdm name=""/></StgValue>
</bind>
</comp>

<comp id="38" class="1001" name="const_38">
<pin_list>
<pin id="39" dir="1" index="0" bw="1" slack="2147483647"/>
</pin_list>
<bind>
<StgValue><ssdm name="_ssdm_op_SpecLoopTripCount"/></StgValue>
</bind>
</comp>

<comp id="40" class="1001" name="const_40">
<pin_list>
<pin id="41" dir="1" index="0" bw="1" slack="0"/>
</pin_list>
<bind>
<StgValue><ssdm name=""/></StgValue>
</bind>
</comp>

<comp id="42" class="1001" name="const_42">
<pin_list>
<pin id="43" dir="1" index="0" bw="1" slack="2147483647"/>
</pin_list>
<bind>
<StgValue><ssdm name=""/></StgValue>
</bind>
</comp>

<comp id="44" class="1001" name="const_44">
<pin_list>
<pin id="45" dir="1" index="0" bw="1" slack="0"/>
</pin_list>
<bind>
<StgValue><ssdm name=""/></StgValue>
</bind>
</comp>

<comp id="46" class="1001" name="const_46">
<pin_list>
<pin id="47" dir="1" index="0" bw="1" slack="0"/>
</pin_list>
<bind>
<StgValue><ssdm name="_ssdm_op_BitConcatenate.i33.i31.i2"/></StgValue>
</bind>
</comp>

<comp id="48" class="1001" name="const_48">
<pin_list>
<pin id="49" dir="1" index="0" bw="1" slack="0"/>
</pin_list>
<bind>
<StgValue><ssdm name=""/></StgValue>
</bind>
</comp>

<comp id="50" class="1001" name="const_50">
<pin_list>
<pin id="51" dir="1" index="0" bw="1" slack="0"/>
</pin_list>
<bind>
<StgValue><ssdm name="_ssdm_op_PartSelect.i58.i64.i32.i32"/></StgValue>
</bind>
</comp>

<comp id="52" class="1001" name="const_52">
<pin_list>
<pin id="53" dir="1" index="0" bw="1" slack="0"/>
</pin_list>
<bind>
<StgValue><ssdm name=""/></StgValue>
</bind>
</comp>

<comp id="54" class="1001" name="const_54">
<pin_list>
<pin id="55" dir="1" index="0" bw="1" slack="0"/>
</pin_list>
<bind>
<StgValue><ssdm name=""/></StgValue>
</bind>
</comp>

<comp id="56" class="1001" name="const_56">
<pin_list>
<pin id="57" dir="1" index="0" bw="1" slack="0"/>
</pin_list>
<bind>
<StgValue><ssdm name="_ssdm_op_ReadReq.m_axi.i512P1A"/></StgValue>
</bind>
</comp>

<comp id="58" class="1001" name="const_58">
<pin_list>
<pin id="59" dir="1" index="0" bw="1" slack="0"/>
</pin_list>
<bind>
<StgValue><ssdm name="_ssdm_op_Read.m_axi.i512P1A"/></StgValue>
</bind>
</comp>

<comp id="60" class="1001" name="const_60">
<pin_list>
<pin id="61" dir="1" index="0" bw="1" slack="0"/>
</pin_list>
<bind>
<StgValue><ssdm name="_ssdm_op_BitConcatenate.i9.i6.i3"/></StgValue>
</bind>
</comp>

<comp id="62" class="1001" name="const_62">
<pin_list>
<pin id="63" dir="1" index="0" bw="1" slack="0"/>
</pin_list>
<bind>
<StgValue><ssdm name=""/></StgValue>
</bind>
</comp>

<comp id="64" class="1001" name="const_64">
<pin_list>
<pin id="65" dir="1" index="0" bw="1" slack="2147483647"/>
</pin_list>
<bind>
<StgValue><ssdm name="_ssdm_op_SpecPipeline"/></StgValue>
</bind>
</comp>

<comp id="66" class="1001" name="const_66">
<pin_list>
<pin id="67" dir="1" index="0" bw="1" slack="2147483647"/>
</pin_list>
<bind>
<StgValue><ssdm name="_ssdm_op_SpecLoopName"/></StgValue>
</bind>
</comp>

<comp id="68" class="1001" name="const_68">
<pin_list>
<pin id="69" dir="1" index="0" bw="1" slack="2147483647"/>
</pin_list>
<bind>
<StgValue><ssdm name="empty_7"/></StgValue>
</bind>
</comp>

<comp id="70" class="1004" name="e_fu_70">
<pin_list>
<pin id="71" dir="0" index="0" bw="1" slack="0"/>
<pin id="72" dir="1" index="1" bw="31" slack="0"/>
</pin_list>
<bind>
<opcode="alloca(26) " fcode="alloca"/>
<opset="e/1 "/>
</bind>
</comp>

<comp id="74" class="1004" name="outputNumList_1_read_read_fu_74">
<pin_list>
<pin id="75" dir="0" index="0" bw="64" slack="0"/>
<pin id="76" dir="0" index="1" bw="64" slack="0"/>
<pin id="77" dir="1" index="2" bw="64" slack="0"/>
</pin_list>
<bind>
<opcode="read(1150) " fcode="read"/>
<opset="outputNumList_1_read/1 "/>
</bind>
</comp>

<comp id="80" class="1004" name="tmp_read_fu_80">
<pin_list>
<pin id="81" dir="0" index="0" bw="31" slack="0"/>
<pin id="82" dir="0" index="1" bw="31" slack="0"/>
<pin id="83" dir="1" index="2" bw="31" slack="0"/>
</pin_list>
<bind>
<opcode="read(1150) " fcode="read"/>
<opset="tmp/1 "/>
</bind>
</comp>

<comp id="86" class="1004" name="grp_readreq_fu_86">
<pin_list>
<pin id="87" dir="0" index="0" bw="1" slack="0"/>
<pin id="88" dir="0" index="1" bw="512" slack="0"/>
<pin id="89" dir="0" index="2" bw="1" slack="0"/>
<pin id="90" dir="1" index="3" bw="1" slack="2147483647"/>
</pin_list>
<bind>
<opcode="readreq(1154) " fcode="readreq"/>
<opset="gmem1_load_req/2 "/>
</bind>
</comp>

<comp id="93" class="1004" name="gmem1_addr_read_read_fu_93">
<pin_list>
<pin id="94" dir="0" index="0" bw="512" slack="0"/>
<pin id="95" dir="0" index="1" bw="512" slack="74"/>
<pin id="96" dir="1" index="2" bw="512" slack="1"/>
</pin_list>
<bind>
<opcode="read(1150) " fcode="read"/>
<opset="gmem1_addr_read/76 "/>
</bind>
</comp>

<comp id="98" class="1004" name="nums_addr_gep_fu_98">
<pin_list>
<pin id="99" dir="0" index="0" bw="32" slack="0"/>
<pin id="100" dir="0" index="1" bw="1" slack="0"/>
<pin id="101" dir="0" index="2" bw="31" slack="0"/>
<pin id="102" dir="1" index="3" bw="13" slack="0"/>
</pin_list>
<bind>
<opcode="getelementptr(29) " fcode="getelementptr"/>
<opset="nums_addr/78 "/>
</bind>
</comp>

<comp id="105" class="1004" name="store_ln104_access_fu_105">
<pin_list>
<pin id="106" dir="0" index="0" bw="13" slack="0"/>
<pin id="107" dir="0" index="1" bw="32" slack="1"/>
<pin id="108" dir="0" index="2" bw="0" slack="2147483647"/>
<pin id="109" dir="1" index="3" bw="32" slack="2147483647"/>
</pin_list>
<bind>
<opcode="store(28) " fcode="store"/>
<opset="store_ln104/78 "/>
</bind>
</comp>

<comp id="111" class="1004" name="store_ln101_store_fu_111">
<pin_list>
<pin id="112" dir="0" index="0" bw="1" slack="0"/>
<pin id="113" dir="0" index="1" bw="31" slack="0"/>
<pin id="114" dir="1" index="2" bw="0" slack="2147483647"/>
</pin_list>
<bind>
<opcode="store(28) " fcode="store"/>
<opset="store_ln101/1 "/>
</bind>
</comp>

<comp id="116" class="1004" name="e_1_load_fu_116">
<pin_list>
<pin id="117" dir="0" index="0" bw="31" slack="0"/>
<pin id="118" dir="1" index="1" bw="31" slack="0"/>
</pin_list>
<bind>
<opcode="load(27) " fcode="load"/>
<opset="e_1/1 "/>
</bind>
</comp>

<comp id="119" class="1004" name="add_ln101_fu_119">
<pin_list>
<pin id="120" dir="0" index="0" bw="31" slack="0"/>
<pin id="121" dir="0" index="1" bw="1" slack="0"/>
<pin id="122" dir="1" index="2" bw="31" slack="0"/>
</pin_list>
<bind>
<opcode="add(8) " fcode="add"/>
<opset="add_ln101/1 "/>
</bind>
</comp>

<comp id="125" class="1004" name="icmp_ln101_fu_125">
<pin_list>
<pin id="126" dir="0" index="0" bw="31" slack="0"/>
<pin id="127" dir="0" index="1" bw="31" slack="0"/>
<pin id="128" dir="1" index="2" bw="1" slack="76"/>
</pin_list>
<bind>
<opcode="icmp(45) " fcode="icmp"/>
<opset="icmp_ln101/1 "/>
</bind>
</comp>

<comp id="131" class="1004" name="shl_ln_fu_131">
<pin_list>
<pin id="132" dir="0" index="0" bw="33" slack="0"/>
<pin id="133" dir="0" index="1" bw="31" slack="0"/>
<pin id="134" dir="0" index="2" bw="1" slack="0"/>
<pin id="135" dir="1" index="3" bw="33" slack="0"/>
</pin_list>
<bind>
<opcode="bitconcatenate(1004) " fcode="bitconcatenate"/>
<opset="shl_ln/1 "/>
</bind>
</comp>

<comp id="139" class="1004" name="zext_ln103_fu_139">
<pin_list>
<pin id="140" dir="0" index="0" bw="33" slack="0"/>
<pin id="141" dir="1" index="1" bw="64" slack="0"/>
</pin_list>
<bind>
<opcode="zext(34) " fcode="zext"/>
<opset="zext_ln103/1 "/>
</bind>
</comp>

<comp id="143" class="1004" name="add_ln103_fu_143">
<pin_list>
<pin id="144" dir="0" index="0" bw="64" slack="0"/>
<pin id="145" dir="0" index="1" bw="33" slack="0"/>
<pin id="146" dir="1" index="2" bw="64" slack="0"/>
</pin_list>
<bind>
<opcode="add(8) " fcode="add"/>
<opset="add_ln103/1 "/>
</bind>
</comp>

<comp id="149" class="1004" name="trunc_ln2_fu_149">
<pin_list>
<pin id="150" dir="0" index="0" bw="58" slack="0"/>
<pin id="151" dir="0" index="1" bw="64" slack="0"/>
<pin id="152" dir="0" index="2" bw="4" slack="0"/>
<pin id="153" dir="0" index="3" bw="7" slack="0"/>
<pin id="154" dir="1" index="4" bw="58" slack="1"/>
</pin_list>
<bind>
<opcode="partselect(1002) " fcode="partselect"/>
<opset="trunc_ln2/1 "/>
</bind>
</comp>

<comp id="159" class="1004" name="trunc_ln103_fu_159">
<pin_list>
<pin id="160" dir="0" index="0" bw="64" slack="0"/>
<pin id="161" dir="1" index="1" bw="6" slack="76"/>
</pin_list>
<bind>
<opcode="trunc(33) " fcode="trunc"/>
<opset="trunc_ln103/1 "/>
</bind>
</comp>

<comp id="163" class="1004" name="store_ln101_store_fu_163">
<pin_list>
<pin id="164" dir="0" index="0" bw="31" slack="0"/>
<pin id="165" dir="0" index="1" bw="31" slack="0"/>
<pin id="166" dir="1" index="2" bw="0" slack="2147483647"/>
</pin_list>
<bind>
<opcode="store(28) " fcode="store"/>
<opset="store_ln101/1 "/>
</bind>
</comp>

<comp id="168" class="1004" name="sext_ln103_fu_168">
<pin_list>
<pin id="169" dir="0" index="0" bw="58" slack="1"/>
<pin id="170" dir="1" index="1" bw="64" slack="0"/>
</pin_list>
<bind>
<opcode="sext(35) " fcode="sext"/>
<opset="sext_ln103/2 "/>
</bind>
</comp>

<comp id="171" class="1004" name="gmem1_addr_fu_171">
<pin_list>
<pin id="172" dir="0" index="0" bw="512" slack="0"/>
<pin id="173" dir="0" index="1" bw="58" slack="0"/>
<pin id="174" dir="1" index="2" bw="512" slack="0"/>
</pin_list>
<bind>
<opcode="getelementptr(29) " fcode="getelementptr"/>
<opset="gmem1_addr/2 "/>
</bind>
</comp>

<comp id="178" class="1004" name="muxLogicAXIMAddr_to_gmem1_load_req_fu_178">
<pin_list>
<pin id="179" dir="0" index="0" bw="512" slack="0"/>
<pin id="180" dir="1" index="1" bw="1" slack="2147483647"/>
</pin_list>
<bind>
<opcode="muxlogic(592) " fcode="muxlogic"/>
<opset="muxLogicAXIMAddr_to_gmem1_load_req/2 "/>
</bind>
</comp>

<comp id="182" class="1004" name="muxLogicAXIMBurst_to_gmem1_load_req_fu_182">
<pin_list>
<pin id="183" dir="0" index="0" bw="1" slack="0"/>
<pin id="184" dir="1" index="1" bw="1" slack="2147483647"/>
</pin_list>
<bind>
<opcode="muxlogic(592) " fcode="muxlogic"/>
<opset="muxLogicAXIMBurst_to_gmem1_load_req/2 "/>
</bind>
</comp>

<comp id="186" class="1004" name="muxLogicAXIMCE_to_gmem1_addr_read_fu_186">
<pin_list>
<pin id="187" dir="1" index="0" bw="512" slack="2147483647"/>
</pin_list>
<bind>
<opcode="muxlogic(592) " fcode="muxlogic"/>
<opset="muxLogicAXIMCE_to_gmem1_addr_read/76 "/>
</bind>
</comp>

<comp id="188" class="1004" name="shl_ln103_1_fu_188">
<pin_list>
<pin id="189" dir="0" index="0" bw="9" slack="0"/>
<pin id="190" dir="0" index="1" bw="6" slack="76"/>
<pin id="191" dir="0" index="2" bw="1" slack="0"/>
<pin id="192" dir="1" index="3" bw="9" slack="0"/>
</pin_list>
<bind>
<opcode="bitconcatenate(1004) " fcode="bitconcatenate"/>
<opset="shl_ln103_1/77 "/>
</bind>
</comp>

<comp id="195" class="1004" name="zext_ln103_1_fu_195">
<pin_list>
<pin id="196" dir="0" index="0" bw="9" slack="0"/>
<pin id="197" dir="1" index="1" bw="512" slack="0"/>
</pin_list>
<bind>
<opcode="zext(34) " fcode="zext"/>
<opset="zext_ln103_1/77 "/>
</bind>
</comp>

<comp id="199" class="1004" name="lshr_ln103_fu_199">
<pin_list>
<pin id="200" dir="0" index="0" bw="512" slack="1"/>
<pin id="201" dir="0" index="1" bw="9" slack="0"/>
<pin id="202" dir="1" index="2" bw="512" slack="0"/>
</pin_list>
<bind>
<opcode="lshr(21) " fcode="lshr"/>
<opset="lshr_ln103/77 "/>
</bind>
</comp>

<comp id="204" class="1004" name="n_fu_204">
<pin_list>
<pin id="205" dir="0" index="0" bw="512" slack="0"/>
<pin id="206" dir="1" index="1" bw="32" slack="1"/>
</pin_list>
<bind>
<opcode="trunc(33) " fcode="trunc"/>
<opset="n/77 "/>
</bind>
</comp>

<comp id="208" class="1004" name="zext_ln101_fu_208">
<pin_list>
<pin id="209" dir="0" index="0" bw="31" slack="77"/>
<pin id="210" dir="1" index="1" bw="64" slack="0"/>
</pin_list>
<bind>
<opcode="zext(34) " fcode="zext"/>
<opset="zext_ln101/78 "/>
</bind>
</comp>

<comp id="212" class="1004" name="muxLogicRAMData_to_store_ln104_fu_212">
<pin_list>
<pin id="213" dir="0" index="0" bw="32" slack="1"/>
<pin id="214" dir="1" index="1" bw="0" slack="2147483647"/>
</pin_list>
<bind>
<opcode="muxlogic(592) " fcode="muxlogic"/>
<opset="muxLogicRAMData_to_store_ln104/78 "/>
</bind>
</comp>

<comp id="215" class="1004" name="muxLogicRAMAddr_to_store_ln104_fu_215">
<pin_list>
<pin id="216" dir="0" index="0" bw="13" slack="0"/>
<pin id="217" dir="1" index="1" bw="0" slack="2147483647"/>
</pin_list>
<bind>
<opcode="muxlogic(592) " fcode="muxlogic"/>
<opset="muxLogicRAMAddr_to_store_ln104/78 "/>
</bind>
</comp>

<comp id="219" class="1005" name="e_reg_219">
<pin_list>
<pin id="220" dir="0" index="0" bw="31" slack="0"/>
<pin id="221" dir="1" index="1" bw="31" slack="0"/>
</pin_list>
<bind>
<opset="e "/>
</bind>
</comp>

<comp id="226" class="1005" name="e_1_reg_226">
<pin_list>
<pin id="227" dir="0" index="0" bw="31" slack="77"/>
<pin id="228" dir="1" index="1" bw="31" slack="77"/>
</pin_list>
<bind>
<opset="e_1 "/>
</bind>
</comp>

<comp id="231" class="1005" name="icmp_ln101_reg_231">
<pin_list>
<pin id="232" dir="0" index="0" bw="1" slack="76"/>
<pin id="233" dir="1" index="1" bw="1" slack="2147483647"/>
</pin_list>
<bind>
<opset="icmp_ln101 "/>
</bind>
</comp>

<comp id="235" class="1005" name="trunc_ln2_reg_235">
<pin_list>
<pin id="236" dir="0" index="0" bw="58" slack="1"/>
<pin id="237" dir="1" index="1" bw="58" slack="1"/>
</pin_list>
<bind>
<opset="trunc_ln2 "/>
</bind>
</comp>

<comp id="240" class="1005" name="trunc_ln103_reg_240">
<pin_list>
<pin id="241" dir="0" index="0" bw="6" slack="76"/>
<pin id="242" dir="1" index="1" bw="6" slack="76"/>
</pin_list>
<bind>
<opset="trunc_ln103 "/>
</bind>
</comp>

<comp id="245" class="1005" name="gmem1_addr_reg_245">
<pin_list>
<pin id="246" dir="0" index="0" bw="512" slack="1"/>
<pin id="247" dir="1" index="1" bw="512" slack="1"/>
</pin_list>
<bind>
<opset="gmem1_addr "/>
</bind>
</comp>

<comp id="251" class="1005" name="gmem1_addr_read_reg_251">
<pin_list>
<pin id="252" dir="0" index="0" bw="512" slack="1"/>
<pin id="253" dir="1" index="1" bw="512" slack="1"/>
</pin_list>
<bind>
<opset="gmem1_addr_read "/>
</bind>
</comp>

<comp id="256" class="1005" name="n_reg_256">
<pin_list>
<pin id="257" dir="0" index="0" bw="32" slack="1"/>
<pin id="258" dir="1" index="1" bw="32" slack="1"/>
</pin_list>
<bind>
<opset="n "/>
</bind>
</comp>

</comp_list>

<net_list>
<net id="73"><net_src comp="8" pin="0"/><net_sink comp="70" pin=0"/></net>

<net id="78"><net_src comp="30" pin="0"/><net_sink comp="74" pin=0"/></net>

<net id="79"><net_src comp="2" pin="0"/><net_sink comp="74" pin=1"/></net>

<net id="84"><net_src comp="32" pin="0"/><net_sink comp="80" pin=0"/></net>

<net id="85"><net_src comp="0" pin="0"/><net_sink comp="80" pin=1"/></net>

<net id="91"><net_src comp="56" pin="0"/><net_sink comp="86" pin=0"/></net>

<net id="92"><net_src comp="40" pin="0"/><net_sink comp="86" pin=2"/></net>

<net id="97"><net_src comp="58" pin="0"/><net_sink comp="93" pin=0"/></net>

<net id="103"><net_src comp="6" pin="0"/><net_sink comp="98" pin=0"/></net>

<net id="104"><net_src comp="44" pin="0"/><net_sink comp="98" pin=1"/></net>

<net id="110"><net_src comp="98" pin="3"/><net_sink comp="105" pin=0"/></net>

<net id="115"><net_src comp="34" pin="0"/><net_sink comp="111" pin=0"/></net>

<net id="123"><net_src comp="116" pin="1"/><net_sink comp="119" pin=0"/></net>

<net id="124"><net_src comp="36" pin="0"/><net_sink comp="119" pin=1"/></net>

<net id="129"><net_src comp="116" pin="1"/><net_sink comp="125" pin=0"/></net>

<net id="130"><net_src comp="80" pin="2"/><net_sink comp="125" pin=1"/></net>

<net id="136"><net_src comp="46" pin="0"/><net_sink comp="131" pin=0"/></net>

<net id="137"><net_src comp="116" pin="1"/><net_sink comp="131" pin=1"/></net>

<net id="138"><net_src comp="48" pin="0"/><net_sink comp="131" pin=2"/></net>

<net id="142"><net_src comp="131" pin="3"/><net_sink comp="139" pin=0"/></net>

<net id="147"><net_src comp="74" pin="2"/><net_sink comp="143" pin=0"/></net>

<net id="148"><net_src comp="139" pin="1"/><net_sink comp="143" pin=1"/></net>

<net id="155"><net_src comp="50" pin="0"/><net_sink comp="149" pin=0"/></net>

<net id="156"><net_src comp="143" pin="2"/><net_sink comp="149" pin=1"/></net>

<net id="157"><net_src comp="52" pin="0"/><net_sink comp="149" pin=2"/></net>

<net id="158"><net_src comp="54" pin="0"/><net_sink comp="149" pin=3"/></net>

<net id="162"><net_src comp="143" pin="2"/><net_sink comp="159" pin=0"/></net>

<net id="167"><net_src comp="119" pin="2"/><net_sink comp="163" pin=0"/></net>

<net id="175"><net_src comp="4" pin="0"/><net_sink comp="171" pin=0"/></net>

<net id="176"><net_src comp="168" pin="1"/><net_sink comp="171" pin=1"/></net>

<net id="177"><net_src comp="171" pin="2"/><net_sink comp="86" pin=1"/></net>

<net id="181"><net_src comp="171" pin="2"/><net_sink comp="178" pin=0"/></net>

<net id="185"><net_src comp="40" pin="0"/><net_sink comp="182" pin=0"/></net>

<net id="193"><net_src comp="60" pin="0"/><net_sink comp="188" pin=0"/></net>

<net id="194"><net_src comp="62" pin="0"/><net_sink comp="188" pin=2"/></net>

<net id="198"><net_src comp="188" pin="3"/><net_sink comp="195" pin=0"/></net>

<net id="203"><net_src comp="195" pin="1"/><net_sink comp="199" pin=1"/></net>

<net id="207"><net_src comp="199" pin="2"/><net_sink comp="204" pin=0"/></net>

<net id="211"><net_src comp="208" pin="1"/><net_sink comp="98" pin=2"/></net>

<net id="218"><net_src comp="98" pin="3"/><net_sink comp="215" pin=0"/></net>

<net id="222"><net_src comp="70" pin="1"/><net_sink comp="219" pin=0"/></net>

<net id="223"><net_src comp="219" pin="1"/><net_sink comp="111" pin=1"/></net>

<net id="224"><net_src comp="219" pin="1"/><net_sink comp="116" pin=0"/></net>

<net id="225"><net_src comp="219" pin="1"/><net_sink comp="163" pin=1"/></net>

<net id="229"><net_src comp="116" pin="1"/><net_sink comp="226" pin=0"/></net>

<net id="230"><net_src comp="226" pin="1"/><net_sink comp="208" pin=0"/></net>

<net id="234"><net_src comp="125" pin="2"/><net_sink comp="231" pin=0"/></net>

<net id="238"><net_src comp="149" pin="4"/><net_sink comp="235" pin=0"/></net>

<net id="239"><net_src comp="235" pin="1"/><net_sink comp="168" pin=0"/></net>

<net id="243"><net_src comp="159" pin="1"/><net_sink comp="240" pin=0"/></net>

<net id="244"><net_src comp="240" pin="1"/><net_sink comp="188" pin=1"/></net>

<net id="248"><net_src comp="171" pin="2"/><net_sink comp="245" pin=0"/></net>

<net id="249"><net_src comp="245" pin="1"/><net_sink comp="86" pin=1"/></net>

<net id="250"><net_src comp="245" pin="1"/><net_sink comp="93" pin=1"/></net>

<net id="254"><net_src comp="93" pin="2"/><net_sink comp="251" pin=0"/></net>

<net id="255"><net_src comp="251" pin="1"/><net_sink comp="199" pin=0"/></net>

<net id="259"><net_src comp="204" pin="1"/><net_sink comp="256" pin=0"/></net>

<net id="260"><net_src comp="256" pin="1"/><net_sink comp="212" pin=0"/></net>

<net id="261"><net_src comp="256" pin="1"/><net_sink comp="105" pin=1"/></net>

</net_list>

</model> 
---------------- Datapath Model END ------------------

* FSMD analyzer results:
  - Output states:
	Port: nums | {78 }
 - Input state : 
	Port: store_Pipeline_VITIS_LOOP_101_1 : empty | {1 }
	Port: store_Pipeline_VITIS_LOOP_101_1 : outputNumList_1 | {1 }
	Port: store_Pipeline_VITIS_LOOP_101_1 : gmem1 | {2 3 4 5 6 7 8 9 10 11 12 13 14 15 16 17 18 19 20 21 22 23 24 25 26 27 28 29 30 31 32 33 34 35 36 37 38 39 40 41 42 43 44 45 46 47 48 49 50 51 52 53 54 55 56 57 58 59 60 61 62 63 64 65 66 67 68 69 70 71 72 73 74 75 76 }
  - Chain level:
	State 1
		store_ln101 : 1
		e_1 : 1
		add_ln101 : 2
		icmp_ln101 : 2
		br_ln101 : 3
		shl_ln : 2
		zext_ln103 : 3
		add_ln103 : 4
		trunc_ln2 : 5
		trunc_ln103 : 5
		store_ln101 : 3
	State 2
		gmem1_addr : 1
		muxLogicAXIMAddr_to_gmem1_load_req : 2
		gmem1_load_req : 2
	State 3
	State 4
	State 5
	State 6
	State 7
	State 8
	State 9
	State 10
	State 11
	State 12
	State 13
	State 14
	State 15
	State 16
	State 17
	State 18
	State 19
	State 20
	State 21
	State 22
	State 23
	State 24
	State 25
	State 26
	State 27
	State 28
	State 29
	State 30
	State 31
	State 32
	State 33
	State 34
	State 35
	State 36
	State 37
	State 38
	State 39
	State 40
	State 41
	State 42
	State 43
	State 44
	State 45
	State 46
	State 47
	State 48
	State 49
	State 50
	State 51
	State 52
	State 53
	State 54
	State 55
	State 56
	State 57
	State 58
	State 59
	State 60
	State 61
	State 62
	State 63
	State 64
	State 65
	State 66
	State 67
	State 68
	State 69
	State 70
	State 71
	State 72
	State 73
	State 74
	State 75
	State 76
	State 77
		zext_ln103_1 : 1
		lshr_ln103 : 2
		n : 3
	State 78
		nums_addr : 1
		muxLogicRAMAddr_to_store_ln104 : 2
		store_ln104 : 2


============================================================
+ Verbose Summary: Datapath Resource usage 
============================================================

* Functional unit list:
|----------|--------------------------------------------|---------|---------|
| Operation|               Functional Unit              |    FF   |   LUT   |
|----------|--------------------------------------------|---------|---------|
|   lshr   |              lshr_ln103_fu_199             |    0    |   2152  |
|----------|--------------------------------------------|---------|---------|
|    add   |              add_ln101_fu_119              |    0    |    31   |
|          |              add_ln103_fu_143              |    0    |    64   |
|----------|--------------------------------------------|---------|---------|
|   icmp   |              icmp_ln101_fu_125             |    0    |    12   |
|----------|--------------------------------------------|---------|---------|
|          |       outputNumList_1_read_read_fu_74      |    0    |    0    |
|   read   |               tmp_read_fu_80               |    0    |    0    |
|          |         gmem1_addr_read_read_fu_93         |    0    |    0    |
|----------|--------------------------------------------|---------|---------|
|  readreq |              grp_readreq_fu_86             |    0    |    0    |
|----------|--------------------------------------------|---------|---------|
|bitconcatenate|                shl_ln_fu_131               |    0    |    0    |
|          |             shl_ln103_1_fu_188             |    0    |    0    |
|----------|--------------------------------------------|---------|---------|
|          |              zext_ln103_fu_139             |    0    |    0    |
|   zext   |             zext_ln103_1_fu_195            |    0    |    0    |
|          |              zext_ln101_fu_208             |    0    |    0    |
|----------|--------------------------------------------|---------|---------|
|partselect|              trunc_ln2_fu_149              |    0    |    0    |
|----------|--------------------------------------------|---------|---------|
|   trunc  |             trunc_ln103_fu_159             |    0    |    0    |
|          |                  n_fu_204                  |    0    |    0    |
|----------|--------------------------------------------|---------|---------|
|   sext   |              sext_ln103_fu_168             |    0    |    0    |
|----------|--------------------------------------------|---------|---------|
|          |  muxLogicAXIMAddr_to_gmem1_load_req_fu_178 |    0    |    0    |
|          | muxLogicAXIMBurst_to_gmem1_load_req_fu_182 |    0    |    0    |
| muxlogic |  muxLogicAXIMCE_to_gmem1_addr_read_fu_186  |    0    |    0    |
|          |    muxLogicRAMData_to_store_ln104_fu_212   |    0    |    0    |
|          |    muxLogicRAMAddr_to_store_ln104_fu_215   |    0    |    0    |
|----------|--------------------------------------------|---------|---------|
|   Total  |                                            |    0    |   2259  |
|----------|--------------------------------------------|---------|---------|

Memories:
N/A

* Register list:
+-----------------------+--------+
|                       |   FF   |
+-----------------------+--------+
|      e_1_reg_226      |   31   |
|       e_reg_219       |   31   |
|gmem1_addr_read_reg_251|   512  |
|   gmem1_addr_reg_245  |   512  |
|   icmp_ln101_reg_231  |    1   |
|       n_reg_256       |   32   |
|  trunc_ln103_reg_240  |    6   |
|   trunc_ln2_reg_235   |   58   |
+-----------------------+--------+
|         Total         |  1183  |
+-----------------------+--------+

* Multiplexer (MUX) list: 
|-------------------|------|------|------|--------||---------||---------||---------|
|        Comp       |  Pin | Size |  BW  | S x BW ||  Delay  ||    FF   ||   LUT   |
|-------------------|------|------|------|--------||---------||---------||---------|
| grp_readreq_fu_86 |  p1  |   2  |  512 |  1024  ||    0    ||   118   |
|-------------------|------|------|------|--------||---------||---------||---------|
|       Total       |      |      |      |  1024  ||  0.467  ||    0    ||   118   |
|-------------------|------|------|------|--------||---------||---------||---------|



* Summary:
+-----------+--------+--------+--------+
|           |  Delay |   FF   |   LUT  |
+-----------+--------+--------+--------+
|  Function |    -   |    0   |  2259  |
|   Memory  |    -   |    -   |    -   |
|Multiplexer|    0   |    0   |   118  |
|  Register |    -   |  1183  |    -   |
+-----------+--------+--------+--------+
|   Total   |    0   |  1183  |  2377  |
+-----------+--------+--------+--------+
