================================================================
== Design Size Report
================================================================

* Total Instructions per Compilation Phase
+---------------+-----------------------------+--------------+----------------------------------------------------------------------------------------+
| Phase         | Step                        | Instructions | Description                                                                            |
+---------------+-----------------------------+--------------+----------------------------------------------------------------------------------------+
| Compile/Link  |                             |  2,846       | After all functions are compiled and linked into a single design                       |
|               |                             |              |                                                                                        |
| Unroll/Inline |                             |              | After user unroll and inline pragmas are applied                                       |
|               | (1) unroll                  | 79,527       | user unroll pragmas are applied                                                        |
|               | (2) simplification          | 28,845       | simplification of applied user unroll pragmas                                          |
|               | (3) inline                  | 26,690       | user inline pragmas are applied                                                        |
|               | (4) simplification          | 13,209       | simplification of applied user inline pragmas                                          |
|               |                             |              |                                                                                        |
| Array/Struct  |                             |              | After user array partition and struct aggregate/disaggregate pragmas are applied       |
|               | (1) array partition         |  9,500       | user array partition pragmas are applied                                               |
|               | (2) simplification          |  9,475       | simplification of applied user array partition & struct aggregate/disaggregate pragmas |
|               | (3) aggregate/disaggregate  |  9,498       | user struct aggregate/disaggregate pragmas are applied                                 |
|               | (4) array reshape           | 11,920       | apply array reshape pragmas                                                            |
|               | (5) access patterns         | 11,924       | array access pattern optmizations                                                      |
|               |                             |              |                                                                                        |
| Performance   |                             |              | After transformations are applied to meet performance pragma targets                   |
|               | (1) loop simplification     | 11,924       | loop and instruction simplification                                                    |
|               | (2) parallelization         | 11,922       | loops are unrolled or pipelined to meet performance targets                            |
|               | (3) array partition         | 12,213       | arrays are partitioned to meet performance targets                                     |
|               | (4) simplification          | 11,435       | simplification of design after performance transformations                             |
|               |                             |              |                                                                                        |
| HW Transforms |                             |              | After hardware transfomations                                                          |
|               | (1) lowering                | 10,753       | initial conversion to HW specific instructions                                         |
|               | (2) optimizations           | 10,867       | high level synthesis optimizations                                                     |
+---------------+-----------------------------+--------------+----------------------------------------------------------------------------------------+

* Instructions per Function for each Compilation Phase
+--------------------------------------+-----------------+----------------+------------------+-----------------+-----------------+-----------------+
| Function                             | Location        | Compile/Link   | Unroll/Inline    | Array/Struct    | Performance     | HW Transforms   |
+--------------------------------------+-----------------+----------------+------------------+-----------------+-----------------+-----------------+
| + harness                            | harness.cpp:128 | 2,846          | 13,209           | 11,924          | 11,435          | 10,867          |
|    load                              | harness.cpp:46  |  166           |   589            |   789           |   787           |   737           |
|  + inference                         | harness.cpp:78  | 2,447          | 12,267           | 10,451          | 10,064          | 9,517           |
|   + dut                              | harness.cpp:9   | 2,431          | 12,257           | 10,441          | 10,055          | 9,506           |
|      multicast<int, 2>               | harness.h:39    |   31           |     5            |     4           |     4           |    12           |
|      padding<std::array<ap_ufixed... | harness.h:84    |  139           |    32            |   548           |   548           |   333           |
|    + dense_relu_saturate<ap_ufixe... | harness.h:117   | 2,089          | 12,152 (2 calls) | 9,400 (2 calls) | 9,014 (2 calls) | 8,804 (2 calls) |
|     + ap_fixed_max<8, 3>             | harness.h:33    |   68 (2 calls) |                  |                 |                 |                 |
|        static_pow2<float>            | harness.h:21    |   24 (2 calls) |                  |                 |                 |                 |
|        static_pow2<int>              | harness.h:21    |   22 (2 calls) |                  |                 |                 |                 |
|      filter<std::array<ap_ufixed<... | harness.h:53    |   97           |    40            |   457           |   457           |   331           |
|    store                             | harness.cpp:93  |  158           |   315            |   633           |   532           |   566           |
+--------------------------------------+-----------------+----------------+------------------+-----------------+-----------------+-----------------+

* Design Size Message Settings
+---------------------------------------------+--------+------------------------------------------------------------------+
| Message Setting                             | Value  | Description                                                      |
+---------------------------------------------+--------+------------------------------------------------------------------+
| config_compile -design_size_maximum_warning | 100000 | Show a warning when total design instructions exceeds this value |
+---------------------------------------------+--------+------------------------------------------------------------------+


