

================================================================
== Vitis HLS Report for 'store_Pipeline_VITIS_LOOP_107_2'
================================================================
* Date:           Mon Feb 10 13:36:20 2025

* Version:        2024.2.1 (Build 5263293 on Dec 12 2024)
* Project:        harness
* Solution:       hls (Vitis Kernel Flow Target)
* Product family: versalaicore
* Target device:  xcvc1902-vsva2197-2MP-e-S


================================================================
== Performance Estimates
================================================================
+ Timing: 
    * Summary: 
    +--------+---------+----------+------------+
    |  Clock |  Target | Estimated| Uncertainty|
    +--------+---------+----------+------------+
    |ap_clk  |  3.03 ns|  2.205 ns|     0.82 ns|
    +--------+---------+----------+------------+

+ Latency: 
    * Summary: 
    +---------+---------+----------+----------+-----+-----+------------------------------------------------+
    |  Latency (cycles) |  Latency (absolute) |  Interval |                    Pipeline                    |
    |   min   |   max   |    min   |    max   | min | max |                      Type                      |
    +---------+---------+----------+----------+-----+-----+------------------------------------------------+
    |        ?|        ?|         ?|         ?|    0|    0|  loop auto-rewind stp (delay=0 clock cycles(s))|
    +---------+---------+----------+----------+-----+-----+------------------------------------------------+

    + Detail: 
        * Instance: 
        N/A

        * Loop: 
        +--------------------+---------+---------+----------+-----------+-----------+------+----------+
        |                    |  Latency (cycles) | Iteration|  Initiation Interval  | Trip |          |
        |      Loop Name     |   min   |   max   |  Latency |  achieved |   target  | Count| Pipelined|
        +--------------------+---------+---------+----------+-----------+-----------+------+----------+
        |- VITIS_LOOP_107_2  |        ?|        ?|         4|          1|          1|     ?|       yes|
        +--------------------+---------+---------+----------+-----------+-----------+------+----------+



================================================================
== Utilization Estimates
================================================================
* Summary: 
+-----------------+---------+------+---------+--------+-----+
|       Name      | BRAM_18K|  DSP |    FF   |   LUT  | URAM|
+-----------------+---------+------+---------+--------+-----+
|DSP              |        -|     -|        -|       -|    -|
|Expression       |        -|     -|        0|     101|    -|
|FIFO             |        -|     -|        -|       -|    -|
|Instance         |        -|     -|        -|       -|    -|
|Memory           |        -|     -|        -|       -|    -|
|Multiplexer      |        -|     -|        0|     583|    -|
|Register         |        -|     -|      837|       2|    -|
+-----------------+---------+------+---------+--------+-----+
|Total            |        0|     0|      837|     686|    0|
+-----------------+---------+------+---------+--------+-----+
|Available        |     1934|  1968|  1799680|  899840|  463|
+-----------------+---------+------+---------+--------+-----+
|Utilization (%)  |        0|     0|       ~0|      ~0|    0|
+-----------------+---------+------+---------+--------+-----+

+ Detail: 
    * Instance: 
    N/A

    * DSP: 
    N/A

    * Memory: 
    N/A

    * FIFO: 
    N/A

    * Expression: 
    +---------------------------------------+----------+----+---+----+------------+------------+
    |             Variable Name             | Operation| DSP| FF| LUT| Bitwidth P0| Bitwidth P1|
    +---------------------------------------+----------+----+---+----+------------+------------+
    |add_ln107_fu_559_p2                    |         +|   0|  0|  31|          31|           1|
    |ap_block_pp0_stage0_01001_grp3         |       and|   0|  0|   2|           1|           1|
    |ap_block_pp0_stage0_11001_grp1         |       and|   0|  0|   2|           1|           1|
    |ap_block_pp0_stage0_11001_grp2         |       and|   0|  0|   2|           1|           1|
    |ap_block_pp0_stage0_11001_grp3         |       and|   0|  0|   2|           1|           1|
    |ap_block_state3_pp0_stage0_iter2_grp2  |       and|   0|  0|   2|           1|           1|
    |ap_condition_329                       |       and|   0|  0|   2|           1|           1|
    |ap_predicate_op47_read_state4          |       and|   0|  0|   2|           1|           1|
    |ap_predicate_op83_read_state4          |       and|   0|  0|   2|           1|           1|
    |icmp_ln107_fu_569_p2                   |      icmp|   0|  0|  16|          32|          32|
    |icmp_ln113_1_fu_634_p2                 |      icmp|   0|  0|  16|          32|          32|
    |icmp_ln113_fu_615_p2                   |      icmp|   0|  0|  16|          32|          32|
    |ap_block_pp0_stage0_11001              |        or|   0|  0|   2|           1|           1|
    |ap_block_state4_pp0_stage0_iter3_grp3  |        or|   0|  0|   2|           1|           1|
    |ap_enable_pp0                          |       xor|   0|  0|   2|           1|           2|
    +---------------------------------------+----------+----+---+----+------------+------------+
    |Total                                  |          |   0|  0| 101|         138|         109|
    +---------------------------------------+----------+----+---+----+------------+------------+

    * Multiplexer: 
    +---------------------------------------+----+-----------+-----+-----------+
    |                  Name                 | LUT| Input Size| Bits| Total Bits|
    +---------------------------------------+----+-----------+-----+-----------+
    |ap_done_int                            |   1|          2|    1|          2|
    |ap_enable_reg_pp0_iter1                |   1|          2|    1|          2|
    |ap_phi_mux_burst_15_phi_fu_364_p4      |   8|          2|    8|         16|
    |ap_phi_mux_burst_16_phi_fu_353_p4      |   8|          2|    8|         16|
    |ap_phi_mux_burst_17_phi_fu_342_p4      |   8|          2|    8|         16|
    |ap_phi_mux_burst_18_phi_fu_331_p4      |   8|          2|    8|         16|
    |ap_phi_mux_burst_19_phi_fu_320_p4      |   8|          2|    8|         16|
    |ap_phi_mux_burst_20_phi_fu_309_p4      |   8|          2|    8|         16|
    |ap_phi_mux_burst_21_phi_fu_298_p4      |   8|          2|    8|         16|
    |ap_phi_mux_burst_22_phi_fu_287_p4      |   8|          2|    8|         16|
    |ap_phi_mux_burst_23_phi_fu_276_p4      |   8|          2|    8|         16|
    |ap_phi_mux_burst_24_phi_fu_265_p4      |   8|          2|    8|         16|
    |ap_phi_mux_burst_25_phi_fu_254_p4      |   8|          2|    8|         16|
    |ap_phi_mux_burst_26_phi_fu_243_p4      |   8|          2|    8|         16|
    |ap_phi_mux_burst_27_phi_fu_232_p4      |   8|          2|    8|         16|
    |ap_phi_mux_burst_28_phi_fu_221_p4      |   8|          2|    8|         16|
    |ap_phi_mux_burst_29_phi_fu_210_p4      |   8|          2|    8|         16|
    |ap_phi_mux_burst_30_phi_fu_199_p4      |   8|          2|    8|         16|
    |ap_phi_mux_burst_46_phi_fu_540_p4      |   8|          2|    8|         16|
    |ap_phi_mux_burst_47_phi_fu_529_p4      |   8|          2|    8|         16|
    |ap_phi_mux_burst_48_phi_fu_518_p4      |   8|          2|    8|         16|
    |ap_phi_mux_burst_49_phi_fu_507_p4      |   8|          2|    8|         16|
    |ap_phi_mux_burst_50_phi_fu_496_p4      |   8|          2|    8|         16|
    |ap_phi_mux_burst_51_phi_fu_485_p4      |   8|          2|    8|         16|
    |ap_phi_mux_burst_52_phi_fu_474_p4      |   8|          2|    8|         16|
    |ap_phi_mux_burst_53_phi_fu_463_p4      |   8|          2|    8|         16|
    |ap_phi_mux_burst_54_phi_fu_452_p4      |   8|          2|    8|         16|
    |ap_phi_mux_burst_55_phi_fu_441_p4      |   8|          2|    8|         16|
    |ap_phi_mux_burst_56_phi_fu_430_p4      |   8|          2|    8|         16|
    |ap_phi_mux_burst_57_phi_fu_419_p4      |   8|          2|    8|         16|
    |ap_phi_mux_burst_58_phi_fu_408_p4      |   8|          2|    8|         16|
    |ap_phi_mux_burst_59_phi_fu_397_p4      |   8|          2|    8|         16|
    |ap_phi_mux_burst_60_phi_fu_386_p4      |   8|          2|    8|         16|
    |ap_phi_mux_burst_61_phi_fu_375_p4      |   8|          2|    8|         16|
    |ap_phi_reg_pp0_iter3_burst_15_reg_360  |   8|          2|    8|         16|
    |ap_phi_reg_pp0_iter3_burst_16_reg_349  |   8|          2|    8|         16|
    |ap_phi_reg_pp0_iter3_burst_17_reg_338  |   8|          2|    8|         16|
    |ap_phi_reg_pp0_iter3_burst_18_reg_327  |   8|          2|    8|         16|
    |ap_phi_reg_pp0_iter3_burst_19_reg_316  |   8|          2|    8|         16|
    |ap_phi_reg_pp0_iter3_burst_20_reg_305  |   8|          2|    8|         16|
    |ap_phi_reg_pp0_iter3_burst_21_reg_294  |   8|          2|    8|         16|
    |ap_phi_reg_pp0_iter3_burst_22_reg_283  |   8|          2|    8|         16|
    |ap_phi_reg_pp0_iter3_burst_23_reg_272  |   8|          2|    8|         16|
    |ap_phi_reg_pp0_iter3_burst_24_reg_261  |   8|          2|    8|         16|
    |ap_phi_reg_pp0_iter3_burst_25_reg_250  |   8|          2|    8|         16|
    |ap_phi_reg_pp0_iter3_burst_26_reg_239  |   8|          2|    8|         16|
    |ap_phi_reg_pp0_iter3_burst_27_reg_228  |   8|          2|    8|         16|
    |ap_phi_reg_pp0_iter3_burst_28_reg_217  |   8|          2|    8|         16|
    |ap_phi_reg_pp0_iter3_burst_29_reg_206  |   8|          2|    8|         16|
    |ap_phi_reg_pp0_iter3_burst_30_reg_195  |   8|          2|    8|         16|
    |ap_phi_reg_pp0_iter3_burst_46_reg_536  |   8|          2|    8|         16|
    |ap_phi_reg_pp0_iter3_burst_47_reg_525  |   8|          2|    8|         16|
    |ap_phi_reg_pp0_iter3_burst_48_reg_514  |   8|          2|    8|         16|
    |ap_phi_reg_pp0_iter3_burst_49_reg_503  |   8|          2|    8|         16|
    |ap_phi_reg_pp0_iter3_burst_50_reg_492  |   8|          2|    8|         16|
    |ap_phi_reg_pp0_iter3_burst_51_reg_481  |   8|          2|    8|         16|
    |ap_phi_reg_pp0_iter3_burst_52_reg_470  |   8|          2|    8|         16|
    |ap_phi_reg_pp0_iter3_burst_53_reg_459  |   8|          2|    8|         16|
    |ap_phi_reg_pp0_iter3_burst_54_reg_448  |   8|          2|    8|         16|
    |ap_phi_reg_pp0_iter3_burst_55_reg_437  |   8|          2|    8|         16|
    |ap_phi_reg_pp0_iter3_burst_56_reg_426  |   8|          2|    8|         16|
    |ap_phi_reg_pp0_iter3_burst_57_reg_415  |   8|          2|    8|         16|
    |ap_phi_reg_pp0_iter3_burst_58_reg_404  |   8|          2|    8|         16|
    |ap_phi_reg_pp0_iter3_burst_59_reg_393  |   8|          2|    8|         16|
    |ap_phi_reg_pp0_iter3_burst_60_reg_382  |   8|          2|    8|         16|
    |ap_phi_reg_pp0_iter3_burst_61_reg_371  |   8|          2|    8|         16|
    |ap_sig_allocacmp_i_1                   |  32|          2|   31|         62|
    |gmem1_blk_n_W                          |   1|          2|    1|          2|
    |i_fu_134                               |  32|          2|   31|         62|
    |lastStream_1_blk_n                     |   1|          2|    1|          2|
    |lastStream_blk_n                       |   1|          2|    1|          2|
    |outputStream_0_blk_n                   |   1|          2|    1|          2|
    |outputStream_1_blk_n                   |   1|          2|    1|          2|
    +---------------------------------------+----+-----------+-----+-----------+
    |Total                                  | 583|        146|  581|       1162|
    +---------------------------------------+----+-----------+-----+-----------+

    * Register: 
    +-------------------------------------------+----+----+-----+-----------+
    |                    Name                   | FF | LUT| Bits| Const Bits|
    +-------------------------------------------+----+----+-----+-----------+
    |ap_CS_fsm                                  |   1|   0|    1|          0|
    |ap_block_pp0_stage0_subdone_grp1_done_reg  |   1|   0|    1|          0|
    |ap_block_pp0_stage0_subdone_grp2_done_reg  |   1|   0|    1|          0|
    |ap_block_pp0_stage0_subdone_grp3_done_reg  |   1|   0|    1|          0|
    |ap_done_reg                                |   1|   0|    1|          0|
    |ap_enable_reg_pp0_iter1                    |   1|   0|    1|          0|
    |ap_enable_reg_pp0_iter2                    |   1|   0|    1|          0|
    |ap_enable_reg_pp0_iter3                    |   1|   0|    1|          0|
    |ap_loop_exit_ready_pp0_iter1_reg           |   1|   0|    1|          0|
    |ap_loop_exit_ready_pp0_iter2_reg           |   1|   0|    1|          0|
    |ap_phi_reg_pp0_iter1_burst_15_reg_360      |   8|   0|    8|          0|
    |ap_phi_reg_pp0_iter1_burst_16_reg_349      |   8|   0|    8|          0|
    |ap_phi_reg_pp0_iter1_burst_17_reg_338      |   8|   0|    8|          0|
    |ap_phi_reg_pp0_iter1_burst_18_reg_327      |   8|   0|    8|          0|
    |ap_phi_reg_pp0_iter1_burst_19_reg_316      |   8|   0|    8|          0|
    |ap_phi_reg_pp0_iter1_burst_20_reg_305      |   8|   0|    8|          0|
    |ap_phi_reg_pp0_iter1_burst_21_reg_294      |   8|   0|    8|          0|
    |ap_phi_reg_pp0_iter1_burst_22_reg_283      |   8|   0|    8|          0|
    |ap_phi_reg_pp0_iter1_burst_23_reg_272      |   8|   0|    8|          0|
    |ap_phi_reg_pp0_iter1_burst_24_reg_261      |   8|   0|    8|          0|
    |ap_phi_reg_pp0_iter1_burst_25_reg_250      |   8|   0|    8|          0|
    |ap_phi_reg_pp0_iter1_burst_26_reg_239      |   8|   0|    8|          0|
    |ap_phi_reg_pp0_iter1_burst_27_reg_228      |   8|   0|    8|          0|
    |ap_phi_reg_pp0_iter1_burst_28_reg_217      |   8|   0|    8|          0|
    |ap_phi_reg_pp0_iter1_burst_29_reg_206      |   8|   0|    8|          0|
    |ap_phi_reg_pp0_iter1_burst_30_reg_195      |   8|   0|    8|          0|
    |ap_phi_reg_pp0_iter1_burst_46_reg_536      |   8|   0|    8|          0|
    |ap_phi_reg_pp0_iter1_burst_47_reg_525      |   8|   0|    8|          0|
    |ap_phi_reg_pp0_iter1_burst_48_reg_514      |   8|   0|    8|          0|
    |ap_phi_reg_pp0_iter1_burst_49_reg_503      |   8|   0|    8|          0|
    |ap_phi_reg_pp0_iter1_burst_50_reg_492      |   8|   0|    8|          0|
    |ap_phi_reg_pp0_iter1_burst_51_reg_481      |   8|   0|    8|          0|
    |ap_phi_reg_pp0_iter1_burst_52_reg_470      |   8|   0|    8|          0|
    |ap_phi_reg_pp0_iter1_burst_53_reg_459      |   8|   0|    8|          0|
    |ap_phi_reg_pp0_iter1_burst_54_reg_448      |   8|   0|    8|          0|
    |ap_phi_reg_pp0_iter1_burst_55_reg_437      |   8|   0|    8|          0|
    |ap_phi_reg_pp0_iter1_burst_56_reg_426      |   8|   0|    8|          0|
    |ap_phi_reg_pp0_iter1_burst_57_reg_415      |   8|   0|    8|          0|
    |ap_phi_reg_pp0_iter1_burst_58_reg_404      |   8|   0|    8|          0|
    |ap_phi_reg_pp0_iter1_burst_59_reg_393      |   8|   0|    8|          0|
    |ap_phi_reg_pp0_iter1_burst_60_reg_382      |   8|   0|    8|          0|
    |ap_phi_reg_pp0_iter1_burst_61_reg_371      |   8|   0|    8|          0|
    |ap_phi_reg_pp0_iter2_burst_15_reg_360      |   8|   0|    8|          0|
    |ap_phi_reg_pp0_iter2_burst_16_reg_349      |   8|   0|    8|          0|
    |ap_phi_reg_pp0_iter2_burst_17_reg_338      |   8|   0|    8|          0|
    |ap_phi_reg_pp0_iter2_burst_18_reg_327      |   8|   0|    8|          0|
    |ap_phi_reg_pp0_iter2_burst_19_reg_316      |   8|   0|    8|          0|
    |ap_phi_reg_pp0_iter2_burst_20_reg_305      |   8|   0|    8|          0|
    |ap_phi_reg_pp0_iter2_burst_21_reg_294      |   8|   0|    8|          0|
    |ap_phi_reg_pp0_iter2_burst_22_reg_283      |   8|   0|    8|          0|
    |ap_phi_reg_pp0_iter2_burst_23_reg_272      |   8|   0|    8|          0|
    |ap_phi_reg_pp0_iter2_burst_24_reg_261      |   8|   0|    8|          0|
    |ap_phi_reg_pp0_iter2_burst_25_reg_250      |   8|   0|    8|          0|
    |ap_phi_reg_pp0_iter2_burst_26_reg_239      |   8|   0|    8|          0|
    |ap_phi_reg_pp0_iter2_burst_27_reg_228      |   8|   0|    8|          0|
    |ap_phi_reg_pp0_iter2_burst_28_reg_217      |   8|   0|    8|          0|
    |ap_phi_reg_pp0_iter2_burst_29_reg_206      |   8|   0|    8|          0|
    |ap_phi_reg_pp0_iter2_burst_30_reg_195      |   8|   0|    8|          0|
    |ap_phi_reg_pp0_iter2_burst_46_reg_536      |   8|   0|    8|          0|
    |ap_phi_reg_pp0_iter2_burst_47_reg_525      |   8|   0|    8|          0|
    |ap_phi_reg_pp0_iter2_burst_48_reg_514      |   8|   0|    8|          0|
    |ap_phi_reg_pp0_iter2_burst_49_reg_503      |   8|   0|    8|          0|
    |ap_phi_reg_pp0_iter2_burst_50_reg_492      |   8|   0|    8|          0|
    |ap_phi_reg_pp0_iter2_burst_51_reg_481      |   8|   0|    8|          0|
    |ap_phi_reg_pp0_iter2_burst_52_reg_470      |   8|   0|    8|          0|
    |ap_phi_reg_pp0_iter2_burst_53_reg_459      |   8|   0|    8|          0|
    |ap_phi_reg_pp0_iter2_burst_54_reg_448      |   8|   0|    8|          0|
    |ap_phi_reg_pp0_iter2_burst_55_reg_437      |   8|   0|    8|          0|
    |ap_phi_reg_pp0_iter2_burst_56_reg_426      |   8|   0|    8|          0|
    |ap_phi_reg_pp0_iter2_burst_57_reg_415      |   8|   0|    8|          0|
    |ap_phi_reg_pp0_iter2_burst_58_reg_404      |   8|   0|    8|          0|
    |ap_phi_reg_pp0_iter2_burst_59_reg_393      |   8|   0|    8|          0|
    |ap_phi_reg_pp0_iter2_burst_60_reg_382      |   8|   0|    8|          0|
    |ap_phi_reg_pp0_iter2_burst_61_reg_371      |   8|   0|    8|          0|
    |ap_phi_reg_pp0_iter3_burst_15_reg_360      |   8|   0|    8|          0|
    |ap_phi_reg_pp0_iter3_burst_16_reg_349      |   8|   0|    8|          0|
    |ap_phi_reg_pp0_iter3_burst_17_reg_338      |   8|   0|    8|          0|
    |ap_phi_reg_pp0_iter3_burst_18_reg_327      |   8|   0|    8|          0|
    |ap_phi_reg_pp0_iter3_burst_19_reg_316      |   8|   0|    8|          0|
    |ap_phi_reg_pp0_iter3_burst_20_reg_305      |   8|   0|    8|          0|
    |ap_phi_reg_pp0_iter3_burst_21_reg_294      |   8|   0|    8|          0|
    |ap_phi_reg_pp0_iter3_burst_22_reg_283      |   8|   0|    8|          0|
    |ap_phi_reg_pp0_iter3_burst_23_reg_272      |   8|   0|    8|          0|
    |ap_phi_reg_pp0_iter3_burst_24_reg_261      |   8|   0|    8|          0|
    |ap_phi_reg_pp0_iter3_burst_25_reg_250      |   8|   0|    8|          0|
    |ap_phi_reg_pp0_iter3_burst_26_reg_239      |   8|   0|    8|          0|
    |ap_phi_reg_pp0_iter3_burst_27_reg_228      |   8|   0|    8|          0|
    |ap_phi_reg_pp0_iter3_burst_28_reg_217      |   8|   0|    8|          0|
    |ap_phi_reg_pp0_iter3_burst_29_reg_206      |   8|   0|    8|          0|
    |ap_phi_reg_pp0_iter3_burst_30_reg_195      |   8|   0|    8|          0|
    |ap_phi_reg_pp0_iter3_burst_46_reg_536      |   8|   0|    8|          0|
    |ap_phi_reg_pp0_iter3_burst_47_reg_525      |   8|   0|    8|          0|
    |ap_phi_reg_pp0_iter3_burst_48_reg_514      |   8|   0|    8|          0|
    |ap_phi_reg_pp0_iter3_burst_49_reg_503      |   8|   0|    8|          0|
    |ap_phi_reg_pp0_iter3_burst_50_reg_492      |   8|   0|    8|          0|
    |ap_phi_reg_pp0_iter3_burst_51_reg_481      |   8|   0|    8|          0|
    |ap_phi_reg_pp0_iter3_burst_52_reg_470      |   8|   0|    8|          0|
    |ap_phi_reg_pp0_iter3_burst_53_reg_459      |   8|   0|    8|          0|
    |ap_phi_reg_pp0_iter3_burst_54_reg_448      |   8|   0|    8|          0|
    |ap_phi_reg_pp0_iter3_burst_55_reg_437      |   8|   0|    8|          0|
    |ap_phi_reg_pp0_iter3_burst_56_reg_426      |   8|   0|    8|          0|
    |ap_phi_reg_pp0_iter3_burst_57_reg_415      |   8|   0|    8|          0|
    |ap_phi_reg_pp0_iter3_burst_58_reg_404      |   8|   0|    8|          0|
    |ap_phi_reg_pp0_iter3_burst_59_reg_393      |   8|   0|    8|          0|
    |ap_phi_reg_pp0_iter3_burst_60_reg_382      |   8|   0|    8|          0|
    |ap_phi_reg_pp0_iter3_burst_61_reg_371      |   8|   0|    8|          0|
    |empty_50_reg_1156                          |   4|   0|    4|          0|
    |empty_50_reg_1156_pp0_iter1_reg            |   4|   0|    4|          0|
    |i_fu_134                                   |  31|   0|   31|          0|
    |icmp_ln107_reg_1147                        |   1|   0|    1|          0|
    |icmp_ln113_1_reg_1171                      |   1|   0|    1|          0|
    |icmp_ln113_reg_1167                        |   1|   0|    1|          0|
    |lshr_ln_reg_1151                           |  13|   0|   13|          0|
    |icmp_ln107_reg_1147                        |   4|   2|    1|          0|
    +-------------------------------------------+----+----+-----+-----------+
    |Total                                      | 837|   2|  834|          0|
    +-------------------------------------------+----+----+-----+-----------+



================================================================
== Interface
================================================================
* Summary: 
+-------------------------------+-----+-----+------------+---------------------------------+--------------+
|           RTL Ports           | Dir | Bits|  Protocol  |          Source Object          |    C Type    |
+-------------------------------+-----+-----+------------+---------------------------------+--------------+
|ap_clk                         |   in|    1|  ap_ctrl_hs|  store_Pipeline_VITIS_LOOP_107_2|  return value|
|ap_rst                         |   in|    1|  ap_ctrl_hs|  store_Pipeline_VITIS_LOOP_107_2|  return value|
|ap_start                       |   in|    1|  ap_ctrl_hs|  store_Pipeline_VITIS_LOOP_107_2|  return value|
|ap_done                        |  out|    1|  ap_ctrl_hs|  store_Pipeline_VITIS_LOOP_107_2|  return value|
|ap_idle                        |  out|    1|  ap_ctrl_hs|  store_Pipeline_VITIS_LOOP_107_2|  return value|
|ap_ready                       |  out|    1|  ap_ctrl_hs|  store_Pipeline_VITIS_LOOP_107_2|  return value|
|lastStream_1_dout              |   in|    1|     ap_fifo|                     lastStream_1|       pointer|
|lastStream_1_empty_n           |   in|    1|     ap_fifo|                     lastStream_1|       pointer|
|lastStream_1_read              |  out|    1|     ap_fifo|                     lastStream_1|       pointer|
|lastStream_1_num_data_valid    |   in|    3|     ap_fifo|                     lastStream_1|       pointer|
|lastStream_1_fifo_cap          |   in|    3|     ap_fifo|                     lastStream_1|       pointer|
|lastStream_dout                |   in|    1|     ap_fifo|                       lastStream|       pointer|
|lastStream_empty_n             |   in|    1|     ap_fifo|                       lastStream|       pointer|
|lastStream_read                |  out|    1|     ap_fifo|                       lastStream|       pointer|
|lastStream_num_data_valid      |   in|    3|     ap_fifo|                       lastStream|       pointer|
|lastStream_fifo_cap            |   in|    3|     ap_fifo|                       lastStream|       pointer|
|outputStream_0_dout            |   in|  128|     ap_fifo|                   outputStream_0|       pointer|
|outputStream_0_empty_n         |   in|    1|     ap_fifo|                   outputStream_0|       pointer|
|outputStream_0_read            |  out|    1|     ap_fifo|                   outputStream_0|       pointer|
|outputStream_0_num_data_valid  |   in|    3|     ap_fifo|                   outputStream_0|       pointer|
|outputStream_0_fifo_cap        |   in|    3|     ap_fifo|                   outputStream_0|       pointer|
|outputStream_1_dout            |   in|  128|     ap_fifo|                   outputStream_1|       pointer|
|outputStream_1_empty_n         |   in|    1|     ap_fifo|                   outputStream_1|       pointer|
|outputStream_1_read            |  out|    1|     ap_fifo|                   outputStream_1|       pointer|
|outputStream_1_num_data_valid  |   in|    3|     ap_fifo|                   outputStream_1|       pointer|
|outputStream_1_fifo_cap        |   in|    3|     ap_fifo|                   outputStream_1|       pointer|
|m_axi_gmem1_0_AWVALID          |  out|    1|       m_axi|                            gmem1|       pointer|
|m_axi_gmem1_0_AWREADY          |   in|    1|       m_axi|                            gmem1|       pointer|
|m_axi_gmem1_0_AWADDR           |  out|   64|       m_axi|                            gmem1|       pointer|
|m_axi_gmem1_0_AWID             |  out|    1|       m_axi|                            gmem1|       pointer|
|m_axi_gmem1_0_AWLEN            |  out|   32|       m_axi|                            gmem1|       pointer|
|m_axi_gmem1_0_AWSIZE           |  out|    3|       m_axi|                            gmem1|       pointer|
|m_axi_gmem1_0_AWBURST          |  out|    2|       m_axi|                            gmem1|       pointer|
|m_axi_gmem1_0_AWLOCK           |  out|    2|       m_axi|                            gmem1|       pointer|
|m_axi_gmem1_0_AWCACHE          |  out|    4|       m_axi|                            gmem1|       pointer|
|m_axi_gmem1_0_AWPROT           |  out|    3|       m_axi|                            gmem1|       pointer|
|m_axi_gmem1_0_AWQOS            |  out|    4|       m_axi|                            gmem1|       pointer|
|m_axi_gmem1_0_AWREGION         |  out|    4|       m_axi|                            gmem1|       pointer|
|m_axi_gmem1_0_AWUSER           |  out|    1|       m_axi|                            gmem1|       pointer|
|m_axi_gmem1_0_WVALID           |  out|    1|       m_axi|                            gmem1|       pointer|
|m_axi_gmem1_0_WREADY           |   in|    1|       m_axi|                            gmem1|       pointer|
|m_axi_gmem1_0_WDATA            |  out|  512|       m_axi|                            gmem1|       pointer|
|m_axi_gmem1_0_WSTRB            |  out|   64|       m_axi|                            gmem1|       pointer|
|m_axi_gmem1_0_WLAST            |  out|    1|       m_axi|                            gmem1|       pointer|
|m_axi_gmem1_0_WID              |  out|    1|       m_axi|                            gmem1|       pointer|
|m_axi_gmem1_0_WUSER            |  out|    1|       m_axi|                            gmem1|       pointer|
|m_axi_gmem1_0_ARVALID          |  out|    1|       m_axi|                            gmem1|       pointer|
|m_axi_gmem1_0_ARREADY          |   in|    1|       m_axi|                            gmem1|       pointer|
|m_axi_gmem1_0_ARADDR           |  out|   64|       m_axi|                            gmem1|       pointer|
|m_axi_gmem1_0_ARID             |  out|    1|       m_axi|                            gmem1|       pointer|
|m_axi_gmem1_0_ARLEN            |  out|   32|       m_axi|                            gmem1|       pointer|
|m_axi_gmem1_0_ARSIZE           |  out|    3|       m_axi|                            gmem1|       pointer|
|m_axi_gmem1_0_ARBURST          |  out|    2|       m_axi|                            gmem1|       pointer|
|m_axi_gmem1_0_ARLOCK           |  out|    2|       m_axi|                            gmem1|       pointer|
|m_axi_gmem1_0_ARCACHE          |  out|    4|       m_axi|                            gmem1|       pointer|
|m_axi_gmem1_0_ARPROT           |  out|    3|       m_axi|                            gmem1|       pointer|
|m_axi_gmem1_0_ARQOS            |  out|    4|       m_axi|                            gmem1|       pointer|
|m_axi_gmem1_0_ARREGION         |  out|    4|       m_axi|                            gmem1|       pointer|
|m_axi_gmem1_0_ARUSER           |  out|    1|       m_axi|                            gmem1|       pointer|
|m_axi_gmem1_0_RVALID           |   in|    1|       m_axi|                            gmem1|       pointer|
|m_axi_gmem1_0_RREADY           |  out|    1|       m_axi|                            gmem1|       pointer|
|m_axi_gmem1_0_RDATA            |   in|  512|       m_axi|                            gmem1|       pointer|
|m_axi_gmem1_0_RLAST            |   in|    1|       m_axi|                            gmem1|       pointer|
|m_axi_gmem1_0_RID              |   in|    1|       m_axi|                            gmem1|       pointer|
|m_axi_gmem1_0_RFIFONUM         |   in|    9|       m_axi|                            gmem1|       pointer|
|m_axi_gmem1_0_RUSER            |   in|    1|       m_axi|                            gmem1|       pointer|
|m_axi_gmem1_0_RRESP            |   in|    2|       m_axi|                            gmem1|       pointer|
|m_axi_gmem1_0_BVALID           |   in|    1|       m_axi|                            gmem1|       pointer|
|m_axi_gmem1_0_BREADY           |  out|    1|       m_axi|                            gmem1|       pointer|
|m_axi_gmem1_0_BRESP            |   in|    2|       m_axi|                            gmem1|       pointer|
|m_axi_gmem1_0_BID              |   in|    1|       m_axi|                            gmem1|       pointer|
|m_axi_gmem1_0_BUSER            |   in|    1|       m_axi|                            gmem1|       pointer|
|empty                          |   in|   32|   ap_stable|                            empty|        scalar|
|sext_ln107                     |   in|   58|     ap_none|                       sext_ln107|        scalar|
|nums_address0                  |  out|   13|   ap_memory|                             nums|         array|
|nums_ce0                       |  out|    1|   ap_memory|                             nums|         array|
|nums_q0                        |   in|   32|   ap_memory|                             nums|         array|
+-------------------------------+-----+-----+------------+---------------------------------+--------------+

