

================================================================
== Vitis HLS Report for 'filter_array_ap_ufixed_8_3_5_3_0_16ul_2_16_s'
================================================================
* Date:           Mon Feb 10 13:36:16 2025

* Version:        2024.2.1 (Build 5263293 on Dec 12 2024)
* Project:        harness
* Solution:       hls (Vitis Kernel Flow Target)
* Product family: versalaicore
* Target device:  xcvc1902-vsva2197-2MP-e-S


================================================================
== Performance Estimates
================================================================
+ Timing: 
    * Summary: 
    +--------+---------+----------+------------+
    |  Clock |  Target | Estimated| Uncertainty|
    +--------+---------+----------+------------+
    |ap_clk  |  3.03 ns|  1.433 ns|     0.82 ns|
    +--------+---------+----------+------------+

+ Latency: 
    * Summary: 
    +---------+---------+-----------+-----------+-----+-----+------------------------------------------------+
    |  Latency (cycles) |   Latency (absolute)  |  Interval |                    Pipeline                    |
    |   min   |   max   |    min    |    max    | min | max |                      Type                      |
    +---------+---------+-----------+-----------+-----+-----+------------------------------------------------+
    |       20|       20|  60.600 ns|  60.600 ns|   17|   17|  loop auto-rewind stp (delay=0 clock cycles(s))|
    +---------+---------+-----------+-----------+-----+-----+------------------------------------------------+

    + Detail: 
        * Instance: 
        N/A

        * Loop: 
        +-------------------+---------+---------+----------+-----------+-----------+------+----------+
        |                   |  Latency (cycles) | Iteration|  Initiation Interval  | Trip |          |
        |     Loop Name     |   min   |   max   |  Latency |  achieved |   target  | Count| Pipelined|
        +-------------------+---------+---------+----------+-----------+-----------+------+----------+
        |- VITIS_LOOP_60_1  |       18|       18|         4|          1|          1|    16|       yes|
        +-------------------+---------+---------+----------+-----------+-----------+------+----------+



================================================================
== Utilization Estimates
================================================================
* Summary: 
+-----------------+---------+------+---------+--------+-----+
|       Name      | BRAM_18K|  DSP |    FF   |   LUT  | URAM|
+-----------------+---------+------+---------+--------+-----+
|DSP              |        -|     -|        -|       -|    -|
|Expression       |        -|     -|        0|      71|    -|
|FIFO             |        -|     -|        -|       -|    -|
|Instance         |        -|     -|        -|       -|    -|
|Memory           |        -|     -|        -|       -|    -|
|Multiplexer      |        -|     -|        0|      31|    -|
|Register         |        -|     -|       67|       -|    -|
+-----------------+---------+------+---------+--------+-----+
|Total            |        0|     0|       67|     102|    0|
+-----------------+---------+------+---------+--------+-----+
|Available        |     1934|  1968|  1799680|  899840|  463|
+-----------------+---------+------+---------+--------+-----+
|Utilization (%)  |        0|     0|       ~0|      ~0|    0|
+-----------------+---------+------+---------+--------+-----+

+ Detail: 
    * Instance: 
    N/A

    * DSP: 
    N/A

    * Memory: 
    N/A

    * FIFO: 
    N/A

    * Expression: 
    +---------------------------------------+----------+----+---+----+------------+------------+
    |             Variable Name             | Operation| DSP| FF| LUT| Bitwidth P0| Bitwidth P1|
    +---------------------------------------+----------+----+---+----+------------+------------+
    |ii_2_fu_126_p2                         |         +|   0|  0|   6|           5|           1|
    |ap_block_state2_pp0_stage0_iter1_grp1  |       and|   0|  0|   2|           1|           1|
    |ap_condition_260                       |       and|   0|  0|   2|           1|           1|
    |ap_condition_436                       |       and|   0|  0|   2|           1|           1|
    |ap_condition_439                       |       and|   0|  0|   2|           1|           1|
    |ap_condition_444                       |       and|   0|  0|   2|           1|           1|
    |ap_condition_447                       |       and|   0|  0|   2|           1|           1|
    |cmp11_fu_144_p2                        |      icmp|   0|  0|   2|           5|           4|
    |icmp_ln60_fu_132_p2                    |      icmp|   0|  0|   3|           5|           6|
    |icmp_ln63_fu_138_p2                    |      icmp|   0|  0|   2|           5|           1|
    |icmp_ln70_1_fu_211_p2                  |      icmp|   0|  0|  16|          32|          32|
    |icmp_ln70_fu_193_p2                    |      icmp|   0|  0|  16|          32|          32|
    |ap_block_pp0_stage0_01001_grp1         |        or|   0|  0|   2|           1|           1|
    |ap_block_pp0_stage0_01001_grp2         |        or|   0|  0|   2|           1|           1|
    |ap_block_pp0_stage0_01001_grp3         |        or|   0|  0|   2|           1|           1|
    |ap_block_pp0_stage0_11001              |        or|   0|  0|   2|           1|           1|
    |ap_block_pp0_stage0_11001_grp0         |        or|   0|  0|   2|           1|           1|
    |ap_block_state4_pp0_stage0_iter3_grp1  |        or|   0|  0|   2|           1|           1|
    |ap_enable_pp0                          |       xor|   0|  0|   2|           1|           2|
    +---------------------------------------+----------+----+---+----+------------+------------+
    |Total                                  |          |   0|  0|  71|          97|          90|
    +---------------------------------------+----------+----+---+----+------------+------------+

    * Multiplexer: 
    +-----------------------------+----+-----------+-----+-----------+
    |             Name            | LUT| Input Size| Bits| Total Bits|
    +-----------------------------+----+-----------+-----+-----------+
    |ap_done_int                  |   1|          2|    1|          2|
    |ap_enable_reg_pp0_iter1      |   1|          2|    1|          2|
    |ap_predicate_pre_block_op37  |   1|          2|    1|          2|
    |ap_predicate_pre_block_op40  |   1|          2|    1|          2|
    |ap_predicate_pre_block_op43  |   1|          2|    1|          2|
    |ap_predicate_pre_block_op46  |   1|          2|    1|          2|
    |ap_sig_allocacmp_ii_1        |   8|          2|    5|         10|
    |dense11Stream_0_blk_n        |   1|          2|    1|          2|
    |dense11Stream_1_blk_n        |   1|          2|    1|          2|
    |ii_fu_58                     |   8|          2|    5|         10|
    |lastStream_0_blk_n           |   1|          3|    1|          3|
    |lastStream_0_din_local       |   1|          3|    1|          3|
    |lastStream_1_blk_n           |   1|          3|    1|          3|
    |lastStream_1_din_local       |   1|          3|    1|          3|
    |multicastNumStream_1_blk_n   |   1|          2|    1|          2|
    |outputStream_0_blk_n         |   1|          2|    1|          2|
    |outputStream_1_blk_n         |   1|          2|    1|          2|
    +-----------------------------+----+-----------+-----+-----------+
    |Total                        |  31|         38|   25|         54|
    +-----------------------------+----+-----------+-----+-----------+

    * Register: 
    +-------------------------------------------+----+----+-----+-----------+
    |                    Name                   | FF | LUT| Bits| Const Bits|
    +-------------------------------------------+----+----+-----+-----------+
    |ap_CS_fsm                                  |   1|   0|    1|          0|
    |ap_block_IOBlock_op37_n                    |   1|   0|    1|          0|
    |ap_block_IOBlock_op40_n                    |   1|   0|    1|          0|
    |ap_block_IOBlock_op43_n                    |   1|   0|    1|          0|
    |ap_block_IOBlock_op46_n                    |   1|   0|    1|          0|
    |ap_block_IOBlock_state2_reg_grp2           |   1|   0|    1|          0|
    |ap_block_IOBlock_state2_reg_grp3           |   1|   0|    1|          0|
    |ap_block_pp0_stage0_subdone_grp1_done_reg  |   1|   0|    1|          0|
    |ap_block_pp0_stage0_subdone_grp2_done_reg  |   1|   0|    1|          0|
    |ap_block_pp0_stage0_subdone_grp3_done_reg  |   1|   0|    1|          0|
    |ap_done_reg                                |   1|   0|    1|          0|
    |ap_enable_reg_pp0_iter1                    |   1|   0|    1|          0|
    |ap_enable_reg_pp0_iter2                    |   1|   0|    1|          0|
    |ap_enable_reg_pp0_iter3                    |   1|   0|    1|          0|
    |ap_loop_exit_ready_pp0_iter1_reg           |   1|   0|    1|          0|
    |ap_loop_exit_ready_pp0_iter2_reg           |   1|   0|    1|          0|
    |cmp11_reg_256                              |   1|   0|    1|          0|
    |icmp_ln63_reg_252                          |   1|   0|    1|          0|
    |icmp_ln70_1_reg_264                        |   1|   0|    1|          0|
    |icmp_ln70_reg_260                          |   1|   0|    1|          0|
    |ii_1_reg_242                               |   5|   0|    5|          0|
    |ii_1_reg_242_pp0_iter1_reg                 |   5|   0|    5|          0|
    |ii_fu_58                                   |   5|   0|    5|          0|
    |num_fu_62                                  |  32|   0|   32|          0|
    +-------------------------------------------+----+----+-----+-----------+
    |Total                                      |  67|   0|   67|          0|
    +-------------------------------------------+----+----+-----+-----------+



================================================================
== Interface
================================================================
* Summary: 
+-------------------------------------+-----+-----+------------+------------------------------------------------------+--------------+
|              RTL Ports              | Dir | Bits|  Protocol  |                     Source Object                    |    C Type    |
+-------------------------------------+-----+-----+------------+------------------------------------------------------+--------------+
|ap_clk                               |   in|    1|  ap_ctrl_hs|  filter<array<ap_ufixed<8, 3, 5, 3, 0>, 16ul>, 2, 16>|  return value|
|ap_rst                               |   in|    1|  ap_ctrl_hs|  filter<array<ap_ufixed<8, 3, 5, 3, 0>, 16ul>, 2, 16>|  return value|
|ap_start                             |   in|    1|  ap_ctrl_hs|  filter<array<ap_ufixed<8, 3, 5, 3, 0>, 16ul>, 2, 16>|  return value|
|ap_done                              |  out|    1|  ap_ctrl_hs|  filter<array<ap_ufixed<8, 3, 5, 3, 0>, 16ul>, 2, 16>|  return value|
|ap_continue                          |   in|    1|  ap_ctrl_hs|  filter<array<ap_ufixed<8, 3, 5, 3, 0>, 16ul>, 2, 16>|  return value|
|ap_idle                              |  out|    1|  ap_ctrl_hs|  filter<array<ap_ufixed<8, 3, 5, 3, 0>, 16ul>, 2, 16>|  return value|
|ap_ready                             |  out|    1|  ap_ctrl_hs|  filter<array<ap_ufixed<8, 3, 5, 3, 0>, 16ul>, 2, 16>|  return value|
|multicastNumStream_1_dout            |   in|   32|     ap_fifo|                                  multicastNumStream_1|       pointer|
|multicastNumStream_1_empty_n         |   in|    1|     ap_fifo|                                  multicastNumStream_1|       pointer|
|multicastNumStream_1_read            |  out|    1|     ap_fifo|                                  multicastNumStream_1|       pointer|
|multicastNumStream_1_num_data_valid  |   in|    6|     ap_fifo|                                  multicastNumStream_1|       pointer|
|multicastNumStream_1_fifo_cap        |   in|    6|     ap_fifo|                                  multicastNumStream_1|       pointer|
|lastStream_0_din                     |  out|    1|     ap_fifo|                                          lastStream_0|       pointer|
|lastStream_0_full_n                  |   in|    1|     ap_fifo|                                          lastStream_0|       pointer|
|lastStream_0_write                   |  out|    1|     ap_fifo|                                          lastStream_0|       pointer|
|lastStream_0_num_data_valid          |   in|   32|     ap_fifo|                                          lastStream_0|       pointer|
|lastStream_0_fifo_cap                |   in|   32|     ap_fifo|                                          lastStream_0|       pointer|
|lastStream_0_almost_full_n           |   in|    1|     ap_fifo|                                          lastStream_0|       pointer|
|lastStream_1_din                     |  out|    1|     ap_fifo|                                          lastStream_1|       pointer|
|lastStream_1_full_n                  |   in|    1|     ap_fifo|                                          lastStream_1|       pointer|
|lastStream_1_write                   |  out|    1|     ap_fifo|                                          lastStream_1|       pointer|
|lastStream_1_num_data_valid          |   in|   32|     ap_fifo|                                          lastStream_1|       pointer|
|lastStream_1_fifo_cap                |   in|   32|     ap_fifo|                                          lastStream_1|       pointer|
|lastStream_1_almost_full_n           |   in|    1|     ap_fifo|                                          lastStream_1|       pointer|
|dense11Stream_0_dout                 |   in|  128|     ap_fifo|                                       dense11Stream_0|       pointer|
|dense11Stream_0_empty_n              |   in|    1|     ap_fifo|                                       dense11Stream_0|       pointer|
|dense11Stream_0_read                 |  out|    1|     ap_fifo|                                       dense11Stream_0|       pointer|
|dense11Stream_0_num_data_valid       |   in|    3|     ap_fifo|                                       dense11Stream_0|       pointer|
|dense11Stream_0_fifo_cap             |   in|    3|     ap_fifo|                                       dense11Stream_0|       pointer|
|outputStream_0_din                   |  out|  128|     ap_fifo|                                        outputStream_0|       pointer|
|outputStream_0_full_n                |   in|    1|     ap_fifo|                                        outputStream_0|       pointer|
|outputStream_0_write                 |  out|    1|     ap_fifo|                                        outputStream_0|       pointer|
|outputStream_0_num_data_valid        |   in|   32|     ap_fifo|                                        outputStream_0|       pointer|
|outputStream_0_fifo_cap              |   in|   32|     ap_fifo|                                        outputStream_0|       pointer|
|dense11Stream_1_dout                 |   in|  128|     ap_fifo|                                       dense11Stream_1|       pointer|
|dense11Stream_1_empty_n              |   in|    1|     ap_fifo|                                       dense11Stream_1|       pointer|
|dense11Stream_1_read                 |  out|    1|     ap_fifo|                                       dense11Stream_1|       pointer|
|dense11Stream_1_num_data_valid       |   in|    3|     ap_fifo|                                       dense11Stream_1|       pointer|
|dense11Stream_1_fifo_cap             |   in|    3|     ap_fifo|                                       dense11Stream_1|       pointer|
|outputStream_1_din                   |  out|  128|     ap_fifo|                                        outputStream_1|       pointer|
|outputStream_1_full_n                |   in|    1|     ap_fifo|                                        outputStream_1|       pointer|
|outputStream_1_write                 |  out|    1|     ap_fifo|                                        outputStream_1|       pointer|
|outputStream_1_num_data_valid        |   in|   32|     ap_fifo|                                        outputStream_1|       pointer|
|outputStream_1_fifo_cap              |   in|   32|     ap_fifo|                                        outputStream_1|       pointer|
+-------------------------------------+-----+-----+------------+------------------------------------------------------+--------------+

